Task Mapping Simulation File created on: Thu Aug 11 15:12:31 2016

************************
TaskMapping File Reading
************************

App:   1, 500
Task:  1, 20, 2, 5, 15, 3, 9, 15, 4, 6
Task:  2, 15, 5, 10
Task:  3, 10, 6, 8
Task:  4, 13, 6, 10
Task:  5, 17, 7, 10
Task:  6, 15, 7, 9
Task:  7, 20, -1, 0
MAP:   1100, 1400, 1, 0, 2, 0, 3, 0, 4, 0, 5, 0, 6, 0, 7, 0
MAP:   1500, 1800, 1, 0, 2, 1, 3, 2, 4, 3, 5, 4, 6, 5, 7, 6
SIM:  100, 10, 10, 12

**************************
Task Mapping Configuration
**************************

app: 1, root_task: 1, min_restart: 500, leaf_task: 7
  task: 1, pb0 ( et: 20, st: 2, pl: 5 ), pb1 ( et: 15, st: 3, pl: 9 ), pb2 ( et: 15, st: 4, pl: 6 )
  task: 2, pb0 ( et: 15, st: 5, pl: 10 ), ant: 1
  task: 3, pb0 ( et: 10, st: 6, pl: 8 ), ant: 1
  task: 4, pb0 ( et: 13, st: 6, pl: 10 ), ant: 1
  task: 5, pb0 ( et: 17, st: 7, pl: 10 ), ant: 2
  task: 6, pb0 ( et: 15, st: 7, pl: 9 ), ant: 3, 4
  task: 7, pb0 ( et: 20, st: -1, pl: 0 ), ant: 5, 6

  mapping: 0, start: 1100, stop: 1400, task1(pe0), task2(pe0), task3(pe0), task4(pe0), task5(pe0), task6(pe0), task7(pe0)
  mapping: 1, start: 1500, stop: 1800, task1(pe0), task2(pe1), task3(pe2), task4(pe3), task5(pe4), task6(pe5), task7(pe6)

pe: 0
  start-stop: 1100-1400, app1,task1, app1,task2, app1,task3, app1,task4, app1,task5, app1,task6, app1,task7
  start-stop: 1500-1800, app1,task1
pe: 1
  start-stop: 1500-1800, app1,task2
pe: 2
  start-stop: 1500-1800, app1,task3
pe: 3
  start-stop: 1500-1800, app1,task4
pe: 4
  start-stop: 1500-1800, app1,task5
pe: 5
  start-stop: 1500-1800, app1,task6
pe: 6
  start-stop: 1500-1800, app1,task7

********************************
TaskMapping Simulation Execution
********************************

(00) @001090 pe000,app01,tsk01 -> being mapped to pe0.
(02) @001090 pe000,app01,tsk01 -> in sleeping state.
(00) @001090 pe000,app01,tsk02 -> being mapped to pe0.
(01) @001090 pe000,app01,tsk02 -> in waiting rx state.
(00) @001090 pe000,app01,tsk03 -> being mapped to pe0.
(01) @001090 pe000,app01,tsk03 -> in waiting rx state.
(00) @001090 pe000,app01,tsk04 -> being mapped to pe0.
(01) @001090 pe000,app01,tsk04 -> in waiting rx state.
(00) @001090 pe000,app01,tsk05 -> being mapped to pe0.
(01) @001090 pe000,app01,tsk05 -> in waiting rx state.
(00) @001090 pe000,app01,tsk06 -> being mapped to pe0.
(01) @001090 pe000,app01,tsk06 -> in waiting rx state.
(00) @001090 pe000,app01,tsk07 -> being mapped to pe0.
(01) @001090 pe000,app01,tsk07 -> in waiting rx state.
(03) @001100 pe000,app01,tsk01 -> in ready state.
(05) @001100 pe000,app01,tsk01 -> in context switching state.
(06) @001110 pe000,app01,tsk01 -> in running state.
(09) @001110 pe000,app01,tsk01 -> starts its execution with pb0.
(11) @001130 pe000,app01,tsk01 -> pb0 completes its processing.
(13) @001130 pe000,app01,tsk01 -> payload of pb0 is ready to be transferred.
(14) @001130 pe000,app01,tsk01 -> continues execution with pb1.
(15) @001131 pe000,app01,tsk01 -> payload of pb0 being transferred to task in the same pe.
(19) @001131 pe000,app01,tsk02 -> receives payload of pb0 (task1) from same PE.
(08) @001131 pe000,app01,tsk02 -> receives all antecedent payloads.
(03) @001131 pe000,app01,tsk02 -> in ready state.
(22) @001131 app01,tsk01->tsk02,latency -> acum_flits=0,last=0,min=0,max=0,avg=0
(11) @001145 pe000,app01,tsk01 -> pb1 completes its processing.
(13) @001145 pe000,app01,tsk01 -> payload of pb1 is ready to be transferred.
(14) @001145 pe000,app01,tsk01 -> continues execution with pb2.
(15) @001146 pe000,app01,tsk01 -> payload of pb1 being transferred to task in the same pe.
(19) @001146 pe000,app01,tsk03 -> receives payload of pb1 (task1) from same PE.
(08) @001146 pe000,app01,tsk03 -> receives all antecedent payloads.
(03) @001146 pe000,app01,tsk03 -> in ready state.
(22) @001146 app01,tsk01->tsk03,latency -> acum_flits=0,last=0,min=0,max=0,avg=0
(11) @001160 pe000,app01,tsk01 -> pb2 completes its processing.
(13) @001160 pe000,app01,tsk01 -> payload of pb2 is ready to be transferred.
(12) @001160 pe000,app01,tsk01 -> completes its pbs and releases the pe.
(02) @001160 pe000,app01,tsk01 -> in sleeping state.
(05) @001160 pe000,app01,tsk02 -> in context switching state.
(15) @001161 pe000,app01,tsk01 -> payload of pb2 being transferred to task in the same pe.
(19) @001161 pe000,app01,tsk04 -> receives payload of pb2 (task1) from same PE.
(08) @001161 pe000,app01,tsk04 -> receives all antecedent payloads.
(03) @001161 pe000,app01,tsk04 -> in ready state.
(22) @001161 app01,tsk01->tsk04,latency -> acum_flits=0,last=0,min=0,max=0,avg=0
(06) @001170 pe000,app01,tsk02 -> in running state.
(09) @001170 pe000,app01,tsk02 -> starts its execution with pb0.
(11) @001185 pe000,app01,tsk02 -> pb0 completes its processing.
(13) @001185 pe000,app01,tsk02 -> payload of pb0 is ready to be transferred.
(12) @001185 pe000,app01,tsk02 -> completes its pbs and releases the pe.
(01) @001185 pe000,app01,tsk02 -> in waiting rx state.
(05) @001185 pe000,app01,tsk03 -> in context switching state.
(15) @001186 pe000,app01,tsk02 -> payload of pb0 being transferred to task in the same pe.
(19) @001186 pe000,app01,tsk05 -> receives payload of pb0 (task2) from same PE.
(08) @001186 pe000,app01,tsk05 -> receives all antecedent payloads.
(03) @001186 pe000,app01,tsk05 -> in ready state.
(22) @001186 app01,tsk02->tsk05,latency -> acum_flits=0,last=0,min=0,max=0,avg=0
(06) @001195 pe000,app01,tsk03 -> in running state.
(09) @001195 pe000,app01,tsk03 -> starts its execution with pb0.
(11) @001205 pe000,app01,tsk03 -> pb0 completes its processing.
(13) @001205 pe000,app01,tsk03 -> payload of pb0 is ready to be transferred.
(12) @001205 pe000,app01,tsk03 -> completes its pbs and releases the pe.
(01) @001205 pe000,app01,tsk03 -> in waiting rx state.
(05) @001205 pe000,app01,tsk04 -> in context switching state.
(15) @001206 pe000,app01,tsk03 -> payload of pb0 being transferred to task in the same pe.
(19) @001206 pe000,app01,tsk06 -> receives payload of pb0 (task3) from same PE.
(22) @001206 app01,tsk03->tsk06,latency -> acum_flits=0,last=0,min=0,max=0,avg=0
(06) @001215 pe000,app01,tsk04 -> in running state.
(09) @001215 pe000,app01,tsk04 -> starts its execution with pb0.
(11) @001228 pe000,app01,tsk04 -> pb0 completes its processing.
(13) @001228 pe000,app01,tsk04 -> payload of pb0 is ready to be transferred.
(12) @001228 pe000,app01,tsk04 -> completes its pbs and releases the pe.
(01) @001228 pe000,app01,tsk04 -> in waiting rx state.
(05) @001228 pe000,app01,tsk05 -> in context switching state.
(15) @001229 pe000,app01,tsk04 -> payload of pb0 being transferred to task in the same pe.
(19) @001229 pe000,app01,tsk06 -> receives payload of pb0 (task4) from same PE.
(08) @001229 pe000,app01,tsk06 -> receives all antecedent payloads.
(03) @001229 pe000,app01,tsk06 -> in ready state.
(22) @001229 app01,tsk04->tsk06,latency -> acum_flits=0,last=0,min=0,max=0,avg=0
(06) @001238 pe000,app01,tsk05 -> in running state.
(09) @001238 pe000,app01,tsk05 -> starts its execution with pb0.
(11) @001255 pe000,app01,tsk05 -> pb0 completes its processing.
(13) @001255 pe000,app01,tsk05 -> payload of pb0 is ready to be transferred.
(12) @001255 pe000,app01,tsk05 -> completes its pbs and releases the pe.
(01) @001255 pe000,app01,tsk05 -> in waiting rx state.
(05) @001255 pe000,app01,tsk06 -> in context switching state.
(15) @001256 pe000,app01,tsk05 -> payload of pb0 being transferred to task in the same pe.
(19) @001256 pe000,app01,tsk07 -> receives payload of pb0 (task5) from same PE.
(22) @001256 app01,tsk05->tsk07,latency -> acum_flits=0,last=0,min=0,max=0,avg=0
(06) @001265 pe000,app01,tsk06 -> in running state.
(09) @001265 pe000,app01,tsk06 -> starts its execution with pb0.
(11) @001280 pe000,app01,tsk06 -> pb0 completes its processing.
(13) @001280 pe000,app01,tsk06 -> payload of pb0 is ready to be transferred.
(12) @001280 pe000,app01,tsk06 -> completes its pbs and releases the pe.
(01) @001280 pe000,app01,tsk06 -> in waiting rx state.
(15) @001281 pe000,app01,tsk06 -> payload of pb0 being transferred to task in the same pe.
(19) @001281 pe000,app01,tsk07 -> receives payload of pb0 (task6) from same PE.
(08) @001281 pe000,app01,tsk07 -> receives all antecedent payloads.
(03) @001281 pe000,app01,tsk07 -> in ready state.
(05) @001281 pe000,app01,tsk07 -> in context switching state.
(22) @001281 app01,tsk06->tsk07,latency -> acum_flits=0,last=0,min=0,max=0,avg=0
(06) @001291 pe000,app01,tsk07 -> in running state.
(09) @001291 pe000,app01,tsk07 -> starts its execution with pb0.
(11) @001311 pe000,app01,tsk07 -> pb0 completes its processing.
(23) @001311 app01,exectime -> acum_execs=1,last=201,min=201,max=201,avg=201
(24) @001311 app01,latency -> min=0,max=0,avg=0
(12) @001311 pe000,app01,tsk07 -> completes its pbs and releases the pe.
(01) @001311 pe000,app01,tsk07 -> in waiting rx state.
(07) @001400 pe000,app01,tsk02 -> stops and is unmapped at @1400 (root stopped at @1400).
(07) @001400 pe000,app01,tsk03 -> stops and is unmapped at @1400 (root stopped at @1400).
(07) @001400 pe000,app01,tsk04 -> stops and is unmapped at @1400 (root stopped at @1400).
(07) @001400 pe000,app01,tsk05 -> stops and is unmapped at @1400 (root stopped at @1400).
(07) @001400 pe000,app01,tsk06 -> stops and is unmapped at @1400 (root stopped at @1400).
(07) @001400 pe000,app01,tsk07 -> stops and is unmapped at @1400 (root stopped at @1400).
(07) @001400 pe000,app01,tsk01 -> stops and is unmapped at @1400 (expected at @1400).
(25) @001400 pe000,acum_cycles_performed -> contextswitching=70,taskexecution=140,pe_idle=100
(00) @001490 pe000,app01,tsk01 -> being mapped to pe0.
(02) @001490 pe000,app01,tsk01 -> in sleeping state.
(00) @001490 pe001,app01,tsk02 -> being mapped to pe1.
(01) @001490 pe001,app01,tsk02 -> in waiting rx state.
(00) @001490 pe002,app01,tsk03 -> being mapped to pe2.
(01) @001490 pe002,app01,tsk03 -> in waiting rx state.
(00) @001490 pe003,app01,tsk04 -> being mapped to pe3.
(01) @001490 pe003,app01,tsk04 -> in waiting rx state.
(00) @001490 pe004,app01,tsk05 -> being mapped to pe4.
(01) @001490 pe004,app01,tsk05 -> in waiting rx state.
(00) @001490 pe005,app01,tsk06 -> being mapped to pe5.
(01) @001490 pe005,app01,tsk06 -> in waiting rx state.
(00) @001490 pe006,app01,tsk07 -> being mapped to pe6.
(01) @001490 pe006,app01,tsk07 -> in waiting rx state.
(03) @001500 pe000,app01,tsk01 -> in ready state.
(05) @001500 pe000,app01,tsk01 -> in context switching state.
(06) @001510 pe000,app01,tsk01 -> in running state.
(09) @001510 pe000,app01,tsk01 -> starts its execution with pb0.
(11) @001530 pe000,app01,tsk01 -> pb0 completes its processing.
(13) @001530 pe000,app01,tsk01 -> payload of pb0 is ready to be transferred.
(14) @001530 pe000,app01,tsk01 -> continues execution with pb1.
(16) @001531 pe000,app01,tsk01 -> payload of pb0 being transferred to WNoC.
(18) @001539 pe000,app01,tsk01 -> payload of pb0 is out to WNoC.
(20) @001544 pe001,app01,tsk02 -> receives payload of pb0 (task1) from WNoC.
(08) @001544 pe001,app01,tsk02 -> receives all antecedent payloads.
(03) @001544 pe001,app01,tsk02 -> in ready state.
(05) @001544 pe001,app01,tsk02 -> in context switching state.
(22) @001544 app01,tsk01->tsk02,latency -> acum_flits=5,last=5,min=5,max=5,avg=5
(11) @001545 pe000,app01,tsk01 -> pb1 completes its processing.
(13) @001545 pe000,app01,tsk01 -> payload of pb1 is ready to be transferred.
(14) @001545 pe000,app01,tsk01 -> continues execution with pb2.
(16) @001546 pe000,app01,tsk01 -> payload of pb1 being transferred to WNoC.
(06) @001554 pe001,app01,tsk02 -> in running state.
(09) @001554 pe001,app01,tsk02 -> starts its execution with pb0.
(11) @001560 pe000,app01,tsk01 -> pb2 completes its processing.
(13) @001560 pe000,app01,tsk01 -> payload of pb2 is ready to be transferred.
(12) @001560 pe000,app01,tsk01 -> completes its pbs and releases the pe.
(02) @001560 pe000,app01,tsk01 -> in sleeping state.
(16) @001561 pe000,app01,tsk01 -> payload of pb2 being transferred to WNoC.
(18) @001562 pe000,app01,tsk01 -> payload of pb1 is out to WNoC.
(11) @001569 pe001,app01,tsk02 -> pb0 completes its processing.
(13) @001569 pe001,app01,tsk02 -> payload of pb0 is ready to be transferred.
(12) @001569 pe001,app01,tsk02 -> completes its pbs and releases the pe.
(01) @001569 pe001,app01,tsk02 -> in waiting rx state.
(20) @001569 pe002,app01,tsk03 -> receives payload of pb1 (task1) from WNoC.
(08) @001569 pe002,app01,tsk03 -> receives all antecedent payloads.
(03) @001569 pe002,app01,tsk03 -> in ready state.
(05) @001569 pe002,app01,tsk03 -> in context switching state.
(22) @001569 app01,tsk01->tsk03,latency -> acum_flits=9,last=7,min=7,max=7,avg=7
(16) @001570 pe001,app01,tsk02 -> payload of pb0 being transferred to WNoC.
(18) @001574 pe000,app01,tsk01 -> payload of pb2 is out to WNoC.
(06) @001579 pe002,app01,tsk03 -> in running state.
(09) @001579 pe002,app01,tsk03 -> starts its execution with pb0.
(20) @001583 pe003,app01,tsk04 -> receives payload of pb2 (task1) from WNoC.
(08) @001583 pe003,app01,tsk04 -> receives all antecedent payloads.
(03) @001583 pe003,app01,tsk04 -> in ready state.
(05) @001583 pe003,app01,tsk04 -> in context switching state.
(22) @001583 app01,tsk01->tsk04,latency -> acum_flits=6,last=9,min=9,max=9,avg=9
(18) @001588 pe001,app01,tsk02 -> payload of pb0 is out to WNoC.
(11) @001589 pe002,app01,tsk03 -> pb0 completes its processing.
(13) @001589 pe002,app01,tsk03 -> payload of pb0 is ready to be transferred.
(12) @001589 pe002,app01,tsk03 -> completes its pbs and releases the pe.
(01) @001589 pe002,app01,tsk03 -> in waiting rx state.
(16) @001590 pe002,app01,tsk03 -> payload of pb0 being transferred to WNoC.
(06) @001593 pe003,app01,tsk04 -> in running state.
(09) @001593 pe003,app01,tsk04 -> starts its execution with pb0.
(20) @001595 pe004,app01,tsk05 -> receives payload of pb0 (task2) from WNoC.
(08) @001595 pe004,app01,tsk05 -> receives all antecedent payloads.
(03) @001595 pe004,app01,tsk05 -> in ready state.
(05) @001595 pe004,app01,tsk05 -> in context switching state.
(22) @001595 app01,tsk02->tsk05,latency -> acum_flits=10,last=7,min=7,max=7,avg=7
(18) @001604 pe002,app01,tsk03 -> payload of pb0 is out to WNoC.
(06) @001605 pe004,app01,tsk05 -> in running state.
(09) @001605 pe004,app01,tsk05 -> starts its execution with pb0.
(11) @001606 pe003,app01,tsk04 -> pb0 completes its processing.
(13) @001606 pe003,app01,tsk04 -> payload of pb0 is ready to be transferred.
(12) @001606 pe003,app01,tsk04 -> completes its pbs and releases the pe.
(01) @001606 pe003,app01,tsk04 -> in waiting rx state.
(16) @001607 pe003,app01,tsk04 -> payload of pb0 being transferred to WNoC.
(20) @001611 pe005,app01,tsk06 -> receives payload of pb0 (task3) from WNoC.
(22) @001611 app01,tsk03->tsk06,latency -> acum_flits=8,last=7,min=7,max=7,avg=7
(11) @001622 pe004,app01,tsk05 -> pb0 completes its processing.
(13) @001622 pe004,app01,tsk05 -> payload of pb0 is ready to be transferred.
(12) @001622 pe004,app01,tsk05 -> completes its pbs and releases the pe.
(01) @001622 pe004,app01,tsk05 -> in waiting rx state.
(16) @001623 pe004,app01,tsk05 -> payload of pb0 being transferred to WNoC.
(18) @001625 pe003,app01,tsk04 -> payload of pb0 is out to WNoC.
(20) @001634 pe005,app01,tsk06 -> receives payload of pb0 (task4) from WNoC.
(08) @001634 pe005,app01,tsk06 -> receives all antecedent payloads.
(03) @001634 pe005,app01,tsk06 -> in ready state.
(05) @001634 pe005,app01,tsk06 -> in context switching state.
(22) @001634 app01,tsk04->tsk06,latency -> acum_flits=10,last=9,min=9,max=9,avg=9
(18) @001641 pe004,app01,tsk05 -> payload of pb0 is out to WNoC.
(06) @001644 pe005,app01,tsk06 -> in running state.
(09) @001644 pe005,app01,tsk06 -> starts its execution with pb0.
(20) @001648 pe006,app01,tsk07 -> receives payload of pb0 (task5) from WNoC.
(22) @001648 app01,tsk05->tsk07,latency -> acum_flits=10,last=7,min=7,max=7,avg=7
(11) @001659 pe005,app01,tsk06 -> pb0 completes its processing.
(13) @001659 pe005,app01,tsk06 -> payload of pb0 is ready to be transferred.
(12) @001659 pe005,app01,tsk06 -> completes its pbs and releases the pe.
(01) @001659 pe005,app01,tsk06 -> in waiting rx state.
(16) @001660 pe005,app01,tsk06 -> payload of pb0 being transferred to WNoC.
(18) @001676 pe005,app01,tsk06 -> payload of pb0 is out to WNoC.
(20) @001681 pe006,app01,tsk07 -> receives payload of pb0 (task6) from WNoC.
(08) @001681 pe006,app01,tsk07 -> receives all antecedent payloads.
(03) @001681 pe006,app01,tsk07 -> in ready state.
(05) @001681 pe006,app01,tsk07 -> in context switching state.
(22) @001681 app01,tsk06->tsk07,latency -> acum_flits=9,last=5,min=5,max=5,avg=5
(06) @001691 pe006,app01,tsk07 -> in running state.
(09) @001691 pe006,app01,tsk07 -> starts its execution with pb0.
(11) @001711 pe006,app01,tsk07 -> pb0 completes its processing.
(23) @001711 app01,exectime -> acum_execs=1,last=201,min=201,max=201,avg=201
(24) @001711 app01,latency -> min=23,max=23,avg=23
(12) @001711 pe006,app01,tsk07 -> completes its pbs and releases the pe.
(01) @001711 pe006,app01,tsk07 -> in waiting rx state.
(07) @001800 pe000,app01,tsk01 -> stops and is unmapped at @1800 (expected at @1800).
(25) @001800 pe000,acum_cycles_performed -> contextswitching=80,taskexecution=190,pe_idle=350
(07) @001800 pe001,app01,tsk02 -> stops and is unmapped at @1800 (root stopped at @1800).
(25) @001800 pe001,acum_cycles_performed -> contextswitching=10,taskexecution=15,pe_idle=285
(07) @001800 pe002,app01,tsk03 -> stops and is unmapped at @1800 (root stopped at @1800).
(25) @001800 pe002,acum_cycles_performed -> contextswitching=10,taskexecution=10,pe_idle=290
(07) @001800 pe003,app01,tsk04 -> stops and is unmapped at @1800 (root stopped at @1800).
(25) @001800 pe003,acum_cycles_performed -> contextswitching=10,taskexecution=13,pe_idle=287
(07) @001800 pe004,app01,tsk05 -> stops and is unmapped at @1800 (root stopped at @1800).
(25) @001800 pe004,acum_cycles_performed -> contextswitching=10,taskexecution=17,pe_idle=283
(07) @001800 pe005,app01,tsk06 -> stops and is unmapped at @1800 (root stopped at @1800).
(25) @001800 pe005,acum_cycles_performed -> contextswitching=10,taskexecution=15,pe_idle=285
(07) @001800 pe006,app01,tsk07 -> stops and is unmapped at @1800 (root stopped at @1800).
(25) @001800 pe006,acum_cycles_performed -> contextswitching=10,taskexecution=20,pe_idle=280

***********************
Task Mapping Statistics
***********************

*** App1 - Mapping0 ***
Execution Time for Completed Executions (from root to leaf) (executions,min,avg,max)=1,201,201,201
Latency per Branch for all Flits Transmitted (from start to stop) (flits,min,avg,max)
  br0: 1-2=0,0,0,0 -> 2-5=0,0,0,0 -> 5-7=0,0,0,0 -->> T=0,0,0,0
  br1: 1-3=0,0,0,0 -> 3-6=0,0,0,0 -> 6-7=0,0,0,0 -->> T=0,0,0,0
  br2: 1-4=0,0,0,0 -> 4-6=0,0,0,0 -> 6-7=0,0,0,0 -->> T=0,0,0,0
Critical Branch Latency for Completed Executions (from root to leaf) (flits,min,avg,max)=0,0,0,0

*** App1 - Mapping1 ***
Execution Time for Completed Executions (from root to leaf) (executions,min,avg,max)=1,201,201,201
Latency per Branch for all Flits Transmitted (from start to stop) (flits,min,avg,max)
  br0: 1-2=5,5,5,5 -> 2-5=10,7,7,7 -> 5-7=10,7,7,7 -->> T=25,19,19,19
  br1: 1-3=9,7,7,7 -> 3-6=8,7,7,7 -> 6-7=9,5,5,5 -->> T=26,19,19,19
  br2: 1-4=6,9,9,9 -> 4-6=10,9,9,9 -> 6-7=9,5,5,5 -->> T=25,23,23,23
Critical Branch Latency for Completed Executions (from root to leaf) (flits,min,avg,max)=25,23,23,23


*** pe: 0 ***
Total Context Switching Cycles=80
Total Task Execution Cycles=190
Total PE Idle Cycles=350
Total Mapped Task Cycles=620
Total Mapped Task Cycles (expected)=620
Total Energy (J)=0.000120766
      Context Switching Energy (J)=3.576e-05
      Task Execution Energy (J)=8.493e-05
      Idle Energy (J)=7.63e-08

*** pe: 1 ***
Total Context Switching Cycles=10
Total Task Execution Cycles=15
Total PE Idle Cycles=285
Total Mapped Task Cycles=310
Total Mapped Task Cycles (expected)=310
Total Energy (J)=1.12371e-05
      Context Switching Energy (J)=4.47e-06
      Task Execution Energy (J)=6.705e-06
      Idle Energy (J)=6.213e-08

*** pe: 2 ***
Total Context Switching Cycles=10
Total Task Execution Cycles=10
Total PE Idle Cycles=290
Total Mapped Task Cycles=310
Total Mapped Task Cycles (expected)=310
Total Energy (J)=9.00322e-06
      Context Switching Energy (J)=4.47e-06
      Task Execution Energy (J)=4.47e-06
      Idle Energy (J)=6.322e-08

*** pe: 3 ***
Total Context Switching Cycles=10
Total Task Execution Cycles=13
Total PE Idle Cycles=287
Total Mapped Task Cycles=310
Total Mapped Task Cycles (expected)=310
Total Energy (J)=1.03436e-05
      Context Switching Energy (J)=4.47e-06
      Task Execution Energy (J)=5.811e-06
      Idle Energy (J)=6.2566e-08

*** pe: 4 ***
Total Context Switching Cycles=10
Total Task Execution Cycles=17
Total PE Idle Cycles=283
Total Mapped Task Cycles=310
Total Mapped Task Cycles (expected)=310
Total Energy (J)=1.21307e-05
      Context Switching Energy (J)=4.47e-06
      Task Execution Energy (J)=7.599e-06
      Idle Energy (J)=6.1694e-08

*** pe: 5 ***
Total Context Switching Cycles=10
Total Task Execution Cycles=15
Total PE Idle Cycles=285
Total Mapped Task Cycles=310
Total Mapped Task Cycles (expected)=310
Total Energy (J)=1.12371e-05
      Context Switching Energy (J)=4.47e-06
      Task Execution Energy (J)=6.705e-06
      Idle Energy (J)=6.213e-08

*** pe: 6 ***
Total Context Switching Cycles=10
Total Task Execution Cycles=20
Total PE Idle Cycles=280
Total Mapped Task Cycles=310
Total Mapped Task Cycles (expected)=310
Total Energy (J)=1.3471e-05
      Context Switching Energy (J)=4.47e-06
      Task Execution Energy (J)=8.94e-06
      Idle Energy (J)=6.104e-08

*** pe overall ***
Total Context Switching Cycles=140
Total Task Execution Cycles=280
Total PE Idle Cycles=2060
Total Mapped Task Cycles=2480
Total Energy (J)=0.000188189
      Context Switching Energy (J)=6.258e-05
      Task Execution Energy (J)=0.00012516
      Idle Energy (J)=4.4908e-07


***************
WNoC Statistics
***************

% Total received packets: 8
% Total received flits: 67
% Received/Ideal flits Ratio: 5.98214e-05
% Average wireless utilization: 0
% Global average delay (cycles): 6
% Max delay (cycles): 8
% Network throughput (flits/cycle): 0.00957143
% Average IP throughput (flits/cycle/IP): 0.000598214
% Total energy (J): 2.70633e-06
% 	Dynamic energy (J): 1.23056e-09
% 	Static energy (J): 2.7051e-06

