Task Mapping Simulation File created on: Fri Oct 21 11:41:11 2016

************************
TaskMapping File Reading
************************

App:   1, 200
Task:  1, 150, 2, 15, 20, 3, 10
Task:  2, 200, 4, 20
Task:  3, 225, 4, 25
Task:  4, 200, -1, 0
MAP:   1100, 6000, 1, 0, 2, 0, 3, 0, 4, 0
MAP:   6100, 9000, 1, 0, 2, 1, 3, 2, 4, 3
App:   2, 200
Task:  1, 150, 2, 15, 20, 3, 10
Task:  2, 200, 4, 20
Task:  3, 225, 4, 25
Task:  4, 200, -1, 0
MAP:   1500, 7000, 1, 0, 2, 0, 3, 0, 4, 0
MAP:   7100, 9500, 1, 0, 2, 1, 3, 2, 4, 3
App:   3, 200
Task:  1, 150, 2, 15, 20, 3, 10
Task:  2, 200, 4, 20
Task:  3, 225, 4, 25
Task:  4, 200, -1, 0
MAP:   1600, 7050, 1, 0, 2, 0, 3, 0, 4, 0
MAP:   7200, 9800, 1, 0, 2, 1, 3, 2, 4, 3
SIM:  100, 10, 10, 12

**************************
Task Mapping Configuration
**************************

app: 1, root_task: 1, min_restart: 200, leaf_task: 4
  task: 1, pb0 ( et: 150, st: 2, pl: 15 ), pb1 ( et: 20, st: 3, pl: 10 )
  task: 2, pb0 ( et: 200, st: 4, pl: 20 ), ant: 1
  task: 3, pb0 ( et: 225, st: 4, pl: 25 ), ant: 1
  task: 4, pb0 ( et: 200, st: -1, pl: 0 ), ant: 2, 3

  mapping: 0, start: 1100, stop: 6000, task1(pe0), task2(pe0), task3(pe0), task4(pe0)
  mapping: 1, start: 6100, stop: 9000, task1(pe0), task2(pe1), task3(pe2), task4(pe3)

app: 2, root_task: 1, min_restart: 200, leaf_task: 4
  task: 1, pb0 ( et: 150, st: 2, pl: 15 ), pb1 ( et: 20, st: 3, pl: 10 )
  task: 2, pb0 ( et: 200, st: 4, pl: 20 ), ant: 1
  task: 3, pb0 ( et: 225, st: 4, pl: 25 ), ant: 1
  task: 4, pb0 ( et: 200, st: -1, pl: 0 ), ant: 2, 3

  mapping: 0, start: 1500, stop: 7000, task1(pe0), task2(pe0), task3(pe0), task4(pe0)
  mapping: 1, start: 7100, stop: 9500, task1(pe0), task2(pe1), task3(pe2), task4(pe3)

app: 3, root_task: 1, min_restart: 200, leaf_task: 4
  task: 1, pb0 ( et: 150, st: 2, pl: 15 ), pb1 ( et: 20, st: 3, pl: 10 )
  task: 2, pb0 ( et: 200, st: 4, pl: 20 ), ant: 1
  task: 3, pb0 ( et: 225, st: 4, pl: 25 ), ant: 1
  task: 4, pb0 ( et: 200, st: -1, pl: 0 ), ant: 2, 3

  mapping: 0, start: 1600, stop: 7050, task1(pe0), task2(pe0), task3(pe0), task4(pe0)
  mapping: 1, start: 7200, stop: 9800, task1(pe0), task2(pe1), task3(pe2), task4(pe3)

pe: 0
  start-stop: 1100-6000, app1,task1, app1,task2, app1,task3, app1,task4
  start-stop: 1500-7000, app2,task1, app2,task2, app2,task3, app2,task4
  start-stop: 1600-7050, app3,task1, app3,task2, app3,task3, app3,task4
  start-stop: 6100-9000, app1,task1
  start-stop: 7100-9500, app2,task1
  start-stop: 7200-9800, app3,task1
pe: 1
  start-stop: 6100-9000, app1,task2
  start-stop: 7100-9500, app2,task2
  start-stop: 7200-9800, app3,task2
pe: 2
  start-stop: 6100-9000, app1,task3
  start-stop: 7100-9500, app2,task3
  start-stop: 7200-9800, app3,task3
pe: 3
  start-stop: 6100-9000, app1,task4
  start-stop: 7100-9500, app2,task4
  start-stop: 7200-9800, app3,task4

********************************
TaskMapping Simulation Execution
********************************

(00) @001090 pe000,app01,tsk01 -> being mapped to pe0.
(02) @001090 pe000,app01,tsk01 -> in sleeping state.
(00) @001090 pe000,app01,tsk02 -> being mapped to pe0.
(01) @001090 pe000,app01,tsk02 -> in waiting rx state.
(00) @001090 pe000,app01,tsk03 -> being mapped to pe0.
(01) @001090 pe000,app01,tsk03 -> in waiting rx state.
(00) @001090 pe000,app01,tsk04 -> being mapped to pe0.
(01) @001090 pe000,app01,tsk04 -> in waiting rx state.
(03) @001100 pe000,app01,tsk01 -> in ready state.
(05) @001100 pe000,app01,tsk01 -> in context switching state.
(06) @001110 pe000,app01,tsk01 -> in running state.
(09) @001110 pe000,app01,tsk01 -> starts its execution with pb0.
(11) @001260 pe000,app01,tsk01 -> pb0 completes its processing.
(13) @001260 pe000,app01,tsk01 -> payload of pb0 is ready to be transferred.
(14) @001260 pe000,app01,tsk01 -> continues execution with pb1.
(15) @001261 pe000,app01,tsk01 -> payload of pb0 being transferred to task in the same pe.
(19) @001261 pe000,app01,tsk02 -> receives payload of pb0 (task1) from same PE.
(08) @001261 pe000,app01,tsk02 -> receives all antecedent payloads.
(03) @001261 pe000,app01,tsk02 -> in ready state.
(11) @001280 pe000,app01,tsk01 -> pb1 completes its processing.
(13) @001280 pe000,app01,tsk01 -> payload of pb1 is ready to be transferred.
(12) @001280 pe000,app01,tsk01 -> completes its pbs and releases the pe.
(02) @001280 pe000,app01,tsk01 -> in sleeping state.
(05) @001280 pe000,app01,tsk02 -> in context switching state.
(15) @001281 pe000,app01,tsk01 -> payload of pb1 being transferred to task in the same pe.
(19) @001281 pe000,app01,tsk03 -> receives payload of pb1 (task1) from same PE.
(08) @001281 pe000,app01,tsk03 -> receives all antecedent payloads.
(03) @001281 pe000,app01,tsk03 -> in ready state.
(06) @001290 pe000,app01,tsk02 -> in running state.
(09) @001290 pe000,app01,tsk02 -> starts its execution with pb0.
(04) @001390 pe000,app01,tsk02 -> in ready state due to context switching.
(05) @001390 pe000,app01,tsk03 -> in context switching state.
(06) @001400 pe000,app01,tsk03 -> in running state.
(09) @001400 pe000,app01,tsk03 -> starts its execution with pb0.
(03) @001480 pe000,app01,tsk01 -> in ready state.
(00) @001490 pe000,app02,tsk01 -> being mapped to pe0.
(02) @001490 pe000,app02,tsk01 -> in sleeping state.
(00) @001490 pe000,app02,tsk02 -> being mapped to pe0.
(01) @001490 pe000,app02,tsk02 -> in waiting rx state.
(00) @001490 pe000,app02,tsk03 -> being mapped to pe0.
(01) @001490 pe000,app02,tsk03 -> in waiting rx state.
(00) @001490 pe000,app02,tsk04 -> being mapped to pe0.
(01) @001490 pe000,app02,tsk04 -> in waiting rx state.
(03) @001500 pe000,app02,tsk01 -> in ready state.
(04) @001500 pe000,app01,tsk03 -> in ready state due to context switching.
(05) @001500 pe000,app01,tsk02 -> in context switching state.
(06) @001510 pe000,app01,tsk02 -> in running state.
(10) @001510 pe000,app01,tsk02 -> continues its execution with pb0.
(00) @001590 pe000,app03,tsk01 -> being mapped to pe0.
(02) @001590 pe000,app03,tsk01 -> in sleeping state.
(00) @001590 pe000,app03,tsk02 -> being mapped to pe0.
(01) @001590 pe000,app03,tsk02 -> in waiting rx state.
(00) @001590 pe000,app03,tsk03 -> being mapped to pe0.
(01) @001590 pe000,app03,tsk03 -> in waiting rx state.
(00) @001590 pe000,app03,tsk04 -> being mapped to pe0.
(01) @001590 pe000,app03,tsk04 -> in waiting rx state.
(03) @001600 pe000,app03,tsk01 -> in ready state.
(04) @001610 pe000,app01,tsk02 -> in ready state due to context switching.
(05) @001610 pe000,app01,tsk01 -> in context switching state.
(06) @001620 pe000,app01,tsk01 -> in running state.
(09) @001620 pe000,app01,tsk01 -> starts its execution with pb0.
(04) @001720 pe000,app01,tsk01 -> in ready state due to context switching.
(05) @001720 pe000,app02,tsk01 -> in context switching state.
(06) @001730 pe000,app02,tsk01 -> in running state.
(09) @001730 pe000,app02,tsk01 -> starts its execution with pb0.
(04) @001830 pe000,app02,tsk01 -> in ready state due to context switching.
(05) @001830 pe000,app01,tsk03 -> in context switching state.
(06) @001840 pe000,app01,tsk03 -> in running state.
(10) @001840 pe000,app01,tsk03 -> continues its execution with pb0.
(04) @001940 pe000,app01,tsk03 -> in ready state due to context switching.
(05) @001940 pe000,app03,tsk01 -> in context switching state.
(06) @001950 pe000,app03,tsk01 -> in running state.
(09) @001950 pe000,app03,tsk01 -> starts its execution with pb0.
(04) @002050 pe000,app03,tsk01 -> in ready state due to context switching.
(05) @002050 pe000,app01,tsk02 -> in context switching state.
(06) @002060 pe000,app01,tsk02 -> in running state.
(10) @002060 pe000,app01,tsk02 -> continues its execution with pb0.
(11) @002060 pe000,app01,tsk02 -> pb0 completes its processing.
(13) @002060 pe000,app01,tsk02 -> payload of pb0 is ready to be transferred.
(12) @002060 pe000,app01,tsk02 -> completes its pbs and releases the pe.
(01) @002060 pe000,app01,tsk02 -> in waiting rx state.
(05) @002060 pe000,app01,tsk01 -> in context switching state.
(15) @002061 pe000,app01,tsk02 -> payload of pb0 being transferred to task in the same pe.
(19) @002061 pe000,app01,tsk04 -> receives payload of pb0 (task2) from same PE.
(06) @002070 pe000,app01,tsk01 -> in running state.
(10) @002070 pe000,app01,tsk01 -> continues its execution with pb0.
(11) @002120 pe000,app01,tsk01 -> pb0 completes its processing.
(13) @002120 pe000,app01,tsk01 -> payload of pb0 is ready to be transferred.
(14) @002120 pe000,app01,tsk01 -> continues execution with pb1.
(15) @002121 pe000,app01,tsk01 -> payload of pb0 being transferred to task in the same pe.
(19) @002121 pe000,app01,tsk02 -> receives payload of pb0 (task1) from same PE.
(08) @002121 pe000,app01,tsk02 -> receives all antecedent payloads.
(03) @002121 pe000,app01,tsk02 -> in ready state.
(11) @002140 pe000,app01,tsk01 -> pb1 completes its processing.
(13) @002140 pe000,app01,tsk01 -> payload of pb1 is ready to be transferred.
(12) @002140 pe000,app01,tsk01 -> completes its pbs and releases the pe.
(02) @002140 pe000,app01,tsk01 -> in sleeping state.
(05) @002140 pe000,app02,tsk01 -> in context switching state.
(15) @002141 pe000,app01,tsk01 -> payload of pb1 being transferred to task in the same pe.
(19) @002141 pe000,app01,tsk03 -> receives payload of pb1 (task1) from same PE.
(06) @002150 pe000,app02,tsk01 -> in running state.
(10) @002150 pe000,app02,tsk01 -> continues its execution with pb0.
(11) @002200 pe000,app02,tsk01 -> pb0 completes its processing.
(13) @002200 pe000,app02,tsk01 -> payload of pb0 is ready to be transferred.
(14) @002200 pe000,app02,tsk01 -> continues execution with pb1.
(15) @002201 pe000,app02,tsk01 -> payload of pb0 being transferred to task in the same pe.
(19) @002201 pe000,app02,tsk02 -> receives payload of pb0 (task1) from same PE.
(08) @002201 pe000,app02,tsk02 -> receives all antecedent payloads.
(03) @002201 pe000,app02,tsk02 -> in ready state.
(11) @002220 pe000,app02,tsk01 -> pb1 completes its processing.
(13) @002220 pe000,app02,tsk01 -> payload of pb1 is ready to be transferred.
(12) @002220 pe000,app02,tsk01 -> completes its pbs and releases the pe.
(02) @002220 pe000,app02,tsk01 -> in sleeping state.
(05) @002220 pe000,app01,tsk03 -> in context switching state.
(15) @002221 pe000,app02,tsk01 -> payload of pb1 being transferred to task in the same pe.
(19) @002221 pe000,app02,tsk03 -> receives payload of pb1 (task1) from same PE.
(08) @002221 pe000,app02,tsk03 -> receives all antecedent payloads.
(03) @002221 pe000,app02,tsk03 -> in ready state.
(06) @002230 pe000,app01,tsk03 -> in running state.
(10) @002230 pe000,app01,tsk03 -> continues its execution with pb0.
(11) @002255 pe000,app01,tsk03 -> pb0 completes its processing.
(13) @002255 pe000,app01,tsk03 -> payload of pb0 is ready to be transferred.
(12) @002255 pe000,app01,tsk03 -> completes its pbs and releases the pe.
(08) @002255 pe000,app01,tsk03 -> receives all antecedent payloads.
(03) @002255 pe000,app01,tsk03 -> in ready state.
(05) @002255 pe000,app03,tsk01 -> in context switching state.
(15) @002256 pe000,app01,tsk03 -> payload of pb0 being transferred to task in the same pe.
(19) @002256 pe000,app01,tsk04 -> receives payload of pb0 (task3) from same PE.
(08) @002256 pe000,app01,tsk04 -> receives all antecedent payloads.
(03) @002256 pe000,app01,tsk04 -> in ready state.
(06) @002265 pe000,app03,tsk01 -> in running state.
(10) @002265 pe000,app03,tsk01 -> continues its execution with pb0.
(11) @002315 pe000,app03,tsk01 -> pb0 completes its processing.
(13) @002315 pe000,app03,tsk01 -> payload of pb0 is ready to be transferred.
(14) @002315 pe000,app03,tsk01 -> continues execution with pb1.
(15) @002316 pe000,app03,tsk01 -> payload of pb0 being transferred to task in the same pe.
(19) @002316 pe000,app03,tsk02 -> receives payload of pb0 (task1) from same PE.
(08) @002316 pe000,app03,tsk02 -> receives all antecedent payloads.
(03) @002316 pe000,app03,tsk02 -> in ready state.
(11) @002335 pe000,app03,tsk01 -> pb1 completes its processing.
(13) @002335 pe000,app03,tsk01 -> payload of pb1 is ready to be transferred.
(12) @002335 pe000,app03,tsk01 -> completes its pbs and releases the pe.
(02) @002335 pe000,app03,tsk01 -> in sleeping state.
(05) @002335 pe000,app01,tsk02 -> in context switching state.
(15) @002336 pe000,app03,tsk01 -> payload of pb1 being transferred to task in the same pe.
(19) @002336 pe000,app03,tsk03 -> receives payload of pb1 (task1) from same PE.
(08) @002336 pe000,app03,tsk03 -> receives all antecedent payloads.
(03) @002336 pe000,app03,tsk03 -> in ready state.
(03) @002340 pe000,app01,tsk01 -> in ready state.
(06) @002345 pe000,app01,tsk02 -> in running state.
(09) @002345 pe000,app01,tsk02 -> starts its execution with pb0.
(03) @002420 pe000,app02,tsk01 -> in ready state.
(04) @002445 pe000,app01,tsk02 -> in ready state due to context switching.
(05) @002445 pe000,app02,tsk02 -> in context switching state.
(06) @002455 pe000,app02,tsk02 -> in running state.
(09) @002455 pe000,app02,tsk02 -> starts its execution with pb0.
(03) @002535 pe000,app03,tsk01 -> in ready state.
(04) @002555 pe000,app02,tsk02 -> in ready state due to context switching.
(05) @002555 pe000,app02,tsk03 -> in context switching state.
(06) @002565 pe000,app02,tsk03 -> in running state.
(09) @002565 pe000,app02,tsk03 -> starts its execution with pb0.
(04) @002665 pe000,app02,tsk03 -> in ready state due to context switching.
(05) @002665 pe000,app01,tsk03 -> in context switching state.
(06) @002675 pe000,app01,tsk03 -> in running state.
(09) @002675 pe000,app01,tsk03 -> starts its execution with pb0.
(04) @002775 pe000,app01,tsk03 -> in ready state due to context switching.
(05) @002775 pe000,app01,tsk04 -> in context switching state.
(06) @002785 pe000,app01,tsk04 -> in running state.
(09) @002785 pe000,app01,tsk04 -> starts its execution with pb0.
(04) @002885 pe000,app01,tsk04 -> in ready state due to context switching.
(05) @002885 pe000,app03,tsk02 -> in context switching state.
(06) @002895 pe000,app03,tsk02 -> in running state.
(09) @002895 pe000,app03,tsk02 -> starts its execution with pb0.
(04) @002995 pe000,app03,tsk02 -> in ready state due to context switching.
(05) @002995 pe000,app03,tsk03 -> in context switching state.
(06) @003005 pe000,app03,tsk03 -> in running state.
(09) @003005 pe000,app03,tsk03 -> starts its execution with pb0.
(04) @003105 pe000,app03,tsk03 -> in ready state due to context switching.
(05) @003105 pe000,app01,tsk01 -> in context switching state.
(06) @003115 pe000,app01,tsk01 -> in running state.
(09) @003115 pe000,app01,tsk01 -> starts its execution with pb0.
(04) @003215 pe000,app01,tsk01 -> in ready state due to context switching.
(05) @003215 pe000,app02,tsk01 -> in context switching state.
(06) @003225 pe000,app02,tsk01 -> in running state.
(09) @003225 pe000,app02,tsk01 -> starts its execution with pb0.
(04) @003325 pe000,app02,tsk01 -> in ready state due to context switching.
(05) @003325 pe000,app01,tsk02 -> in context switching state.
(06) @003335 pe000,app01,tsk02 -> in running state.
(10) @003335 pe000,app01,tsk02 -> continues its execution with pb0.
(04) @003435 pe000,app01,tsk02 -> in ready state due to context switching.
(05) @003435 pe000,app03,tsk01 -> in context switching state.
(06) @003445 pe000,app03,tsk01 -> in running state.
(09) @003445 pe000,app03,tsk01 -> starts its execution with pb0.
(04) @003545 pe000,app03,tsk01 -> in ready state due to context switching.
(05) @003545 pe000,app02,tsk02 -> in context switching state.
(06) @003555 pe000,app02,tsk02 -> in running state.
(10) @003555 pe000,app02,tsk02 -> continues its execution with pb0.
(04) @003655 pe000,app02,tsk02 -> in ready state due to context switching.
(05) @003655 pe000,app02,tsk03 -> in context switching state.
(06) @003665 pe000,app02,tsk03 -> in running state.
(10) @003665 pe000,app02,tsk03 -> continues its execution with pb0.
(04) @003765 pe000,app02,tsk03 -> in ready state due to context switching.
(05) @003765 pe000,app01,tsk03 -> in context switching state.
(06) @003775 pe000,app01,tsk03 -> in running state.
(10) @003775 pe000,app01,tsk03 -> continues its execution with pb0.
(04) @003875 pe000,app01,tsk03 -> in ready state due to context switching.
(05) @003875 pe000,app01,tsk04 -> in context switching state.
(06) @003885 pe000,app01,tsk04 -> in running state.
(10) @003885 pe000,app01,tsk04 -> continues its execution with pb0.
(04) @003985 pe000,app01,tsk04 -> in ready state due to context switching.
(05) @003985 pe000,app03,tsk02 -> in context switching state.
(06) @003995 pe000,app03,tsk02 -> in running state.
(10) @003995 pe000,app03,tsk02 -> continues its execution with pb0.
(04) @004095 pe000,app03,tsk02 -> in ready state due to context switching.
(05) @004095 pe000,app03,tsk03 -> in context switching state.
(06) @004105 pe000,app03,tsk03 -> in running state.
(10) @004105 pe000,app03,tsk03 -> continues its execution with pb0.
(04) @004205 pe000,app03,tsk03 -> in ready state due to context switching.
(05) @004205 pe000,app01,tsk01 -> in context switching state.
(06) @004215 pe000,app01,tsk01 -> in running state.
(10) @004215 pe000,app01,tsk01 -> continues its execution with pb0.
(11) @004265 pe000,app01,tsk01 -> pb0 completes its processing.
(13) @004265 pe000,app01,tsk01 -> payload of pb0 is ready to be transferred.
(14) @004265 pe000,app01,tsk01 -> continues execution with pb1.
(15) @004266 pe000,app01,tsk01 -> payload of pb0 being transferred to task in the same pe.
(19) @004266 pe000,app01,tsk02 -> receives payload of pb0 (task1) from same PE.
(11) @004285 pe000,app01,tsk01 -> pb1 completes its processing.
(13) @004285 pe000,app01,tsk01 -> payload of pb1 is ready to be transferred.
(12) @004285 pe000,app01,tsk01 -> completes its pbs and releases the pe.
(02) @004285 pe000,app01,tsk01 -> in sleeping state.
(05) @004285 pe000,app02,tsk01 -> in context switching state.
(15) @004286 pe000,app01,tsk01 -> payload of pb1 being transferred to task in the same pe.
(19) @004286 pe000,app01,tsk03 -> receives payload of pb1 (task1) from same PE.
(06) @004295 pe000,app02,tsk01 -> in running state.
(10) @004295 pe000,app02,tsk01 -> continues its execution with pb0.
(11) @004345 pe000,app02,tsk01 -> pb0 completes its processing.
(13) @004345 pe000,app02,tsk01 -> payload of pb0 is ready to be transferred.
(14) @004345 pe000,app02,tsk01 -> continues execution with pb1.
(15) @004346 pe000,app02,tsk01 -> payload of pb0 being transferred to task in the same pe.
(19) @004346 pe000,app02,tsk02 -> receives payload of pb0 (task1) from same PE.
(11) @004365 pe000,app02,tsk01 -> pb1 completes its processing.
(13) @004365 pe000,app02,tsk01 -> payload of pb1 is ready to be transferred.
(12) @004365 pe000,app02,tsk01 -> completes its pbs and releases the pe.
(02) @004365 pe000,app02,tsk01 -> in sleeping state.
(05) @004365 pe000,app01,tsk02 -> in context switching state.
(15) @004366 pe000,app02,tsk01 -> payload of pb1 being transferred to task in the same pe.
(19) @004366 pe000,app02,tsk03 -> receives payload of pb1 (task1) from same PE.
(06) @004375 pe000,app01,tsk02 -> in running state.
(10) @004375 pe000,app01,tsk02 -> continues its execution with pb0.
(11) @004375 pe000,app01,tsk02 -> pb0 completes its processing.
(13) @004375 pe000,app01,tsk02 -> payload of pb0 is ready to be transferred.
(12) @004375 pe000,app01,tsk02 -> completes its pbs and releases the pe.
(08) @004375 pe000,app01,tsk02 -> receives all antecedent payloads.
(03) @004375 pe000,app01,tsk02 -> in ready state.
(05) @004375 pe000,app03,tsk01 -> in context switching state.
(15) @004376 pe000,app01,tsk02 -> payload of pb0 being transferred to task in the same pe.
(19) @004376 pe000,app01,tsk04 -> receives payload of pb0 (task2) from same PE.
(06) @004385 pe000,app03,tsk01 -> in running state.
(10) @004385 pe000,app03,tsk01 -> continues its execution with pb0.
(11) @004435 pe000,app03,tsk01 -> pb0 completes its processing.
(13) @004435 pe000,app03,tsk01 -> payload of pb0 is ready to be transferred.
(14) @004435 pe000,app03,tsk01 -> continues execution with pb1.
(15) @004436 pe000,app03,tsk01 -> payload of pb0 being transferred to task in the same pe.
(19) @004436 pe000,app03,tsk02 -> receives payload of pb0 (task1) from same PE.
(11) @004455 pe000,app03,tsk01 -> pb1 completes its processing.
(13) @004455 pe000,app03,tsk01 -> payload of pb1 is ready to be transferred.
(12) @004455 pe000,app03,tsk01 -> completes its pbs and releases the pe.
(02) @004455 pe000,app03,tsk01 -> in sleeping state.
(05) @004455 pe000,app02,tsk02 -> in context switching state.
(15) @004456 pe000,app03,tsk01 -> payload of pb1 being transferred to task in the same pe.
(19) @004456 pe000,app03,tsk03 -> receives payload of pb1 (task1) from same PE.
(06) @004465 pe000,app02,tsk02 -> in running state.
(10) @004465 pe000,app02,tsk02 -> continues its execution with pb0.
(11) @004465 pe000,app02,tsk02 -> pb0 completes its processing.
(13) @004465 pe000,app02,tsk02 -> payload of pb0 is ready to be transferred.
(12) @004465 pe000,app02,tsk02 -> completes its pbs and releases the pe.
(08) @004465 pe000,app02,tsk02 -> receives all antecedent payloads.
(03) @004465 pe000,app02,tsk02 -> in ready state.
(05) @004465 pe000,app02,tsk03 -> in context switching state.
(15) @004466 pe000,app02,tsk02 -> payload of pb0 being transferred to task in the same pe.
(19) @004466 pe000,app02,tsk04 -> receives payload of pb0 (task2) from same PE.
(06) @004475 pe000,app02,tsk03 -> in running state.
(10) @004475 pe000,app02,tsk03 -> continues its execution with pb0.
(03) @004485 pe000,app01,tsk01 -> in ready state.
(11) @004500 pe000,app02,tsk03 -> pb0 completes its processing.
(13) @004500 pe000,app02,tsk03 -> payload of pb0 is ready to be transferred.
(12) @004500 pe000,app02,tsk03 -> completes its pbs and releases the pe.
(08) @004500 pe000,app02,tsk03 -> receives all antecedent payloads.
(03) @004500 pe000,app02,tsk03 -> in ready state.
(05) @004500 pe000,app01,tsk03 -> in context switching state.
(15) @004501 pe000,app02,tsk03 -> payload of pb0 being transferred to task in the same pe.
(19) @004501 pe000,app02,tsk04 -> receives payload of pb0 (task3) from same PE.
(08) @004501 pe000,app02,tsk04 -> receives all antecedent payloads.
(03) @004501 pe000,app02,tsk04 -> in ready state.
(06) @004510 pe000,app01,tsk03 -> in running state.
(10) @004510 pe000,app01,tsk03 -> continues its execution with pb0.
(11) @004535 pe000,app01,tsk03 -> pb0 completes its processing.
(13) @004535 pe000,app01,tsk03 -> payload of pb0 is ready to be transferred.
(12) @004535 pe000,app01,tsk03 -> completes its pbs and releases the pe.
(08) @004535 pe000,app01,tsk03 -> receives all antecedent payloads.
(03) @004535 pe000,app01,tsk03 -> in ready state.
(05) @004535 pe000,app01,tsk04 -> in context switching state.
(15) @004536 pe000,app01,tsk03 -> payload of pb0 being transferred to task in the same pe.
(19) @004536 pe000,app01,tsk04 -> receives payload of pb0 (task3) from same PE.
(06) @004545 pe000,app01,tsk04 -> in running state.
(10) @004545 pe000,app01,tsk04 -> continues its execution with pb0.
(11) @004545 pe000,app01,tsk04 -> pb0 completes its processing.
(32) @004545 app01,exec_finished -> exectime=3435
(12) @004545 pe000,app01,tsk04 -> completes its pbs and releases the pe.
(08) @004545 pe000,app01,tsk04 -> receives all antecedent payloads.
(03) @004545 pe000,app01,tsk04 -> in ready state.
(05) @004545 pe000,app03,tsk02 -> in context switching state.
(06) @004555 pe000,app03,tsk02 -> in running state.
(10) @004555 pe000,app03,tsk02 -> continues its execution with pb0.
(11) @004555 pe000,app03,tsk02 -> pb0 completes its processing.
(13) @004555 pe000,app03,tsk02 -> payload of pb0 is ready to be transferred.
(12) @004555 pe000,app03,tsk02 -> completes its pbs and releases the pe.
(08) @004555 pe000,app03,tsk02 -> receives all antecedent payloads.
(03) @004555 pe000,app03,tsk02 -> in ready state.
(05) @004555 pe000,app03,tsk03 -> in context switching state.
(15) @004556 pe000,app03,tsk02 -> payload of pb0 being transferred to task in the same pe.
(19) @004556 pe000,app03,tsk04 -> receives payload of pb0 (task2) from same PE.
(03) @004565 pe000,app02,tsk01 -> in ready state.
(06) @004565 pe000,app03,tsk03 -> in running state.
(10) @004565 pe000,app03,tsk03 -> continues its execution with pb0.
(11) @004590 pe000,app03,tsk03 -> pb0 completes its processing.
(13) @004590 pe000,app03,tsk03 -> payload of pb0 is ready to be transferred.
(12) @004590 pe000,app03,tsk03 -> completes its pbs and releases the pe.
(08) @004590 pe000,app03,tsk03 -> receives all antecedent payloads.
(03) @004590 pe000,app03,tsk03 -> in ready state.
(05) @004590 pe000,app01,tsk02 -> in context switching state.
(15) @004591 pe000,app03,tsk03 -> payload of pb0 being transferred to task in the same pe.
(19) @004591 pe000,app03,tsk04 -> receives payload of pb0 (task3) from same PE.
(08) @004591 pe000,app03,tsk04 -> receives all antecedent payloads.
(03) @004591 pe000,app03,tsk04 -> in ready state.
(06) @004600 pe000,app01,tsk02 -> in running state.
(09) @004600 pe000,app01,tsk02 -> starts its execution with pb0.
(03) @004655 pe000,app03,tsk01 -> in ready state.
(04) @004700 pe000,app01,tsk02 -> in ready state due to context switching.
(05) @004700 pe000,app02,tsk02 -> in context switching state.
(06) @004710 pe000,app02,tsk02 -> in running state.
(09) @004710 pe000,app02,tsk02 -> starts its execution with pb0.
(04) @004810 pe000,app02,tsk02 -> in ready state due to context switching.
(05) @004810 pe000,app01,tsk01 -> in context switching state.
(06) @004820 pe000,app01,tsk01 -> in running state.
(09) @004820 pe000,app01,tsk01 -> starts its execution with pb0.
(04) @004920 pe000,app01,tsk01 -> in ready state due to context switching.
(05) @004920 pe000,app02,tsk03 -> in context switching state.
(06) @004930 pe000,app02,tsk03 -> in running state.
(09) @004930 pe000,app02,tsk03 -> starts its execution with pb0.
(04) @005030 pe000,app02,tsk03 -> in ready state due to context switching.
(05) @005030 pe000,app02,tsk04 -> in context switching state.
(06) @005040 pe000,app02,tsk04 -> in running state.
(09) @005040 pe000,app02,tsk04 -> starts its execution with pb0.
(04) @005140 pe000,app02,tsk04 -> in ready state due to context switching.
(05) @005140 pe000,app01,tsk03 -> in context switching state.
(06) @005150 pe000,app01,tsk03 -> in running state.
(09) @005150 pe000,app01,tsk03 -> starts its execution with pb0.
(04) @005250 pe000,app01,tsk03 -> in ready state due to context switching.
(05) @005250 pe000,app01,tsk04 -> in context switching state.
(06) @005260 pe000,app01,tsk04 -> in running state.
(09) @005260 pe000,app01,tsk04 -> starts its execution with pb0.
(04) @005360 pe000,app01,tsk04 -> in ready state due to context switching.
(05) @005360 pe000,app03,tsk02 -> in context switching state.
(06) @005370 pe000,app03,tsk02 -> in running state.
(09) @005370 pe000,app03,tsk02 -> starts its execution with pb0.
(04) @005470 pe000,app03,tsk02 -> in ready state due to context switching.
(05) @005470 pe000,app02,tsk01 -> in context switching state.
(06) @005480 pe000,app02,tsk01 -> in running state.
(09) @005480 pe000,app02,tsk01 -> starts its execution with pb0.
(04) @005580 pe000,app02,tsk01 -> in ready state due to context switching.
(05) @005580 pe000,app03,tsk03 -> in context switching state.
(06) @005590 pe000,app03,tsk03 -> in running state.
(09) @005590 pe000,app03,tsk03 -> starts its execution with pb0.
(04) @005690 pe000,app03,tsk03 -> in ready state due to context switching.
(05) @005690 pe000,app03,tsk04 -> in context switching state.
(06) @005700 pe000,app03,tsk04 -> in running state.
(09) @005700 pe000,app03,tsk04 -> starts its execution with pb0.
(04) @005800 pe000,app03,tsk04 -> in ready state due to context switching.
(05) @005800 pe000,app03,tsk01 -> in context switching state.
(06) @005810 pe000,app03,tsk01 -> in running state.
(09) @005810 pe000,app03,tsk01 -> starts its execution with pb0.
(04) @005910 pe000,app03,tsk01 -> in ready state due to context switching.
(05) @005910 pe000,app01,tsk02 -> in context switching state.
(06) @005920 pe000,app01,tsk02 -> in running state.
(10) @005920 pe000,app01,tsk02 -> continues its execution with pb0.
(07) @006000 pe000,app01,tsk01 -> stops and is unmapped at @6000 (expected at @6000).
(07) @006000 pe000,app01,tsk03 -> stops and is unmapped at @6000 (root stopped at @6000).
(07) @006000 pe000,app01,tsk04 -> stops and is unmapped at @6000 (root stopped at @6000).
(07) @006000 pe000,app01,tsk02 -> stops and is unmapped at @6000 (root stopped at @6000).
(05) @006000 pe000,app02,tsk02 -> in context switching state.
(33) @006000 pe000,acum_cycles_performed -> contextswitching=530,taskexecution=4370,pe_idle=10
(06) @006010 pe000,app02,tsk02 -> in running state.
(10) @006010 pe000,app02,tsk02 -> continues its execution with pb0.
(00) @006090 pe000,app01,tsk01 -> being mapped to pe0.
(02) @006090 pe000,app01,tsk01 -> in sleeping state.
(00) @006090 pe001,app01,tsk02 -> being mapped to pe1.
(01) @006090 pe001,app01,tsk02 -> in waiting rx state.
(00) @006090 pe002,app01,tsk03 -> being mapped to pe2.
(01) @006090 pe002,app01,tsk03 -> in waiting rx state.
(00) @006090 pe003,app01,tsk04 -> being mapped to pe3.
(01) @006090 pe003,app01,tsk04 -> in waiting rx state.
(03) @006100 pe000,app01,tsk01 -> in ready state.
(04) @006110 pe000,app02,tsk02 -> in ready state due to context switching.
(05) @006110 pe000,app02,tsk03 -> in context switching state.
(06) @006120 pe000,app02,tsk03 -> in running state.
(10) @006120 pe000,app02,tsk03 -> continues its execution with pb0.
(04) @006220 pe000,app02,tsk03 -> in ready state due to context switching.
(05) @006220 pe000,app02,tsk04 -> in context switching state.
(06) @006230 pe000,app02,tsk04 -> in running state.
(10) @006230 pe000,app02,tsk04 -> continues its execution with pb0.
(04) @006330 pe000,app02,tsk04 -> in ready state due to context switching.
(05) @006330 pe000,app03,tsk02 -> in context switching state.
(06) @006340 pe000,app03,tsk02 -> in running state.
(10) @006340 pe000,app03,tsk02 -> continues its execution with pb0.
(04) @006440 pe000,app03,tsk02 -> in ready state due to context switching.
(05) @006440 pe000,app02,tsk01 -> in context switching state.
(06) @006450 pe000,app02,tsk01 -> in running state.
(10) @006450 pe000,app02,tsk01 -> continues its execution with pb0.
(11) @006500 pe000,app02,tsk01 -> pb0 completes its processing.
(13) @006500 pe000,app02,tsk01 -> payload of pb0 is ready to be transferred.
(14) @006500 pe000,app02,tsk01 -> continues execution with pb1.
(15) @006501 pe000,app02,tsk01 -> payload of pb0 being transferred to task in the same pe.
(19) @006501 pe000,app02,tsk02 -> receives payload of pb0 (task1) from same PE.
(11) @006520 pe000,app02,tsk01 -> pb1 completes its processing.
(13) @006520 pe000,app02,tsk01 -> payload of pb1 is ready to be transferred.
(12) @006520 pe000,app02,tsk01 -> completes its pbs and releases the pe.
(02) @006520 pe000,app02,tsk01 -> in sleeping state.
(05) @006520 pe000,app03,tsk03 -> in context switching state.
(15) @006521 pe000,app02,tsk01 -> payload of pb1 being transferred to task in the same pe.
(19) @006521 pe000,app02,tsk03 -> receives payload of pb1 (task1) from same PE.
(06) @006530 pe000,app03,tsk03 -> in running state.
(10) @006530 pe000,app03,tsk03 -> continues its execution with pb0.
(04) @006630 pe000,app03,tsk03 -> in ready state due to context switching.
(05) @006630 pe000,app03,tsk04 -> in context switching state.
(06) @006640 pe000,app03,tsk04 -> in running state.
(10) @006640 pe000,app03,tsk04 -> continues its execution with pb0.
(03) @006720 pe000,app02,tsk01 -> in ready state.
(04) @006740 pe000,app03,tsk04 -> in ready state due to context switching.
(05) @006740 pe000,app03,tsk01 -> in context switching state.
(06) @006750 pe000,app03,tsk01 -> in running state.
(10) @006750 pe000,app03,tsk01 -> continues its execution with pb0.
(11) @006800 pe000,app03,tsk01 -> pb0 completes its processing.
(13) @006800 pe000,app03,tsk01 -> payload of pb0 is ready to be transferred.
(14) @006800 pe000,app03,tsk01 -> continues execution with pb1.
(15) @006801 pe000,app03,tsk01 -> payload of pb0 being transferred to task in the same pe.
(19) @006801 pe000,app03,tsk02 -> receives payload of pb0 (task1) from same PE.
(11) @006820 pe000,app03,tsk01 -> pb1 completes its processing.
(13) @006820 pe000,app03,tsk01 -> payload of pb1 is ready to be transferred.
(12) @006820 pe000,app03,tsk01 -> completes its pbs and releases the pe.
(02) @006820 pe000,app03,tsk01 -> in sleeping state.
(05) @006820 pe000,app01,tsk01 -> in context switching state.
(15) @006821 pe000,app03,tsk01 -> payload of pb1 being transferred to task in the same pe.
(19) @006821 pe000,app03,tsk03 -> receives payload of pb1 (task1) from same PE.
(06) @006830 pe000,app01,tsk01 -> in running state.
(09) @006830 pe000,app01,tsk01 -> starts its execution with pb0.
(04) @006930 pe000,app01,tsk01 -> in ready state due to context switching.
(05) @006930 pe000,app02,tsk02 -> in context switching state.
(06) @006940 pe000,app02,tsk02 -> in running state.
(10) @006940 pe000,app02,tsk02 -> continues its execution with pb0.
(11) @006940 pe000,app02,tsk02 -> pb0 completes its processing.
(13) @006940 pe000,app02,tsk02 -> payload of pb0 is ready to be transferred.
(12) @006940 pe000,app02,tsk02 -> completes its pbs and releases the pe.
(08) @006940 pe000,app02,tsk02 -> receives all antecedent payloads.
(03) @006940 pe000,app02,tsk02 -> in ready state.
(05) @006940 pe000,app02,tsk03 -> in context switching state.
(15) @006941 pe000,app02,tsk02 -> payload of pb0 being transferred to task in the same pe.
(19) @006941 pe000,app02,tsk04 -> receives payload of pb0 (task2) from same PE.
(06) @006950 pe000,app02,tsk03 -> in running state.
(10) @006950 pe000,app02,tsk03 -> continues its execution with pb0.
(11) @006975 pe000,app02,tsk03 -> pb0 completes its processing.
(13) @006975 pe000,app02,tsk03 -> payload of pb0 is ready to be transferred.
(12) @006975 pe000,app02,tsk03 -> completes its pbs and releases the pe.
(08) @006975 pe000,app02,tsk03 -> receives all antecedent payloads.
(03) @006975 pe000,app02,tsk03 -> in ready state.
(05) @006975 pe000,app02,tsk04 -> in context switching state.
(15) @006976 pe000,app02,tsk03 -> payload of pb0 being transferred to task in the same pe.
(19) @006976 pe000,app02,tsk04 -> receives payload of pb0 (task3) from same PE.
(06) @006985 pe000,app02,tsk04 -> in running state.
(10) @006985 pe000,app02,tsk04 -> continues its execution with pb0.
(11) @006985 pe000,app02,tsk04 -> pb0 completes its processing.
(32) @006985 app02,exec_finished -> exectime=5255
(12) @006985 pe000,app02,tsk04 -> completes its pbs and releases the pe.
(08) @006985 pe000,app02,tsk04 -> receives all antecedent payloads.
(03) @006985 pe000,app02,tsk04 -> in ready state.
(05) @006985 pe000,app03,tsk02 -> in context switching state.
(06) @006995 pe000,app03,tsk02 -> in running state.
(10) @006995 pe000,app03,tsk02 -> continues its execution with pb0.
(11) @006995 pe000,app03,tsk02 -> pb0 completes its processing.
(13) @006995 pe000,app03,tsk02 -> payload of pb0 is ready to be transferred.
(12) @006995 pe000,app03,tsk02 -> completes its pbs and releases the pe.
(08) @006995 pe000,app03,tsk02 -> receives all antecedent payloads.
(03) @006995 pe000,app03,tsk02 -> in ready state.
(05) @006995 pe000,app03,tsk03 -> in context switching state.
(15) @006996 pe000,app03,tsk02 -> payload of pb0 being transferred to task in the same pe.
(19) @006996 pe000,app03,tsk04 -> receives payload of pb0 (task2) from same PE.
(07) @007000 pe000,app02,tsk01 -> stops and is unmapped at @7000 (expected at @7000).
(07) @007000 pe000,app02,tsk02 -> stops and is unmapped at @7000 (root stopped at @7000).
(07) @007000 pe000,app02,tsk03 -> stops and is unmapped at @7000 (root stopped at @7000).
(07) @007000 pe000,app02,tsk04 -> stops and is unmapped at @7000 (root stopped at @7000).
(33) @007000 pe000,acum_cycles_performed -> contextswitching=660,taskexecution=5235,pe_idle=10
(06) @007005 pe000,app03,tsk03 -> in running state.
(10) @007005 pe000,app03,tsk03 -> continues its execution with pb0.
(03) @007020 pe000,app03,tsk01 -> in ready state.
(11) @007030 pe000,app03,tsk03 -> pb0 completes its processing.
(13) @007030 pe000,app03,tsk03 -> payload of pb0 is ready to be transferred.
(12) @007030 pe000,app03,tsk03 -> completes its pbs and releases the pe.
(08) @007030 pe000,app03,tsk03 -> receives all antecedent payloads.
(03) @007030 pe000,app03,tsk03 -> in ready state.
(05) @007030 pe000,app03,tsk04 -> in context switching state.
(15) @007031 pe000,app03,tsk03 -> payload of pb0 being transferred to task in the same pe.
(19) @007031 pe000,app03,tsk04 -> receives payload of pb0 (task3) from same PE.
(06) @007040 pe000,app03,tsk04 -> in running state.
(10) @007040 pe000,app03,tsk04 -> continues its execution with pb0.
(11) @007040 pe000,app03,tsk04 -> pb0 completes its processing.
(32) @007040 app03,exec_finished -> exectime=5090
(12) @007040 pe000,app03,tsk04 -> completes its pbs and releases the pe.
(08) @007040 pe000,app03,tsk04 -> receives all antecedent payloads.
(03) @007040 pe000,app03,tsk04 -> in ready state.
(05) @007040 pe000,app01,tsk01 -> in context switching state.
(07) @007050 pe000,app03,tsk02 -> stops and is unmapped at @7050 (root stopped at @7050).
(07) @007050 pe000,app03,tsk01 -> stops and is unmapped at @7050 (expected at @7050).
(07) @007050 pe000,app03,tsk03 -> stops and is unmapped at @7050 (root stopped at @7050).
(07) @007050 pe000,app03,tsk04 -> stops and is unmapped at @7050 (root stopped at @7050).
(33) @007050 pe000,acum_cycles_performed -> contextswitching=680,taskexecution=5260,pe_idle=10
(06) @007050 pe000,app01,tsk01 -> in running state.
(10) @007050 pe000,app01,tsk01 -> continues its execution with pb0.
(00) @007090 pe000,app02,tsk01 -> being mapped to pe0.
(02) @007090 pe000,app02,tsk01 -> in sleeping state.
(00) @007090 pe001,app02,tsk02 -> being mapped to pe1.
(01) @007090 pe001,app02,tsk02 -> in waiting rx state.
(00) @007090 pe002,app02,tsk03 -> being mapped to pe2.
(01) @007090 pe002,app02,tsk03 -> in waiting rx state.
(00) @007090 pe003,app02,tsk04 -> being mapped to pe3.
(01) @007090 pe003,app02,tsk04 -> in waiting rx state.
(03) @007100 pe000,app02,tsk01 -> in ready state.
(11) @007100 pe000,app01,tsk01 -> pb0 completes its processing.
(13) @007100 pe000,app01,tsk01 -> payload of pb0 is ready to be transferred.
(14) @007100 pe000,app01,tsk01 -> continues execution with pb1.
(16) @007101 pe000,app01,tsk01 -> payload of pb0 being transferred to WNoC.
(11) @007120 pe000,app01,tsk01 -> pb1 completes its processing.
(13) @007120 pe000,app01,tsk01 -> payload of pb1 is ready to be transferred.
(12) @007120 pe000,app01,tsk01 -> completes its pbs and releases the pe.
(02) @007120 pe000,app01,tsk01 -> in sleeping state.
(05) @007120 pe000,app02,tsk01 -> in context switching state.
(16) @007121 pe000,app01,tsk01 -> payload of pb1 being transferred to WNoC.
(06) @007130 pe000,app02,tsk01 -> in running state.
(09) @007130 pe000,app02,tsk01 -> starts its execution with pb0.
(20) @007134 pe001,app01,tsk02 -> receives payload of pb0 (task1) from WNoC.
(08) @007134 pe001,app01,tsk02 -> receives all antecedent payloads.
(03) @007134 pe001,app01,tsk02 -> in ready state.
(05) @007134 pe001,app01,tsk02 -> in context switching state.
(30) @007134 app01,tsk01->tsk02,end2end_latency -> flits=15,min=5,avg=5,max=5
(31) @007134 app01,tsk01->tsk02,end2end_hopcount -> flits=15,min=1,avg=1,max=1
(06) @007144 pe001,app01,tsk02 -> in running state.
(09) @007144 pe001,app01,tsk02 -> starts its execution with pb0.
(20) @007156 pe002,app01,tsk03 -> receives payload of pb1 (task1) from WNoC.
(08) @007156 pe002,app01,tsk03 -> receives all antecedent payloads.
(03) @007156 pe002,app01,tsk03 -> in ready state.
(05) @007156 pe002,app01,tsk03 -> in context switching state.
(30) @007156 app01,tsk01->tsk03,end2end_latency -> flits=10,min=7,avg=7,max=7
(31) @007156 app01,tsk01->tsk03,end2end_hopcount -> flits=10,min=2,avg=2,max=2
(06) @007166 pe002,app01,tsk03 -> in running state.
(09) @007166 pe002,app01,tsk03 -> starts its execution with pb0.
(00) @007190 pe000,app03,tsk01 -> being mapped to pe0.
(02) @007190 pe000,app03,tsk01 -> in sleeping state.
(00) @007190 pe001,app03,tsk02 -> being mapped to pe1.
(01) @007190 pe001,app03,tsk02 -> in waiting rx state.
(00) @007190 pe002,app03,tsk03 -> being mapped to pe2.
(01) @007190 pe002,app03,tsk03 -> in waiting rx state.
(00) @007190 pe003,app03,tsk04 -> being mapped to pe3.
(01) @007190 pe003,app03,tsk04 -> in waiting rx state.
(03) @007200 pe000,app03,tsk01 -> in ready state.
(04) @007230 pe000,app02,tsk01 -> in ready state due to context switching.
(05) @007230 pe000,app03,tsk01 -> in context switching state.
(06) @007240 pe000,app03,tsk01 -> in running state.
(09) @007240 pe000,app03,tsk01 -> starts its execution with pb0.
(03) @007320 pe000,app01,tsk01 -> in ready state.
(04) @007340 pe000,app03,tsk01 -> in ready state due to context switching.
(05) @007340 pe000,app02,tsk01 -> in context switching state.
(11) @007344 pe001,app01,tsk02 -> pb0 completes its processing.
(13) @007344 pe001,app01,tsk02 -> payload of pb0 is ready to be transferred.
(12) @007344 pe001,app01,tsk02 -> completes its pbs and releases the pe.
(01) @007344 pe001,app01,tsk02 -> in waiting rx state.
(16) @007345 pe001,app01,tsk02 -> payload of pb0 being transferred to WNoC.
(06) @007350 pe000,app02,tsk01 -> in running state.
(10) @007350 pe000,app02,tsk01 -> continues its execution with pb0.
(20) @007390 pe003,app01,tsk04 -> receives payload of pb0 (task2) from WNoC.
(30) @007390 app01,tsk02->tsk04,end2end_latency -> flits=20,min=7,avg=7,max=7
(31) @007390 app01,tsk02->tsk04,end2end_hopcount -> flits=20,min=2,avg=2,max=2
(11) @007391 pe002,app01,tsk03 -> pb0 completes its processing.
(13) @007391 pe002,app01,tsk03 -> payload of pb0 is ready to be transferred.
(12) @007391 pe002,app01,tsk03 -> completes its pbs and releases the pe.
(01) @007391 pe002,app01,tsk03 -> in waiting rx state.
(16) @007392 pe002,app01,tsk03 -> payload of pb0 being transferred to WNoC.
(11) @007400 pe000,app02,tsk01 -> pb0 completes its processing.
(13) @007400 pe000,app02,tsk01 -> payload of pb0 is ready to be transferred.
(14) @007400 pe000,app02,tsk01 -> continues execution with pb1.
(16) @007401 pe000,app02,tsk01 -> payload of pb0 being transferred to WNoC.
(11) @007420 pe000,app02,tsk01 -> pb1 completes its processing.
(13) @007420 pe000,app02,tsk01 -> payload of pb1 is ready to be transferred.
(12) @007420 pe000,app02,tsk01 -> completes its pbs and releases the pe.
(02) @007420 pe000,app02,tsk01 -> in sleeping state.
(05) @007420 pe000,app01,tsk01 -> in context switching state.
(16) @007421 pe000,app02,tsk01 -> payload of pb1 being transferred to WNoC.
(06) @007430 pe000,app01,tsk01 -> in running state.
(09) @007430 pe000,app01,tsk01 -> starts its execution with pb0.
(20) @007434 pe001,app02,tsk02 -> receives payload of pb0 (task1) from WNoC.
(08) @007434 pe001,app02,tsk02 -> receives all antecedent payloads.
(03) @007434 pe001,app02,tsk02 -> in ready state.
(05) @007434 pe001,app02,tsk02 -> in context switching state.
(30) @007434 app02,tsk01->tsk02,end2end_latency -> flits=15,min=5,avg=5,max=5
(31) @007434 app02,tsk01->tsk02,end2end_hopcount -> flits=15,min=1,avg=1,max=1
(06) @007444 pe001,app02,tsk02 -> in running state.
(09) @007444 pe001,app02,tsk02 -> starts its execution with pb0.
(20) @007445 pe003,app01,tsk04 -> receives payload of pb0 (task3) from WNoC.
(08) @007445 pe003,app01,tsk04 -> receives all antecedent payloads.
(03) @007445 pe003,app01,tsk04 -> in ready state.
(05) @007445 pe003,app01,tsk04 -> in context switching state.
(30) @007445 app01,tsk03->tsk04,end2end_latency -> flits=25,min=5,avg=5,max=5
(31) @007445 app01,tsk03->tsk04,end2end_hopcount -> flits=25,min=1,avg=1,max=1
(06) @007455 pe003,app01,tsk04 -> in running state.
(09) @007455 pe003,app01,tsk04 -> starts its execution with pb0.
(20) @007456 pe002,app02,tsk03 -> receives payload of pb1 (task1) from WNoC.
(08) @007456 pe002,app02,tsk03 -> receives all antecedent payloads.
(03) @007456 pe002,app02,tsk03 -> in ready state.
(05) @007456 pe002,app02,tsk03 -> in context switching state.
(30) @007456 app02,tsk01->tsk03,end2end_latency -> flits=10,min=7,avg=7,max=7
(31) @007456 app02,tsk01->tsk03,end2end_hopcount -> flits=10,min=2,avg=2,max=2
(06) @007466 pe002,app02,tsk03 -> in running state.
(09) @007466 pe002,app02,tsk03 -> starts its execution with pb0.
(04) @007530 pe000,app01,tsk01 -> in ready state due to context switching.
(05) @007530 pe000,app03,tsk01 -> in context switching state.
(06) @007540 pe000,app03,tsk01 -> in running state.
(10) @007540 pe000,app03,tsk01 -> continues its execution with pb0.
(11) @007590 pe000,app03,tsk01 -> pb0 completes its processing.
(13) @007590 pe000,app03,tsk01 -> payload of pb0 is ready to be transferred.
(14) @007590 pe000,app03,tsk01 -> continues execution with pb1.
(16) @007591 pe000,app03,tsk01 -> payload of pb0 being transferred to WNoC.
(11) @007610 pe000,app03,tsk01 -> pb1 completes its processing.
(13) @007610 pe000,app03,tsk01 -> payload of pb1 is ready to be transferred.
(12) @007610 pe000,app03,tsk01 -> completes its pbs and releases the pe.
(02) @007610 pe000,app03,tsk01 -> in sleeping state.
(05) @007610 pe000,app01,tsk01 -> in context switching state.
(16) @007611 pe000,app03,tsk01 -> payload of pb1 being transferred to WNoC.
(03) @007620 pe000,app02,tsk01 -> in ready state.
(06) @007620 pe000,app01,tsk01 -> in running state.
(10) @007620 pe000,app01,tsk01 -> continues its execution with pb0.
(20) @007624 pe001,app03,tsk02 -> receives payload of pb0 (task1) from WNoC.
(08) @007624 pe001,app03,tsk02 -> receives all antecedent payloads.
(03) @007624 pe001,app03,tsk02 -> in ready state.
(30) @007624 app03,tsk01->tsk02,end2end_latency -> flits=15,min=5,avg=5,max=5
(31) @007624 app03,tsk01->tsk02,end2end_hopcount -> flits=15,min=1,avg=1,max=1
(04) @007644 pe001,app02,tsk02 -> in ready state due to context switching.
(05) @007644 pe001,app03,tsk02 -> in context switching state.
(20) @007646 pe002,app03,tsk03 -> receives payload of pb1 (task1) from WNoC.
(08) @007646 pe002,app03,tsk03 -> receives all antecedent payloads.
(03) @007646 pe002,app03,tsk03 -> in ready state.
(30) @007646 app03,tsk01->tsk03,end2end_latency -> flits=10,min=7,avg=7,max=7
(31) @007646 app03,tsk01->tsk03,end2end_hopcount -> flits=10,min=2,avg=2,max=2
(06) @007654 pe001,app03,tsk02 -> in running state.
(09) @007654 pe001,app03,tsk02 -> starts its execution with pb0.
(11) @007655 pe003,app01,tsk04 -> pb0 completes its processing.
(32) @007655 app01,exec_finished -> exectime=825
(12) @007655 pe003,app01,tsk04 -> completes its pbs and releases the pe.
(01) @007655 pe003,app01,tsk04 -> in waiting rx state.
(04) @007666 pe002,app02,tsk03 -> in ready state due to context switching.
(05) @007666 pe002,app03,tsk03 -> in context switching state.
(11) @007670 pe000,app01,tsk01 -> pb0 completes its processing.
(13) @007670 pe000,app01,tsk01 -> payload of pb0 is ready to be transferred.
(14) @007670 pe000,app01,tsk01 -> continues execution with pb1.
(16) @007671 pe000,app01,tsk01 -> payload of pb0 being transferred to WNoC.
(06) @007676 pe002,app03,tsk03 -> in running state.
(09) @007676 pe002,app03,tsk03 -> starts its execution with pb0.
(11) @007690 pe000,app01,tsk01 -> pb1 completes its processing.
(13) @007690 pe000,app01,tsk01 -> payload of pb1 is ready to be transferred.
(12) @007690 pe000,app01,tsk01 -> completes its pbs and releases the pe.
(02) @007690 pe000,app01,tsk01 -> in sleeping state.
(05) @007690 pe000,app02,tsk01 -> in context switching state.
(16) @007691 pe000,app01,tsk01 -> payload of pb1 being transferred to WNoC.
(06) @007700 pe000,app02,tsk01 -> in running state.
(09) @007700 pe000,app02,tsk01 -> starts its execution with pb0.
(20) @007704 pe001,app01,tsk02 -> receives payload of pb0 (task1) from WNoC.
(08) @007704 pe001,app01,tsk02 -> receives all antecedent payloads.
(03) @007704 pe001,app01,tsk02 -> in ready state.
(30) @007704 app01,tsk01->tsk02,end2end_latency -> flits=15,min=5,avg=5,max=5
(31) @007704 app01,tsk01->tsk02,end2end_hopcount -> flits=15,min=1,avg=1,max=1
(20) @007726 pe002,app01,tsk03 -> receives payload of pb1 (task1) from WNoC.
(08) @007726 pe002,app01,tsk03 -> receives all antecedent payloads.
(03) @007726 pe002,app01,tsk03 -> in ready state.
(30) @007726 app01,tsk01->tsk03,end2end_latency -> flits=10,min=7,avg=7,max=7
(31) @007726 app01,tsk01->tsk03,end2end_hopcount -> flits=10,min=2,avg=2,max=2
(04) @007754 pe001,app03,tsk02 -> in ready state due to context switching.
(05) @007754 pe001,app02,tsk02 -> in context switching state.
(06) @007764 pe001,app02,tsk02 -> in running state.
(10) @007764 pe001,app02,tsk02 -> continues its execution with pb0.
(11) @007764 pe001,app02,tsk02 -> pb0 completes its processing.
(13) @007764 pe001,app02,tsk02 -> payload of pb0 is ready to be transferred.
(12) @007764 pe001,app02,tsk02 -> completes its pbs and releases the pe.
(01) @007764 pe001,app02,tsk02 -> in waiting rx state.
(05) @007764 pe001,app01,tsk02 -> in context switching state.
(16) @007765 pe001,app02,tsk02 -> payload of pb0 being transferred to WNoC.
(06) @007774 pe001,app01,tsk02 -> in running state.
(09) @007774 pe001,app01,tsk02 -> starts its execution with pb0.
(04) @007776 pe002,app03,tsk03 -> in ready state due to context switching.
(05) @007776 pe002,app02,tsk03 -> in context switching state.
(06) @007786 pe002,app02,tsk03 -> in running state.
(10) @007786 pe002,app02,tsk03 -> continues its execution with pb0.
(03) @007810 pe000,app03,tsk01 -> in ready state.
(20) @007810 pe003,app02,tsk04 -> receives payload of pb0 (task2) from WNoC.
(30) @007810 app02,tsk02->tsk04,end2end_latency -> flits=20,min=7,avg=7,max=7
(31) @007810 app02,tsk02->tsk04,end2end_hopcount -> flits=20,min=2,avg=2,max=2
(11) @007811 pe002,app02,tsk03 -> pb0 completes its processing.
(13) @007811 pe002,app02,tsk03 -> payload of pb0 is ready to be transferred.
(12) @007811 pe002,app02,tsk03 -> completes its pbs and releases the pe.
(01) @007811 pe002,app02,tsk03 -> in waiting rx state.
(05) @007811 pe002,app01,tsk03 -> in context switching state.
(16) @007812 pe002,app02,tsk03 -> payload of pb0 being transferred to WNoC.
(06) @007821 pe002,app01,tsk03 -> in running state.
(09) @007821 pe002,app01,tsk03 -> starts its execution with pb0.
(11) @007850 pe000,app02,tsk01 -> pb0 completes its processing.
(13) @007850 pe000,app02,tsk01 -> payload of pb0 is ready to be transferred.
(14) @007850 pe000,app02,tsk01 -> continues execution with pb1.
(16) @007851 pe000,app02,tsk01 -> payload of pb0 being transferred to WNoC.
(20) @007865 pe003,app02,tsk04 -> receives payload of pb0 (task3) from WNoC.
(08) @007865 pe003,app02,tsk04 -> receives all antecedent payloads.
(03) @007865 pe003,app02,tsk04 -> in ready state.
(05) @007865 pe003,app02,tsk04 -> in context switching state.
(30) @007865 app02,tsk03->tsk04,end2end_latency -> flits=25,min=5,avg=5,max=5
(31) @007865 app02,tsk03->tsk04,end2end_hopcount -> flits=25,min=1,avg=1,max=1
(11) @007870 pe000,app02,tsk01 -> pb1 completes its processing.
(13) @007870 pe000,app02,tsk01 -> payload of pb1 is ready to be transferred.
(12) @007870 pe000,app02,tsk01 -> completes its pbs and releases the pe.
(02) @007870 pe000,app02,tsk01 -> in sleeping state.
(05) @007870 pe000,app03,tsk01 -> in context switching state.
(16) @007871 pe000,app02,tsk01 -> payload of pb1 being transferred to WNoC.
(04) @007874 pe001,app01,tsk02 -> in ready state due to context switching.
(05) @007874 pe001,app03,tsk02 -> in context switching state.
(06) @007875 pe003,app02,tsk04 -> in running state.
(09) @007875 pe003,app02,tsk04 -> starts its execution with pb0.
(06) @007880 pe000,app03,tsk01 -> in running state.
(09) @007880 pe000,app03,tsk01 -> starts its execution with pb0.
(20) @007884 pe001,app02,tsk02 -> receives payload of pb0 (task1) from WNoC.
(08) @007884 pe001,app02,tsk02 -> receives all antecedent payloads.
(03) @007884 pe001,app02,tsk02 -> in ready state.
(30) @007884 app02,tsk01->tsk02,end2end_latency -> flits=15,min=5,avg=5,max=5
(31) @007884 app02,tsk01->tsk02,end2end_hopcount -> flits=15,min=1,avg=1,max=1
(06) @007884 pe001,app03,tsk02 -> in running state.
(10) @007884 pe001,app03,tsk02 -> continues its execution with pb0.
(03) @007890 pe000,app01,tsk01 -> in ready state.
(20) @007906 pe002,app02,tsk03 -> receives payload of pb1 (task1) from WNoC.
(08) @007906 pe002,app02,tsk03 -> receives all antecedent payloads.
(03) @007906 pe002,app02,tsk03 -> in ready state.
(30) @007906 app02,tsk01->tsk03,end2end_latency -> flits=10,min=7,avg=7,max=7
(31) @007906 app02,tsk01->tsk03,end2end_hopcount -> flits=10,min=2,avg=2,max=2
(04) @007921 pe002,app01,tsk03 -> in ready state due to context switching.
(05) @007921 pe002,app03,tsk03 -> in context switching state.
(06) @007931 pe002,app03,tsk03 -> in running state.
(10) @007931 pe002,app03,tsk03 -> continues its execution with pb0.
(04) @007980 pe000,app03,tsk01 -> in ready state due to context switching.
(05) @007980 pe000,app01,tsk01 -> in context switching state.
(04) @007984 pe001,app03,tsk02 -> in ready state due to context switching.
(05) @007984 pe001,app01,tsk02 -> in context switching state.
(06) @007990 pe000,app01,tsk01 -> in running state.
(09) @007990 pe000,app01,tsk01 -> starts its execution with pb0.
(06) @007994 pe001,app01,tsk02 -> in running state.
(10) @007994 pe001,app01,tsk02 -> continues its execution with pb0.
(04) @008031 pe002,app03,tsk03 -> in ready state due to context switching.
(05) @008031 pe002,app02,tsk03 -> in context switching state.
(06) @008041 pe002,app02,tsk03 -> in running state.
(09) @008041 pe002,app02,tsk03 -> starts its execution with pb0.
(03) @008070 pe000,app02,tsk01 -> in ready state.
(11) @008075 pe003,app02,tsk04 -> pb0 completes its processing.
(32) @008075 app02,exec_finished -> exectime=945
(12) @008075 pe003,app02,tsk04 -> completes its pbs and releases the pe.
(01) @008075 pe003,app02,tsk04 -> in waiting rx state.
(04) @008090 pe000,app01,tsk01 -> in ready state due to context switching.
(05) @008090 pe000,app03,tsk01 -> in context switching state.
(04) @008094 pe001,app01,tsk02 -> in ready state due to context switching.
(05) @008094 pe001,app02,tsk02 -> in context switching state.
(06) @008100 pe000,app03,tsk01 -> in running state.
(10) @008100 pe000,app03,tsk01 -> continues its execution with pb0.
(06) @008104 pe001,app02,tsk02 -> in running state.
(09) @008104 pe001,app02,tsk02 -> starts its execution with pb0.
(04) @008141 pe002,app02,tsk03 -> in ready state due to context switching.
(05) @008141 pe002,app01,tsk03 -> in context switching state.
(11) @008150 pe000,app03,tsk01 -> pb0 completes its processing.
(13) @008150 pe000,app03,tsk01 -> payload of pb0 is ready to be transferred.
(14) @008150 pe000,app03,tsk01 -> continues execution with pb1.
(16) @008151 pe000,app03,tsk01 -> payload of pb0 being transferred to WNoC.
(06) @008151 pe002,app01,tsk03 -> in running state.
(10) @008151 pe002,app01,tsk03 -> continues its execution with pb0.
(11) @008170 pe000,app03,tsk01 -> pb1 completes its processing.
(13) @008170 pe000,app03,tsk01 -> payload of pb1 is ready to be transferred.
(12) @008170 pe000,app03,tsk01 -> completes its pbs and releases the pe.
(02) @008170 pe000,app03,tsk01 -> in sleeping state.
(05) @008170 pe000,app02,tsk01 -> in context switching state.
(16) @008171 pe000,app03,tsk01 -> payload of pb1 being transferred to WNoC.
(06) @008180 pe000,app02,tsk01 -> in running state.
(09) @008180 pe000,app02,tsk01 -> starts its execution with pb0.
(20) @008184 pe001,app03,tsk02 -> receives payload of pb0 (task1) from WNoC.
(30) @008184 app03,tsk01->tsk02,end2end_latency -> flits=15,min=5,avg=5,max=5
(31) @008184 app03,tsk01->tsk02,end2end_hopcount -> flits=15,min=1,avg=1,max=1
(04) @008204 pe001,app02,tsk02 -> in ready state due to context switching.
(05) @008204 pe001,app03,tsk02 -> in context switching state.
(20) @008206 pe002,app03,tsk03 -> receives payload of pb1 (task1) from WNoC.
(30) @008206 app03,tsk01->tsk03,end2end_latency -> flits=10,min=7,avg=7,max=7
(31) @008206 app03,tsk01->tsk03,end2end_hopcount -> flits=10,min=2,avg=2,max=2
(06) @008214 pe001,app03,tsk02 -> in running state.
(10) @008214 pe001,app03,tsk02 -> continues its execution with pb0.
(11) @008214 pe001,app03,tsk02 -> pb0 completes its processing.
(13) @008214 pe001,app03,tsk02 -> payload of pb0 is ready to be transferred.
(12) @008214 pe001,app03,tsk02 -> completes its pbs and releases the pe.
(08) @008214 pe001,app03,tsk02 -> receives all antecedent payloads.
(03) @008214 pe001,app03,tsk02 -> in ready state.
(05) @008214 pe001,app01,tsk02 -> in context switching state.
(16) @008215 pe001,app03,tsk02 -> payload of pb0 being transferred to WNoC.
(06) @008224 pe001,app01,tsk02 -> in running state.
(10) @008224 pe001,app01,tsk02 -> continues its execution with pb0.
(11) @008224 pe001,app01,tsk02 -> pb0 completes its processing.
(13) @008224 pe001,app01,tsk02 -> payload of pb0 is ready to be transferred.
(12) @008224 pe001,app01,tsk02 -> completes its pbs and releases the pe.
(01) @008224 pe001,app01,tsk02 -> in waiting rx state.
(05) @008224 pe001,app02,tsk02 -> in context switching state.
(16) @008225 pe001,app01,tsk02 -> payload of pb0 being transferred to WNoC.
(06) @008234 pe001,app02,tsk02 -> in running state.
(10) @008234 pe001,app02,tsk02 -> continues its execution with pb0.
(04) @008251 pe002,app01,tsk03 -> in ready state due to context switching.
(05) @008251 pe002,app03,tsk03 -> in context switching state.
(20) @008260 pe003,app03,tsk04 -> receives payload of pb0 (task2) from WNoC.
(30) @008260 app03,tsk02->tsk04,end2end_latency -> flits=20,min=7,avg=7,max=7
(31) @008260 app03,tsk02->tsk04,end2end_hopcount -> flits=20,min=2,avg=2,max=2
(06) @008261 pe002,app03,tsk03 -> in running state.
(10) @008261 pe002,app03,tsk03 -> continues its execution with pb0.
(04) @008280 pe000,app02,tsk01 -> in ready state due to context switching.
(05) @008280 pe000,app01,tsk01 -> in context switching state.
(11) @008286 pe002,app03,tsk03 -> pb0 completes its processing.
(13) @008286 pe002,app03,tsk03 -> payload of pb0 is ready to be transferred.
(12) @008286 pe002,app03,tsk03 -> completes its pbs and releases the pe.
(08) @008286 pe002,app03,tsk03 -> receives all antecedent payloads.
(03) @008286 pe002,app03,tsk03 -> in ready state.
(05) @008286 pe002,app02,tsk03 -> in context switching state.
(16) @008287 pe002,app03,tsk03 -> payload of pb0 being transferred to WNoC.
(06) @008290 pe000,app01,tsk01 -> in running state.
(10) @008290 pe000,app01,tsk01 -> continues its execution with pb0.
(06) @008296 pe002,app02,tsk03 -> in running state.
(10) @008296 pe002,app02,tsk03 -> continues its execution with pb0.
(20) @008300 pe003,app01,tsk04 -> receives payload of pb0 (task2) from WNoC.
(30) @008300 app01,tsk02->tsk04,end2end_latency -> flits=20,min=7,avg=7,max=7
(31) @008300 app01,tsk02->tsk04,end2end_hopcount -> flits=20,min=2,avg=2,max=2
(04) @008334 pe001,app02,tsk02 -> in ready state due to context switching.
(05) @008334 pe001,app03,tsk02 -> in context switching state.
(11) @008340 pe000,app01,tsk01 -> pb0 completes its processing.
(13) @008340 pe000,app01,tsk01 -> payload of pb0 is ready to be transferred.
(14) @008340 pe000,app01,tsk01 -> continues execution with pb1.
(16) @008341 pe000,app01,tsk01 -> payload of pb0 being transferred to WNoC.
(06) @008344 pe001,app03,tsk02 -> in running state.
(09) @008344 pe001,app03,tsk02 -> starts its execution with pb0.
(20) @008350 pe003,app03,tsk04 -> receives payload of pb0 (task3) from WNoC.
(08) @008350 pe003,app03,tsk04 -> receives all antecedent payloads.
(03) @008350 pe003,app03,tsk04 -> in ready state.
(05) @008350 pe003,app03,tsk04 -> in context switching state.
(30) @008350 app03,tsk03->tsk04,end2end_latency -> flits=25,min=12,avg=12.6,max=15
(31) @008350 app03,tsk03->tsk04,end2end_hopcount -> flits=25,min=1,avg=1,max=1
(11) @008360 pe000,app01,tsk01 -> pb1 completes its processing.
(13) @008360 pe000,app01,tsk01 -> payload of pb1 is ready to be transferred.
(12) @008360 pe000,app01,tsk01 -> completes its pbs and releases the pe.
(02) @008360 pe000,app01,tsk01 -> in sleeping state.
(05) @008360 pe000,app02,tsk01 -> in context switching state.
(06) @008360 pe003,app03,tsk04 -> in running state.
(09) @008360 pe003,app03,tsk04 -> starts its execution with pb0.
(16) @008361 pe000,app01,tsk01 -> payload of pb1 being transferred to WNoC.
(03) @008370 pe000,app03,tsk01 -> in ready state.
(06) @008370 pe000,app02,tsk01 -> in running state.
(10) @008370 pe000,app02,tsk01 -> continues its execution with pb0.
(20) @008374 pe001,app01,tsk02 -> receives payload of pb0 (task1) from WNoC.
(08) @008374 pe001,app01,tsk02 -> receives all antecedent payloads.
(03) @008374 pe001,app01,tsk02 -> in ready state.
(30) @008374 app01,tsk01->tsk02,end2end_latency -> flits=15,min=5,avg=5,max=5
(31) @008374 app01,tsk01->tsk02,end2end_hopcount -> flits=15,min=1,avg=1,max=1
(20) @008396 pe002,app01,tsk03 -> receives payload of pb1 (task1) from WNoC.
(30) @008396 app01,tsk01->tsk03,end2end_latency -> flits=10,min=7,avg=7,max=7
(31) @008396 app01,tsk01->tsk03,end2end_hopcount -> flits=10,min=2,avg=2,max=2
(04) @008396 pe002,app02,tsk03 -> in ready state due to context switching.
(05) @008396 pe002,app01,tsk03 -> in context switching state.
(06) @008406 pe002,app01,tsk03 -> in running state.
(10) @008406 pe002,app01,tsk03 -> continues its execution with pb0.
(11) @008420 pe000,app02,tsk01 -> pb0 completes its processing.
(13) @008420 pe000,app02,tsk01 -> payload of pb0 is ready to be transferred.
(14) @008420 pe000,app02,tsk01 -> continues execution with pb1.
(16) @008421 pe000,app02,tsk01 -> payload of pb0 being transferred to WNoC.
(11) @008431 pe002,app01,tsk03 -> pb0 completes its processing.
(13) @008431 pe002,app01,tsk03 -> payload of pb0 is ready to be transferred.
(12) @008431 pe002,app01,tsk03 -> completes its pbs and releases the pe.
(08) @008431 pe002,app01,tsk03 -> receives all antecedent payloads.
(03) @008431 pe002,app01,tsk03 -> in ready state.
(05) @008431 pe002,app03,tsk03 -> in context switching state.
(16) @008432 pe002,app01,tsk03 -> payload of pb0 being transferred to WNoC.
(11) @008440 pe000,app02,tsk01 -> pb1 completes its processing.
(13) @008440 pe000,app02,tsk01 -> payload of pb1 is ready to be transferred.
(12) @008440 pe000,app02,tsk01 -> completes its pbs and releases the pe.
(02) @008440 pe000,app02,tsk01 -> in sleeping state.
(05) @008440 pe000,app03,tsk01 -> in context switching state.
(16) @008441 pe000,app02,tsk01 -> payload of pb1 being transferred to WNoC.
(06) @008441 pe002,app03,tsk03 -> in running state.
(09) @008441 pe002,app03,tsk03 -> starts its execution with pb0.
(04) @008444 pe001,app03,tsk02 -> in ready state due to context switching.
(05) @008444 pe001,app02,tsk02 -> in context switching state.
(06) @008450 pe000,app03,tsk01 -> in running state.
(09) @008450 pe000,app03,tsk01 -> starts its execution with pb0.
(20) @008454 pe001,app02,tsk02 -> receives payload of pb0 (task1) from WNoC.
(30) @008454 app02,tsk01->tsk02,end2end_latency -> flits=15,min=5,avg=5,max=5
(31) @008454 app02,tsk01->tsk02,end2end_hopcount -> flits=15,min=1,avg=1,max=1
(06) @008454 pe001,app02,tsk02 -> in running state.
(10) @008454 pe001,app02,tsk02 -> continues its execution with pb0.
(11) @008454 pe001,app02,tsk02 -> pb0 completes its processing.
(13) @008454 pe001,app02,tsk02 -> payload of pb0 is ready to be transferred.
(12) @008454 pe001,app02,tsk02 -> completes its pbs and releases the pe.
(08) @008454 pe001,app02,tsk02 -> receives all antecedent payloads.
(03) @008454 pe001,app02,tsk02 -> in ready state.
(05) @008454 pe001,app01,tsk02 -> in context switching state.
(16) @008455 pe001,app02,tsk02 -> payload of pb0 being transferred to WNoC.
(06) @008464 pe001,app01,tsk02 -> in running state.
(09) @008464 pe001,app01,tsk02 -> starts its execution with pb0.
(20) @008476 pe002,app02,tsk03 -> receives payload of pb1 (task1) from WNoC.
(30) @008476 app02,tsk01->tsk03,end2end_latency -> flits=10,min=7,avg=7,max=7
(31) @008476 app02,tsk01->tsk03,end2end_hopcount -> flits=10,min=2,avg=2,max=2
(20) @008485 pe003,app01,tsk04 -> receives payload of pb0 (task3) from WNoC.
(08) @008485 pe003,app01,tsk04 -> receives all antecedent payloads.
(03) @008485 pe003,app01,tsk04 -> in ready state.
(30) @008485 app01,tsk03->tsk04,end2end_latency -> flits=25,min=5,avg=5,max=5
(31) @008485 app01,tsk03->tsk04,end2end_hopcount -> flits=25,min=1,avg=1,max=1
(20) @008525 pe003,app02,tsk04 -> receives payload of pb0 (task2) from WNoC.
(30) @008525 app02,tsk02->tsk04,end2end_latency -> flits=20,min=21,avg=23.75,max=32
(31) @008525 app02,tsk02->tsk04,end2end_hopcount -> flits=20,min=2,avg=2,max=2
(04) @008541 pe002,app03,tsk03 -> in ready state due to context switching.
(05) @008541 pe002,app02,tsk03 -> in context switching state.
(06) @008551 pe002,app02,tsk03 -> in running state.
(10) @008551 pe002,app02,tsk03 -> continues its execution with pb0.
(03) @008560 pe000,app01,tsk01 -> in ready state.
(04) @008560 pe003,app03,tsk04 -> in ready state due to context switching.
(05) @008560 pe003,app01,tsk04 -> in context switching state.
(04) @008564 pe001,app01,tsk02 -> in ready state due to context switching.
(05) @008564 pe001,app03,tsk02 -> in context switching state.
(06) @008570 pe003,app01,tsk04 -> in running state.
(09) @008570 pe003,app01,tsk04 -> starts its execution with pb0.
(06) @008574 pe001,app03,tsk02 -> in running state.
(10) @008574 pe001,app03,tsk02 -> continues its execution with pb0.
(11) @008576 pe002,app02,tsk03 -> pb0 completes its processing.
(13) @008576 pe002,app02,tsk03 -> payload of pb0 is ready to be transferred.
(12) @008576 pe002,app02,tsk03 -> completes its pbs and releases the pe.
(08) @008576 pe002,app02,tsk03 -> receives all antecedent payloads.
(03) @008576 pe002,app02,tsk03 -> in ready state.
(05) @008576 pe002,app01,tsk03 -> in context switching state.
(16) @008577 pe002,app02,tsk03 -> payload of pb0 being transferred to WNoC.
(06) @008586 pe002,app01,tsk03 -> in running state.
(09) @008586 pe002,app01,tsk03 -> starts its execution with pb0.
(11) @008600 pe000,app03,tsk01 -> pb0 completes its processing.
(13) @008600 pe000,app03,tsk01 -> payload of pb0 is ready to be transferred.
(14) @008600 pe000,app03,tsk01 -> continues execution with pb1.
(16) @008601 pe000,app03,tsk01 -> payload of pb0 being transferred to WNoC.
(11) @008620 pe000,app03,tsk01 -> pb1 completes its processing.
(13) @008620 pe000,app03,tsk01 -> payload of pb1 is ready to be transferred.
(12) @008620 pe000,app03,tsk01 -> completes its pbs and releases the pe.
(02) @008620 pe000,app03,tsk01 -> in sleeping state.
(05) @008620 pe000,app01,tsk01 -> in context switching state.
(16) @008621 pe000,app03,tsk01 -> payload of pb1 being transferred to WNoC.
(06) @008630 pe000,app01,tsk01 -> in running state.
(09) @008630 pe000,app01,tsk01 -> starts its execution with pb0.
(20) @008630 pe003,app02,tsk04 -> receives payload of pb0 (task3) from WNoC.
(08) @008630 pe003,app02,tsk04 -> receives all antecedent payloads.
(03) @008630 pe003,app02,tsk04 -> in ready state.
(30) @008630 app02,tsk03->tsk04,end2end_latency -> flits=25,min=5,avg=5,max=5
(31) @008630 app02,tsk03->tsk04,end2end_hopcount -> flits=25,min=1,avg=1,max=1
(20) @008634 pe001,app03,tsk02 -> receives payload of pb0 (task1) from WNoC.
(30) @008634 app03,tsk01->tsk02,end2end_latency -> flits=15,min=5,avg=5,max=5
(31) @008634 app03,tsk01->tsk02,end2end_hopcount -> flits=15,min=1,avg=1,max=1
(03) @008640 pe000,app02,tsk01 -> in ready state.
(20) @008656 pe002,app03,tsk03 -> receives payload of pb1 (task1) from WNoC.
(30) @008656 app03,tsk01->tsk03,end2end_latency -> flits=10,min=7,avg=7,max=7
(31) @008656 app03,tsk01->tsk03,end2end_hopcount -> flits=10,min=2,avg=2,max=2
(04) @008670 pe003,app01,tsk04 -> in ready state due to context switching.
(05) @008670 pe003,app03,tsk04 -> in context switching state.
(04) @008674 pe001,app03,tsk02 -> in ready state due to context switching.
(05) @008674 pe001,app02,tsk02 -> in context switching state.
(06) @008680 pe003,app03,tsk04 -> in running state.
(10) @008680 pe003,app03,tsk04 -> continues its execution with pb0.
(11) @008680 pe003,app03,tsk04 -> pb0 completes its processing.
(32) @008680 app03,exec_finished -> exectime=1440
(12) @008680 pe003,app03,tsk04 -> completes its pbs and releases the pe.
(01) @008680 pe003,app03,tsk04 -> in waiting rx state.
(05) @008680 pe003,app02,tsk04 -> in context switching state.
(06) @008684 pe001,app02,tsk02 -> in running state.
(09) @008684 pe001,app02,tsk02 -> starts its execution with pb0.
(04) @008686 pe002,app01,tsk03 -> in ready state due to context switching.
(05) @008686 pe002,app03,tsk03 -> in context switching state.
(06) @008690 pe003,app02,tsk04 -> in running state.
(09) @008690 pe003,app02,tsk04 -> starts its execution with pb0.
(06) @008696 pe002,app03,tsk03 -> in running state.
(10) @008696 pe002,app03,tsk03 -> continues its execution with pb0.
(04) @008730 pe000,app01,tsk01 -> in ready state due to context switching.
(05) @008730 pe000,app02,tsk01 -> in context switching state.
(06) @008740 pe000,app02,tsk01 -> in running state.
(09) @008740 pe000,app02,tsk01 -> starts its execution with pb0.
(04) @008784 pe001,app02,tsk02 -> in ready state due to context switching.
(05) @008784 pe001,app01,tsk02 -> in context switching state.
(04) @008790 pe003,app02,tsk04 -> in ready state due to context switching.
(05) @008790 pe003,app01,tsk04 -> in context switching state.
(06) @008794 pe001,app01,tsk02 -> in running state.
(10) @008794 pe001,app01,tsk02 -> continues its execution with pb0.
(04) @008796 pe002,app03,tsk03 -> in ready state due to context switching.
(05) @008796 pe002,app02,tsk03 -> in context switching state.
(06) @008800 pe003,app01,tsk04 -> in running state.
(10) @008800 pe003,app01,tsk04 -> continues its execution with pb0.
(06) @008806 pe002,app02,tsk03 -> in running state.
(09) @008806 pe002,app02,tsk03 -> starts its execution with pb0.
(03) @008820 pe000,app03,tsk01 -> in ready state.
(04) @008840 pe000,app02,tsk01 -> in ready state due to context switching.
(05) @008840 pe000,app01,tsk01 -> in context switching state.
(06) @008850 pe000,app01,tsk01 -> in running state.
(10) @008850 pe000,app01,tsk01 -> continues its execution with pb0.
(04) @008894 pe001,app01,tsk02 -> in ready state due to context switching.
(05) @008894 pe001,app03,tsk02 -> in context switching state.
(11) @008900 pe000,app01,tsk01 -> pb0 completes its processing.
(13) @008900 pe000,app01,tsk01 -> payload of pb0 is ready to be transferred.
(14) @008900 pe000,app01,tsk01 -> continues execution with pb1.
(04) @008900 pe003,app01,tsk04 -> in ready state due to context switching.
(05) @008900 pe003,app02,tsk04 -> in context switching state.
(16) @008901 pe000,app01,tsk01 -> payload of pb0 being transferred to WNoC.
(06) @008904 pe001,app03,tsk02 -> in running state.
(10) @008904 pe001,app03,tsk02 -> continues its execution with pb0.
(11) @008904 pe001,app03,tsk02 -> pb0 completes its processing.
(13) @008904 pe001,app03,tsk02 -> payload of pb0 is ready to be transferred.
(12) @008904 pe001,app03,tsk02 -> completes its pbs and releases the pe.
(08) @008904 pe001,app03,tsk02 -> receives all antecedent payloads.
(03) @008904 pe001,app03,tsk02 -> in ready state.
(05) @008904 pe001,app02,tsk02 -> in context switching state.
(16) @008905 pe001,app03,tsk02 -> payload of pb0 being transferred to WNoC.
(04) @008906 pe002,app02,tsk03 -> in ready state due to context switching.
(05) @008906 pe002,app01,tsk03 -> in context switching state.
(06) @008910 pe003,app02,tsk04 -> in running state.
(10) @008910 pe003,app02,tsk04 -> continues its execution with pb0.
(06) @008914 pe001,app02,tsk02 -> in running state.
(10) @008914 pe001,app02,tsk02 -> continues its execution with pb0.
(06) @008916 pe002,app01,tsk03 -> in running state.
(10) @008916 pe002,app01,tsk03 -> continues its execution with pb0.
(11) @008920 pe000,app01,tsk01 -> pb1 completes its processing.
(13) @008920 pe000,app01,tsk01 -> payload of pb1 is ready to be transferred.
(12) @008920 pe000,app01,tsk01 -> completes its pbs and releases the pe.
(02) @008920 pe000,app01,tsk01 -> in sleeping state.
(05) @008920 pe000,app03,tsk01 -> in context switching state.
(16) @008921 pe000,app01,tsk01 -> payload of pb1 being transferred to WNoC.
(06) @008930 pe000,app03,tsk01 -> in running state.
(09) @008930 pe000,app03,tsk01 -> starts its execution with pb0.
(20) @008934 pe001,app01,tsk02 -> receives payload of pb0 (task1) from WNoC.
(30) @008934 app01,tsk01->tsk02,end2end_latency -> flits=15,min=5,avg=5,max=5
(31) @008934 app01,tsk01->tsk02,end2end_hopcount -> flits=15,min=1,avg=1,max=1
(20) @008950 pe003,app03,tsk04 -> receives payload of pb0 (task2) from WNoC.
(30) @008950 app03,tsk02->tsk04,end2end_latency -> flits=20,min=7,avg=7,max=7
(31) @008950 app03,tsk02->tsk04,end2end_hopcount -> flits=20,min=2,avg=2,max=2
(20) @008968 pe002,app01,tsk03 -> receives payload of pb1 (task1) from WNoC.
(30) @008968 app01,tsk01->tsk03,end2end_latency -> flits=10,min=19,avg=19,max=19
(31) @008968 app01,tsk01->tsk03,end2end_hopcount -> flits=10,min=2,avg=2,max=2
(07) @009000 pe000,app01,tsk01 -> stops and is unmapped at @9000 (expected at @9000).
(33) @009000 pe000,acum_cycles_performed -> contextswitching=870,taskexecution=6960,pe_idle=10
(07) @009000 pe001,app01,tsk02 -> stops and is unmapped at @9000 (root stopped at @9000).
(33) @009000 pe001,acum_cycles_performed -> contextswitching=190,taskexecution=1500,pe_idle=1134
(07) @009000 pe002,app01,tsk03 -> stops and is unmapped at @9000 (root stopped at @9000).
(05) @009000 pe002,app03,tsk03 -> in context switching state.
(33) @009000 pe002,acum_cycles_performed -> contextswitching=170,taskexecution=1609,pe_idle=1131
(07) @009000 pe003,app01,tsk04 -> stops and is unmapped at @9000 (root stopped at @9000).
(33) @009000 pe003,acum_cycles_performed -> contextswitching=80,taskexecution=900,pe_idle=1840
(06) @009010 pe002,app03,tsk03 -> in running state.
(10) @009010 pe002,app03,tsk03 -> continues its execution with pb0.
(11) @009010 pe003,app02,tsk04 -> pb0 completes its processing.
(32) @009010 app02,exec_finished -> exectime=1310
(12) @009010 pe003,app02,tsk04 -> completes its pbs and releases the pe.
(01) @009010 pe003,app02,tsk04 -> in waiting rx state.
(04) @009014 pe001,app02,tsk02 -> in ready state due to context switching.
(05) @009014 pe001,app03,tsk02 -> in context switching state.
(06) @009024 pe001,app03,tsk02 -> in running state.
(09) @009024 pe001,app03,tsk02 -> starts its execution with pb0.
(04) @009030 pe000,app03,tsk01 -> in ready state due to context switching.
(05) @009030 pe000,app02,tsk01 -> in context switching state.
(11) @009035 pe002,app03,tsk03 -> pb0 completes its processing.
(13) @009035 pe002,app03,tsk03 -> payload of pb0 is ready to be transferred.
(12) @009035 pe002,app03,tsk03 -> completes its pbs and releases the pe.
(08) @009035 pe002,app03,tsk03 -> receives all antecedent payloads.
(03) @009035 pe002,app03,tsk03 -> in ready state.
(05) @009035 pe002,app02,tsk03 -> in context switching state.
(16) @009036 pe002,app03,tsk03 -> payload of pb0 being transferred to WNoC.
(06) @009040 pe000,app02,tsk01 -> in running state.
(10) @009040 pe000,app02,tsk01 -> continues its execution with pb0.
(06) @009045 pe002,app02,tsk03 -> in running state.
(10) @009045 pe002,app02,tsk03 -> continues its execution with pb0.
(20) @009089 pe003,app03,tsk04 -> receives payload of pb0 (task3) from WNoC.
(08) @009089 pe003,app03,tsk04 -> receives all antecedent payloads.
(03) @009089 pe003,app03,tsk04 -> in ready state.
(05) @009089 pe003,app03,tsk04 -> in context switching state.
(30) @009089 app03,tsk03->tsk04,end2end_latency -> flits=25,min=5,avg=5,max=5
(31) @009089 app03,tsk03->tsk04,end2end_hopcount -> flits=25,min=1,avg=1,max=1
(11) @009090 pe000,app02,tsk01 -> pb0 completes its processing.
(13) @009090 pe000,app02,tsk01 -> payload of pb0 is ready to be transferred.
(14) @009090 pe000,app02,tsk01 -> continues execution with pb1.
(16) @009091 pe000,app02,tsk01 -> payload of pb0 being transferred to WNoC.
(06) @009099 pe003,app03,tsk04 -> in running state.
(09) @009099 pe003,app03,tsk04 -> starts its execution with pb0.
(11) @009110 pe000,app02,tsk01 -> pb1 completes its processing.
(13) @009110 pe000,app02,tsk01 -> payload of pb1 is ready to be transferred.
(12) @009110 pe000,app02,tsk01 -> completes its pbs and releases the pe.
(02) @009110 pe000,app02,tsk01 -> in sleeping state.
(05) @009110 pe000,app03,tsk01 -> in context switching state.
(16) @009111 pe000,app02,tsk01 -> payload of pb1 being transferred to WNoC.
(06) @009120 pe000,app03,tsk01 -> in running state.
(10) @009120 pe000,app03,tsk01 -> continues its execution with pb0.
(20) @009124 pe001,app02,tsk02 -> receives payload of pb0 (task1) from WNoC.
(30) @009124 app02,tsk01->tsk02,end2end_latency -> flits=15,min=5,avg=5,max=5
(31) @009124 app02,tsk01->tsk02,end2end_hopcount -> flits=15,min=1,avg=1,max=1
(04) @009124 pe001,app03,tsk02 -> in ready state due to context switching.
(05) @009124 pe001,app02,tsk02 -> in context switching state.
(06) @009134 pe001,app02,tsk02 -> in running state.
(10) @009134 pe001,app02,tsk02 -> continues its execution with pb0.
(11) @009134 pe001,app02,tsk02 -> pb0 completes its processing.
(13) @009134 pe001,app02,tsk02 -> payload of pb0 is ready to be transferred.
(12) @009134 pe001,app02,tsk02 -> completes its pbs and releases the pe.
(08) @009134 pe001,app02,tsk02 -> receives all antecedent payloads.
(03) @009134 pe001,app02,tsk02 -> in ready state.
(05) @009134 pe001,app03,tsk02 -> in context switching state.
(16) @009135 pe001,app02,tsk02 -> payload of pb0 being transferred to WNoC.
(06) @009144 pe001,app03,tsk02 -> in running state.
(10) @009144 pe001,app03,tsk02 -> continues its execution with pb0.
(04) @009145 pe002,app02,tsk03 -> in ready state due to context switching.
(05) @009145 pe002,app03,tsk03 -> in context switching state.
(20) @009146 pe002,app02,tsk03 -> receives payload of pb1 (task1) from WNoC.
(30) @009146 app02,tsk01->tsk03,end2end_latency -> flits=10,min=7,avg=7,max=7
(31) @009146 app02,tsk01->tsk03,end2end_hopcount -> flits=10,min=2,avg=2,max=2
(06) @009155 pe002,app03,tsk03 -> in running state.
(09) @009155 pe002,app03,tsk03 -> starts its execution with pb0.
(11) @009170 pe000,app03,tsk01 -> pb0 completes its processing.
(13) @009170 pe000,app03,tsk01 -> payload of pb0 is ready to be transferred.
(14) @009170 pe000,app03,tsk01 -> continues execution with pb1.
(16) @009171 pe000,app03,tsk01 -> payload of pb0 being transferred to WNoC.
(20) @009188 pe003,app02,tsk04 -> receives payload of pb0 (task2) from WNoC.
(30) @009188 app02,tsk02->tsk04,end2end_latency -> flits=20,min=14,avg=14.25,max=15
(31) @009188 app02,tsk02->tsk04,end2end_hopcount -> flits=20,min=2,avg=2,max=2
(11) @009190 pe000,app03,tsk01 -> pb1 completes its processing.
(13) @009190 pe000,app03,tsk01 -> payload of pb1 is ready to be transferred.
(12) @009190 pe000,app03,tsk01 -> completes its pbs and releases the pe.
(02) @009190 pe000,app03,tsk01 -> in sleeping state.
(16) @009191 pe000,app03,tsk01 -> payload of pb1 being transferred to WNoC.
(20) @009204 pe001,app03,tsk02 -> receives payload of pb0 (task1) from WNoC.
(30) @009204 app03,tsk01->tsk02,end2end_latency -> flits=15,min=5,avg=5,max=5
(31) @009204 app03,tsk01->tsk02,end2end_hopcount -> flits=15,min=1,avg=1,max=1
(20) @009226 pe002,app03,tsk03 -> receives payload of pb1 (task1) from WNoC.
(30) @009226 app03,tsk01->tsk03,end2end_latency -> flits=10,min=7,avg=7,max=7
(31) @009226 app03,tsk01->tsk03,end2end_hopcount -> flits=10,min=2,avg=2,max=2
(04) @009244 pe001,app03,tsk02 -> in ready state due to context switching.
(05) @009244 pe001,app02,tsk02 -> in context switching state.
(06) @009254 pe001,app02,tsk02 -> in running state.
(09) @009254 pe001,app02,tsk02 -> starts its execution with pb0.
(04) @009255 pe002,app03,tsk03 -> in ready state due to context switching.
(05) @009255 pe002,app02,tsk03 -> in context switching state.
(06) @009265 pe002,app02,tsk03 -> in running state.
(10) @009265 pe002,app02,tsk03 -> continues its execution with pb0.
(11) @009290 pe002,app02,tsk03 -> pb0 completes its processing.
(13) @009290 pe002,app02,tsk03 -> payload of pb0 is ready to be transferred.
(12) @009290 pe002,app02,tsk03 -> completes its pbs and releases the pe.
(08) @009290 pe002,app02,tsk03 -> receives all antecedent payloads.
(03) @009290 pe002,app02,tsk03 -> in ready state.
(05) @009290 pe002,app03,tsk03 -> in context switching state.
(16) @009291 pe002,app02,tsk03 -> payload of pb0 being transferred to WNoC.
(11) @009299 pe003,app03,tsk04 -> pb0 completes its processing.
(32) @009299 app03,exec_finished -> exectime=1419
(12) @009299 pe003,app03,tsk04 -> completes its pbs and releases the pe.
(01) @009299 pe003,app03,tsk04 -> in waiting rx state.
(06) @009300 pe002,app03,tsk03 -> in running state.
(10) @009300 pe002,app03,tsk03 -> continues its execution with pb0.
(03) @009310 pe000,app02,tsk01 -> in ready state.
(05) @009310 pe000,app02,tsk01 -> in context switching state.
(06) @009320 pe000,app02,tsk01 -> in running state.
(09) @009320 pe000,app02,tsk01 -> starts its execution with pb0.
(20) @009344 pe003,app02,tsk04 -> receives payload of pb0 (task3) from WNoC.
(08) @009344 pe003,app02,tsk04 -> receives all antecedent payloads.
(03) @009344 pe003,app02,tsk04 -> in ready state.
(05) @009344 pe003,app02,tsk04 -> in context switching state.
(30) @009344 app02,tsk03->tsk04,end2end_latency -> flits=25,min=5,avg=5,max=5
(31) @009344 app02,tsk03->tsk04,end2end_hopcount -> flits=25,min=1,avg=1,max=1
(04) @009354 pe001,app02,tsk02 -> in ready state due to context switching.
(05) @009354 pe001,app03,tsk02 -> in context switching state.
(06) @009354 pe003,app02,tsk04 -> in running state.
(09) @009354 pe003,app02,tsk04 -> starts its execution with pb0.
(06) @009364 pe001,app03,tsk02 -> in running state.
(10) @009364 pe001,app03,tsk02 -> continues its execution with pb0.
(11) @009364 pe001,app03,tsk02 -> pb0 completes its processing.
(13) @009364 pe001,app03,tsk02 -> payload of pb0 is ready to be transferred.
(12) @009364 pe001,app03,tsk02 -> completes its pbs and releases the pe.
(08) @009364 pe001,app03,tsk02 -> receives all antecedent payloads.
(03) @009364 pe001,app03,tsk02 -> in ready state.
(05) @009364 pe001,app02,tsk02 -> in context switching state.
(16) @009365 pe001,app03,tsk02 -> payload of pb0 being transferred to WNoC.
(06) @009374 pe001,app02,tsk02 -> in running state.
(10) @009374 pe001,app02,tsk02 -> continues its execution with pb0.
(03) @009390 pe000,app03,tsk01 -> in ready state.
(04) @009400 pe002,app03,tsk03 -> in ready state due to context switching.
(05) @009400 pe002,app02,tsk03 -> in context switching state.
(06) @009410 pe002,app02,tsk03 -> in running state.
(09) @009410 pe002,app02,tsk03 -> starts its execution with pb0.
(20) @009410 pe003,app03,tsk04 -> receives payload of pb0 (task2) from WNoC.
(30) @009410 app03,tsk02->tsk04,end2end_latency -> flits=20,min=7,avg=7,max=7
(31) @009410 app03,tsk02->tsk04,end2end_hopcount -> flits=20,min=2,avg=2,max=2
(04) @009420 pe000,app02,tsk01 -> in ready state due to context switching.
(05) @009420 pe000,app03,tsk01 -> in context switching state.
(06) @009430 pe000,app03,tsk01 -> in running state.
(09) @009430 pe000,app03,tsk01 -> starts its execution with pb0.
(04) @009474 pe001,app02,tsk02 -> in ready state due to context switching.
(05) @009474 pe001,app03,tsk02 -> in context switching state.
(06) @009484 pe001,app03,tsk02 -> in running state.
(09) @009484 pe001,app03,tsk02 -> starts its execution with pb0.
(07) @009500 pe000,app02,tsk01 -> stops and is unmapped at @9500 (expected at @9500).
(33) @009500 pe000,acum_cycles_performed -> contextswitching=910,taskexecution=7300,pe_idle=130
(07) @009500 pe001,app02,tsk02 -> stops and is unmapped at @9500 (root stopped at @9500).
(33) @009500 pe001,acum_cycles_performed -> contextswitching=260,taskexecution=2000,pe_idle=1134
(07) @009500 pe002,app02,tsk03 -> stops and is unmapped at @9500 (root stopped at @9500).
(05) @009500 pe002,app03,tsk03 -> in context switching state.
(33) @009500 pe002,acum_cycles_performed -> contextswitching=230,taskexecution=2049,pe_idle=1131
(07) @009500 pe003,app02,tsk04 -> stops and is unmapped at @9500 (root stopped at @9500).
(33) @009500 pe003,acum_cycles_performed -> contextswitching=100,taskexecution=1346,pe_idle=1964
(06) @009510 pe002,app03,tsk03 -> in running state.
(10) @009510 pe002,app03,tsk03 -> continues its execution with pb0.
(11) @009535 pe002,app03,tsk03 -> pb0 completes its processing.
(13) @009535 pe002,app03,tsk03 -> payload of pb0 is ready to be transferred.
(12) @009535 pe002,app03,tsk03 -> completes its pbs and releases the pe.
(08) @009535 pe002,app03,tsk03 -> receives all antecedent payloads.
(03) @009535 pe002,app03,tsk03 -> in ready state.
(05) @009535 pe002,app03,tsk03 -> in context switching state.
(16) @009536 pe002,app03,tsk03 -> payload of pb0 being transferred to WNoC.
(06) @009545 pe002,app03,tsk03 -> in running state.
(09) @009545 pe002,app03,tsk03 -> starts its execution with pb0.
(11) @009580 pe000,app03,tsk01 -> pb0 completes its processing.
(13) @009580 pe000,app03,tsk01 -> payload of pb0 is ready to be transferred.
(14) @009580 pe000,app03,tsk01 -> continues execution with pb1.
(16) @009581 pe000,app03,tsk01 -> payload of pb0 being transferred to WNoC.
(20) @009589 pe003,app03,tsk04 -> receives payload of pb0 (task3) from WNoC.
(08) @009589 pe003,app03,tsk04 -> receives all antecedent payloads.
(03) @009589 pe003,app03,tsk04 -> in ready state.
(05) @009589 pe003,app03,tsk04 -> in context switching state.
(30) @009589 app03,tsk03->tsk04,end2end_latency -> flits=25,min=5,avg=5,max=5
(31) @009589 app03,tsk03->tsk04,end2end_hopcount -> flits=25,min=1,avg=1,max=1
(06) @009599 pe003,app03,tsk04 -> in running state.
(09) @009599 pe003,app03,tsk04 -> starts its execution with pb0.
(11) @009600 pe000,app03,tsk01 -> pb1 completes its processing.
(13) @009600 pe000,app03,tsk01 -> payload of pb1 is ready to be transferred.
(12) @009600 pe000,app03,tsk01 -> completes its pbs and releases the pe.
(02) @009600 pe000,app03,tsk01 -> in sleeping state.
(16) @009601 pe000,app03,tsk01 -> payload of pb1 being transferred to WNoC.
(20) @009614 pe001,app03,tsk02 -> receives payload of pb0 (task1) from WNoC.
(30) @009614 app03,tsk01->tsk02,end2end_latency -> flits=15,min=5,avg=5,max=5
(31) @009614 app03,tsk01->tsk02,end2end_hopcount -> flits=15,min=1,avg=1,max=1
(20) @009636 pe002,app03,tsk03 -> receives payload of pb1 (task1) from WNoC.
(30) @009636 app03,tsk01->tsk03,end2end_latency -> flits=10,min=7,avg=7,max=7
(31) @009636 app03,tsk01->tsk03,end2end_hopcount -> flits=10,min=2,avg=2,max=2
(11) @009684 pe001,app03,tsk02 -> pb0 completes its processing.
(13) @009684 pe001,app03,tsk02 -> payload of pb0 is ready to be transferred.
(12) @009684 pe001,app03,tsk02 -> completes its pbs and releases the pe.
(08) @009684 pe001,app03,tsk02 -> receives all antecedent payloads.
(03) @009684 pe001,app03,tsk02 -> in ready state.
(05) @009684 pe001,app03,tsk02 -> in context switching state.
(16) @009685 pe001,app03,tsk02 -> payload of pb0 being transferred to WNoC.
(06) @009694 pe001,app03,tsk02 -> in running state.
(09) @009694 pe001,app03,tsk02 -> starts its execution with pb0.
(20) @009730 pe003,app03,tsk04 -> receives payload of pb0 (task2) from WNoC.
(30) @009730 app03,tsk02->tsk04,end2end_latency -> flits=20,min=7,avg=7,max=7
(31) @009730 app03,tsk02->tsk04,end2end_hopcount -> flits=20,min=2,avg=2,max=2
(11) @009770 pe002,app03,tsk03 -> pb0 completes its processing.
(13) @009770 pe002,app03,tsk03 -> payload of pb0 is ready to be transferred.
(12) @009770 pe002,app03,tsk03 -> completes its pbs and releases the pe.
(08) @009770 pe002,app03,tsk03 -> receives all antecedent payloads.
(03) @009770 pe002,app03,tsk03 -> in ready state.
(05) @009770 pe002,app03,tsk03 -> in context switching state.
(16) @009771 pe002,app03,tsk03 -> payload of pb0 being transferred to WNoC.
(06) @009780 pe002,app03,tsk03 -> in running state.
(09) @009780 pe002,app03,tsk03 -> starts its execution with pb0.
(11) @009799 pe003,app03,tsk04 -> pb0 completes its processing.
(32) @009799 app03,exec_finished -> exectime=1349
(12) @009799 pe003,app03,tsk04 -> completes its pbs and releases the pe.
(01) @009799 pe003,app03,tsk04 -> in waiting rx state.
(07) @009800 pe000,app03,tsk01 -> stops and is unmapped at @9800 (expected at @9800).
(33) @009800 pe000,acum_cycles_performed -> contextswitching=910,taskexecution=7470,pe_idle=330
(07) @009800 pe001,app03,tsk02 -> stops and is unmapped at @9800 (root stopped at @9800).
(33) @009800 pe001,acum_cycles_performed -> contextswitching=270,taskexecution=2306,pe_idle=1134
(07) @009800 pe002,app03,tsk03 -> stops and is unmapped at @9800 (root stopped at @9800).
(33) @009800 pe002,acum_cycles_performed -> contextswitching=260,taskexecution=2319,pe_idle=1131
(07) @009800 pe003,app03,tsk04 -> stops and is unmapped at @9800 (root stopped at @9800).
(33) @009800 pe003,acum_cycles_performed -> contextswitching=110,taskexecution=1546,pe_idle=2054
(21) @009824 pe003,app03,tsk04 -> Destination task already stopped. Payload ignored!

***********************
Task Mapping Statistics
***********************

*** App1 - Mapping0 ***
Execution Time (CPU + Comm.) (executions,min,avg,max)=1,3435,3435,3435 (cycles)
Communication Time per Branch (payloads,min,avg,max)
  br0: 1-2=0,0,0,0 -> 2-4=0,0,0,0 -->> T(min,avg,max)=0,0,0 (cycles)
  br1: 1-3=0,0,0,0 -> 3-4=0,0,0,0 -->> T(min,avg,max)=0,0,0 (cycles)
Communication Time Critical Branch (min,avg,max)=0,0,0 (cycles)
Transmission Start Delay (head_flits_tx,min,avg,max)=0,0,0,0 (cycles)
FLITs Transmitted to Same PE=165
FLITs Ignored due to Application Unmapping=0
FLIT End2End Latency (flits,min,avg,max)=0,0,0,0 (cycles)
FLIT End2End HopCount (flits,min,avg,max)=0,0,0,0
FLIT Communication Cost (flits x average hopcount)=0

*** App1 - Mapping1 ***
Execution Time (CPU + Comm.) (executions,min,avg,max)=1,825,825,825 (cycles)
Communication Time per Branch (payloads,min,avg,max)
  br0: 1-2=4,33,33,33 -> 2-4=2,45,45,45 -->> T(min,avg,max)=78,78,78 (cycles)
  br1: 1-3=4,25,28,37 -> 3-4=2,53,53,53 -->> T(min,avg,max)=78,81,90 (cycles)
Communication Time Critical Branch (min,avg,max)=78,78,78 (cycles)
Transmission Start Delay (head_flits_tx,min,avg,max)=12,0,5,30 (cycles)
FLITs Transmitted to Same PE=0
FLITs Ignored due to Application Unmapping=0
FLIT End2End Latency (flits,min,avg,max)=190,5,6.47368,19 (cycles)
FLIT End2End HopCount (flits,min,avg,max)=190,1,1.42105,2
FLIT Communication Cost (flits x average hopcount)=270

*** App2 - Mapping0 ***
Execution Time (CPU + Comm.) (executions,min,avg,max)=1,5255,5255,5255 (cycles)
Communication Time per Branch (payloads,min,avg,max)
  br0: 1-2=0,0,0,0 -> 2-4=0,0,0,0 -->> T(min,avg,max)=0,0,0 (cycles)
  br1: 1-3=0,0,0,0 -> 3-4=0,0,0,0 -->> T(min,avg,max)=0,0,0 (cycles)
Communication Time Critical Branch (min,avg,max)=0,0,0 (cycles)
Transmission Start Delay (head_flits_tx,min,avg,max)=0,0,0,0 (cycles)
FLITs Transmitted to Same PE=165
FLITs Ignored due to Application Unmapping=0
FLIT End2End Latency (flits,min,avg,max)=0,0,0,0 (cycles)
FLIT End2End HopCount (flits,min,avg,max)=0,0,0,0
FLIT Communication Cost (flits x average hopcount)=0

*** App2 - Mapping1 ***
Execution Time (CPU + Comm.) (executions,min,avg,max)=2,945,1127,1310 (cycles)
Communication Time per Branch (payloads,min,avg,max)
  br0: 1-2=4,33,33,33 -> 2-4=3,45,56,70 -->> T(min,avg,max)=78,89,103 (cycles)
  br1: 1-3=4,25,25,25 -> 3-4=3,53,53,53 -->> T(min,avg,max)=78,78,78 (cycles)
Communication Time Critical Branch (min,avg,max)=78,90,103 (cycles)
Transmission Start Delay (head_flits_tx,min,avg,max)=14,0,2,10 (cycles)
FLITs Transmitted to Same PE=0
FLITs Ignored due to Application Unmapping=0
FLIT End2End Latency (flits,min,avg,max)=235,5,7.89362,32 (cycles)
FLIT End2End HopCount (flits,min,avg,max)=235,1,1.42553,2
FLIT Communication Cost (flits x average hopcount)=335

*** App3 - Mapping0 ***
Execution Time (CPU + Comm.) (executions,min,avg,max)=1,5090,5090,5090 (cycles)
Communication Time per Branch (payloads,min,avg,max)
  br0: 1-2=0,0,0,0 -> 2-4=0,0,0,0 -->> T(min,avg,max)=0,0,0 (cycles)
  br1: 1-3=0,0,0,0 -> 3-4=0,0,0,0 -->> T(min,avg,max)=0,0,0 (cycles)
Communication Time Critical Branch (min,avg,max)=0,0,0 (cycles)
Transmission Start Delay (head_flits_tx,min,avg,max)=0,0,0,0 (cycles)
FLITs Transmitted to Same PE=165
FLITs Ignored due to Application Unmapping=0
FLIT End2End Latency (flits,min,avg,max)=0,0,0,0 (cycles)
FLIT End2End HopCount (flits,min,avg,max)=0,0,0,0
FLIT Communication Cost (flits x average hopcount)=0

*** App3 - Mapping1 ***
Execution Time (CPU + Comm.) (executions,min,avg,max)=3,1349,1402,1440 (cycles)
Communication Time per Branch (payloads,min,avg,max)
  br0: 1-2=5,33,33,33 -> 2-4=4,45,45,45 -->> T(min,avg,max)=78,78,78 (cycles)
  br1: 1-3=5,25,25,25 -> 3-4=3,53,56,63 -->> T(min,avg,max)=78,81,88 (cycles)
Communication Time Critical Branch (min,avg,max)=78,78,78 (cycles)
Transmission Start Delay (head_flits_tx,min,avg,max)=18,0,2,10 (cycles)
FLITs Transmitted to Same PE=0
FLITs Ignored due to Application Unmapping=25
FLIT End2End Latency (flits,min,avg,max)=280,5,6.60714,15 (cycles)
FLIT End2End HopCount (flits,min,avg,max)=280,1,1.46429,2
FLIT Communication Cost (flits x average hopcount)=410

*** App overall ***
Execution Time (CPU + Comm.) (executions,min,avg,max)=9,825,2340,5255 (cycles)
Communication Time Critical Branch (min,avg,max)=78,81,103 (cycles)
Transmission Start Delay (head_flits_tx,min,avg,max)=44,0,3,30 (cycles)
FLITs Transmitted to Same PE=495
FLITs Ignored due to Application Unmapping=25
FLIT End2End Latency (flits,min,avg,max)=705,5,7,32 (cycles)
FLIT End2End HopCount (flits,min,avg,max)=705,1,1.43972,2
FLIT Communication Cost (flits x average hopcount)=1015


*** pe: 0 ***
Total FLITs Transmitted=325
Total FLITs Received=0
Total Context Switching Cycles=910
Total Task Execution Cycles=7470
Total PE Idle Cycles=330
Total Mapped Task Cycles=8710
Total Mapped Task Cycles (expected)=8710
Total Energy (J)=0.00374593
      Context Switching Energy (J)=0.00040677
      Task Execution Energy (J)=0.00333909
      Idle Energy (J)=7.194e-08

*** pe: 1 ***
Total FLITs Transmitted=180
Total FLITs Received=195
Total Context Switching Cycles=270
Total Task Execution Cycles=2306
Total PE Idle Cycles=1134
Total Mapped Task Cycles=3710
Total Mapped Task Cycles (expected)=3710
Total Energy (J)=0.00115172
      Context Switching Energy (J)=0.00012069
      Task Execution Energy (J)=0.00103078
      Idle Energy (J)=2.47212e-07

*** pe: 2 ***
Total FLITs Transmitted=225
Total FLITs Received=130
Total Context Switching Cycles=260
Total Task Execution Cycles=2319
Total PE Idle Cycles=1131
Total Mapped Task Cycles=3710
Total Mapped Task Cycles (expected)=3710
Total Energy (J)=0.00115306
      Context Switching Energy (J)=0.00011622
      Task Execution Energy (J)=0.00103659
      Idle Energy (J)=2.46558e-07

*** pe: 3 ***
Total FLITs Transmitted=0
Total FLITs Received=405
Total Context Switching Cycles=110
Total Task Execution Cycles=1546
Total PE Idle Cycles=2054
Total Mapped Task Cycles=3710
Total Mapped Task Cycles (expected)=3710
Total Energy (J)=0.00074068
      Context Switching Energy (J)=4.917e-05
      Task Execution Energy (J)=0.000691062
      Idle Energy (J)=4.47772e-07

*** pe overall ***
Total FLITs Transmitted=730
Total FLITs Received=730
Total Context Switching Cycles=1550
Total Task Execution Cycles=13641
Total PE Idle Cycles=4649
Total Mapped Task Cycles=19840
Total Energy (J)=0.00679139
      Context Switching Energy (J)=0.00069285
      Task Execution Energy (J)=0.00609753
      Idle Energy (J)=1.01348e-06


***************
WNoC Statistics
***************

% Total received packets: 44
% Total received flits: 730
% Received/Ideal flits Ratio: 0.000506944
% Average wireless utilization: 0
% Global average delay (cycles): 6.25
% Max delay (cycles): 31
% Network throughput (flits/cycle): 0.0811111
% Average IP throughput (flits/cycle/IP): 0.00506944
% Total energy (J): 3.48871e-06
% 	Dynamic energy (J): 1.07275e-08
% 	Static energy (J): 3.47798e-06

