Task Mapping Simulation File created on: Tue Oct 18 11:33:28 2016

************************
TaskMapping File Reading
************************

App:   1, 200
Task:  1, 150, 2, 15
Task:  2, 100, 3, 20
Task:  3, 150, -1, 0
MAP:   1100, 3000, 1, 0, 2, 0, 3, 0
MAP:   3100, 5000, 1, 0, 2, 1, 3, 2
MAP:   5100, 7000, 1, 0, 2, 15, 3, 12
App:   2, 200
Task:  1, 150, 2, 15
Task:  2, 100, 3, 20
Task:  3, 150, -1, 0
MAP:   1500, 3400, 1, 0, 2, 0, 3, 0
MAP:   3500, 5400, 1, 0, 2, 1, 3, 2
MAP:   5500, 7400, 1, 0, 2, 15, 3, 12
SIM:  100, 10, 10, 12

**************************
Task Mapping Configuration
**************************

app: 1, root_task: 1, min_restart: 200, leaf_task: 3
  task: 1, pb0 ( et: 150, st: 2, pl: 15 )
  task: 2, pb0 ( et: 100, st: 3, pl: 20 ), ant: 1
  task: 3, pb0 ( et: 150, st: -1, pl: 0 ), ant: 2

  mapping: 0, start: 1100, stop: 3000, task1(pe0), task2(pe0), task3(pe0)
  mapping: 1, start: 3100, stop: 5000, task1(pe0), task2(pe1), task3(pe2)
  mapping: 2, start: 5100, stop: 7000, task1(pe0), task2(pe15), task3(pe12)

app: 2, root_task: 1, min_restart: 200, leaf_task: 3
  task: 1, pb0 ( et: 150, st: 2, pl: 15 )
  task: 2, pb0 ( et: 100, st: 3, pl: 20 ), ant: 1
  task: 3, pb0 ( et: 150, st: -1, pl: 0 ), ant: 2

  mapping: 0, start: 1500, stop: 3400, task1(pe0), task2(pe0), task3(pe0)
  mapping: 1, start: 3500, stop: 5400, task1(pe0), task2(pe1), task3(pe2)
  mapping: 2, start: 5500, stop: 7400, task1(pe0), task2(pe15), task3(pe12)

pe: 0
  start-stop: 1100-3000, app1,task1, app1,task2, app1,task3
  start-stop: 1500-3400, app2,task1, app2,task2, app2,task3
  start-stop: 3100-5000, app1,task1
  start-stop: 3500-5400, app2,task1
  start-stop: 5100-7000, app1,task1
  start-stop: 5500-7400, app2,task1
pe: 1
  start-stop: 3100-5000, app1,task2
  start-stop: 3500-5400, app2,task2
pe: 2
  start-stop: 3100-5000, app1,task3
  start-stop: 3500-5400, app2,task3
pe: 12
  start-stop: 5100-7000, app1,task3
  start-stop: 5500-7400, app2,task3
pe: 15
  start-stop: 5100-7000, app1,task2
  start-stop: 5500-7400, app2,task2

********************************
TaskMapping Simulation Execution
********************************

(00) @001090 pe000,app01,tsk01 -> being mapped to pe0.
(02) @001090 pe000,app01,tsk01 -> in sleeping state.
(00) @001090 pe000,app01,tsk02 -> being mapped to pe0.
(01) @001090 pe000,app01,tsk02 -> in waiting rx state.
(00) @001090 pe000,app01,tsk03 -> being mapped to pe0.
(01) @001090 pe000,app01,tsk03 -> in waiting rx state.
(03) @001100 pe000,app01,tsk01 -> in ready state.
(05) @001100 pe000,app01,tsk01 -> in context switching state.
(06) @001110 pe000,app01,tsk01 -> in running state.
(09) @001110 pe000,app01,tsk01 -> starts its execution with pb0.
(11) @001260 pe000,app01,tsk01 -> pb0 completes its processing.
(13) @001260 pe000,app01,tsk01 -> payload of pb0 is ready to be transferred.
(12) @001260 pe000,app01,tsk01 -> completes its pbs and releases the pe.
(02) @001260 pe000,app01,tsk01 -> in sleeping state.
(15) @001261 pe000,app01,tsk01 -> payload of pb0 being transferred to task in the same pe.
(19) @001261 pe000,app01,tsk02 -> receives payload of pb0 (task1) from same PE.
(08) @001261 pe000,app01,tsk02 -> receives all antecedent payloads.
(03) @001261 pe000,app01,tsk02 -> in ready state.
(05) @001261 pe000,app01,tsk02 -> in context switching state.
(06) @001271 pe000,app01,tsk02 -> in running state.
(09) @001271 pe000,app01,tsk02 -> starts its execution with pb0.
(11) @001371 pe000,app01,tsk02 -> pb0 completes its processing.
(13) @001371 pe000,app01,tsk02 -> payload of pb0 is ready to be transferred.
(12) @001371 pe000,app01,tsk02 -> completes its pbs and releases the pe.
(01) @001371 pe000,app01,tsk02 -> in waiting rx state.
(15) @001372 pe000,app01,tsk02 -> payload of pb0 being transferred to task in the same pe.
(19) @001372 pe000,app01,tsk03 -> receives payload of pb0 (task2) from same PE.
(08) @001372 pe000,app01,tsk03 -> receives all antecedent payloads.
(03) @001372 pe000,app01,tsk03 -> in ready state.
(05) @001372 pe000,app01,tsk03 -> in context switching state.
(06) @001382 pe000,app01,tsk03 -> in running state.
(09) @001382 pe000,app01,tsk03 -> starts its execution with pb0.
(03) @001460 pe000,app01,tsk01 -> in ready state.
(04) @001482 pe000,app01,tsk03 -> in ready state due to context switching.
(05) @001482 pe000,app01,tsk01 -> in context switching state.
(00) @001490 pe000,app02,tsk01 -> being mapped to pe0.
(02) @001490 pe000,app02,tsk01 -> in sleeping state.
(00) @001490 pe000,app02,tsk02 -> being mapped to pe0.
(01) @001490 pe000,app02,tsk02 -> in waiting rx state.
(00) @001490 pe000,app02,tsk03 -> being mapped to pe0.
(01) @001490 pe000,app02,tsk03 -> in waiting rx state.
(06) @001492 pe000,app01,tsk01 -> in running state.
(09) @001492 pe000,app01,tsk01 -> starts its execution with pb0.
(03) @001500 pe000,app02,tsk01 -> in ready state.
(04) @001592 pe000,app01,tsk01 -> in ready state due to context switching.
(05) @001592 pe000,app01,tsk03 -> in context switching state.
(06) @001602 pe000,app01,tsk03 -> in running state.
(10) @001602 pe000,app01,tsk03 -> continues its execution with pb0.
(11) @001652 pe000,app01,tsk03 -> pb0 completes its processing.
(32) @001652 app01,exec_finished -> exectime=542
(12) @001652 pe000,app01,tsk03 -> completes its pbs and releases the pe.
(01) @001652 pe000,app01,tsk03 -> in waiting rx state.
(05) @001652 pe000,app02,tsk01 -> in context switching state.
(06) @001662 pe000,app02,tsk01 -> in running state.
(09) @001662 pe000,app02,tsk01 -> starts its execution with pb0.
(04) @001762 pe000,app02,tsk01 -> in ready state due to context switching.
(05) @001762 pe000,app01,tsk01 -> in context switching state.
(06) @001772 pe000,app01,tsk01 -> in running state.
(10) @001772 pe000,app01,tsk01 -> continues its execution with pb0.
(11) @001822 pe000,app01,tsk01 -> pb0 completes its processing.
(13) @001822 pe000,app01,tsk01 -> payload of pb0 is ready to be transferred.
(12) @001822 pe000,app01,tsk01 -> completes its pbs and releases the pe.
(02) @001822 pe000,app01,tsk01 -> in sleeping state.
(05) @001822 pe000,app02,tsk01 -> in context switching state.
(15) @001823 pe000,app01,tsk01 -> payload of pb0 being transferred to task in the same pe.
(19) @001823 pe000,app01,tsk02 -> receives payload of pb0 (task1) from same PE.
(08) @001823 pe000,app01,tsk02 -> receives all antecedent payloads.
(03) @001823 pe000,app01,tsk02 -> in ready state.
(06) @001832 pe000,app02,tsk01 -> in running state.
(10) @001832 pe000,app02,tsk01 -> continues its execution with pb0.
(11) @001882 pe000,app02,tsk01 -> pb0 completes its processing.
(13) @001882 pe000,app02,tsk01 -> payload of pb0 is ready to be transferred.
(12) @001882 pe000,app02,tsk01 -> completes its pbs and releases the pe.
(02) @001882 pe000,app02,tsk01 -> in sleeping state.
(05) @001882 pe000,app01,tsk02 -> in context switching state.
(15) @001883 pe000,app02,tsk01 -> payload of pb0 being transferred to task in the same pe.
(19) @001883 pe000,app02,tsk02 -> receives payload of pb0 (task1) from same PE.
(08) @001883 pe000,app02,tsk02 -> receives all antecedent payloads.
(03) @001883 pe000,app02,tsk02 -> in ready state.
(06) @001892 pe000,app01,tsk02 -> in running state.
(09) @001892 pe000,app01,tsk02 -> starts its execution with pb0.
(04) @001992 pe000,app01,tsk02 -> in ready state due to context switching.
(05) @001992 pe000,app02,tsk02 -> in context switching state.
(06) @002002 pe000,app02,tsk02 -> in running state.
(09) @002002 pe000,app02,tsk02 -> starts its execution with pb0.
(03) @002022 pe000,app01,tsk01 -> in ready state.
(03) @002082 pe000,app02,tsk01 -> in ready state.
(04) @002102 pe000,app02,tsk02 -> in ready state due to context switching.
(05) @002102 pe000,app01,tsk02 -> in context switching state.
(06) @002112 pe000,app01,tsk02 -> in running state.
(10) @002112 pe000,app01,tsk02 -> continues its execution with pb0.
(11) @002112 pe000,app01,tsk02 -> pb0 completes its processing.
(13) @002112 pe000,app01,tsk02 -> payload of pb0 is ready to be transferred.
(12) @002112 pe000,app01,tsk02 -> completes its pbs and releases the pe.
(01) @002112 pe000,app01,tsk02 -> in waiting rx state.
(05) @002112 pe000,app01,tsk01 -> in context switching state.
(15) @002113 pe000,app01,tsk02 -> payload of pb0 being transferred to task in the same pe.
(19) @002113 pe000,app01,tsk03 -> receives payload of pb0 (task2) from same PE.
(08) @002113 pe000,app01,tsk03 -> receives all antecedent payloads.
(03) @002113 pe000,app01,tsk03 -> in ready state.
(06) @002122 pe000,app01,tsk01 -> in running state.
(09) @002122 pe000,app01,tsk01 -> starts its execution with pb0.
(04) @002222 pe000,app01,tsk01 -> in ready state due to context switching.
(05) @002222 pe000,app02,tsk01 -> in context switching state.
(06) @002232 pe000,app02,tsk01 -> in running state.
(09) @002232 pe000,app02,tsk01 -> starts its execution with pb0.
(04) @002332 pe000,app02,tsk01 -> in ready state due to context switching.
(05) @002332 pe000,app02,tsk02 -> in context switching state.
(06) @002342 pe000,app02,tsk02 -> in running state.
(10) @002342 pe000,app02,tsk02 -> continues its execution with pb0.
(11) @002342 pe000,app02,tsk02 -> pb0 completes its processing.
(13) @002342 pe000,app02,tsk02 -> payload of pb0 is ready to be transferred.
(12) @002342 pe000,app02,tsk02 -> completes its pbs and releases the pe.
(01) @002342 pe000,app02,tsk02 -> in waiting rx state.
(05) @002342 pe000,app01,tsk03 -> in context switching state.
(15) @002343 pe000,app02,tsk02 -> payload of pb0 being transferred to task in the same pe.
(19) @002343 pe000,app02,tsk03 -> receives payload of pb0 (task2) from same PE.
(08) @002343 pe000,app02,tsk03 -> receives all antecedent payloads.
(03) @002343 pe000,app02,tsk03 -> in ready state.
(06) @002352 pe000,app01,tsk03 -> in running state.
(09) @002352 pe000,app01,tsk03 -> starts its execution with pb0.
(04) @002452 pe000,app01,tsk03 -> in ready state due to context switching.
(05) @002452 pe000,app01,tsk01 -> in context switching state.
(06) @002462 pe000,app01,tsk01 -> in running state.
(10) @002462 pe000,app01,tsk01 -> continues its execution with pb0.
(11) @002512 pe000,app01,tsk01 -> pb0 completes its processing.
(13) @002512 pe000,app01,tsk01 -> payload of pb0 is ready to be transferred.
(12) @002512 pe000,app01,tsk01 -> completes its pbs and releases the pe.
(02) @002512 pe000,app01,tsk01 -> in sleeping state.
(05) @002512 pe000,app02,tsk01 -> in context switching state.
(15) @002513 pe000,app01,tsk01 -> payload of pb0 being transferred to task in the same pe.
(19) @002513 pe000,app01,tsk02 -> receives payload of pb0 (task1) from same PE.
(08) @002513 pe000,app01,tsk02 -> receives all antecedent payloads.
(03) @002513 pe000,app01,tsk02 -> in ready state.
(06) @002522 pe000,app02,tsk01 -> in running state.
(10) @002522 pe000,app02,tsk01 -> continues its execution with pb0.
(11) @002572 pe000,app02,tsk01 -> pb0 completes its processing.
(13) @002572 pe000,app02,tsk01 -> payload of pb0 is ready to be transferred.
(12) @002572 pe000,app02,tsk01 -> completes its pbs and releases the pe.
(02) @002572 pe000,app02,tsk01 -> in sleeping state.
(05) @002572 pe000,app02,tsk03 -> in context switching state.
(15) @002573 pe000,app02,tsk01 -> payload of pb0 being transferred to task in the same pe.
(19) @002573 pe000,app02,tsk02 -> receives payload of pb0 (task1) from same PE.
(08) @002573 pe000,app02,tsk02 -> receives all antecedent payloads.
(03) @002573 pe000,app02,tsk02 -> in ready state.
(06) @002582 pe000,app02,tsk03 -> in running state.
(09) @002582 pe000,app02,tsk03 -> starts its execution with pb0.
(04) @002682 pe000,app02,tsk03 -> in ready state due to context switching.
(05) @002682 pe000,app01,tsk03 -> in context switching state.
(06) @002692 pe000,app01,tsk03 -> in running state.
(10) @002692 pe000,app01,tsk03 -> continues its execution with pb0.
(03) @002712 pe000,app01,tsk01 -> in ready state.
(11) @002742 pe000,app01,tsk03 -> pb0 completes its processing.
(32) @002742 app01,exec_finished -> exectime=1250
(12) @002742 pe000,app01,tsk03 -> completes its pbs and releases the pe.
(01) @002742 pe000,app01,tsk03 -> in waiting rx state.
(05) @002742 pe000,app01,tsk02 -> in context switching state.
(06) @002752 pe000,app01,tsk02 -> in running state.
(09) @002752 pe000,app01,tsk02 -> starts its execution with pb0.
(03) @002772 pe000,app02,tsk01 -> in ready state.
(04) @002852 pe000,app01,tsk02 -> in ready state due to context switching.
(05) @002852 pe000,app02,tsk02 -> in context switching state.
(06) @002862 pe000,app02,tsk02 -> in running state.
(09) @002862 pe000,app02,tsk02 -> starts its execution with pb0.
(04) @002962 pe000,app02,tsk02 -> in ready state due to context switching.
(05) @002962 pe000,app02,tsk03 -> in context switching state.
(06) @002972 pe000,app02,tsk03 -> in running state.
(10) @002972 pe000,app02,tsk03 -> continues its execution with pb0.
(07) @003000 pe000,app01,tsk03 -> stops and is unmapped at @3000 (root stopped at @3000).
(07) @003000 pe000,app01,tsk01 -> stops and is unmapped at @3000 (expected at @3000).
(07) @003000 pe000,app01,tsk02 -> stops and is unmapped at @3000 (root stopped at @3000).
(33) @003000 pe000,acum_cycles_performed -> contextswitching=220,taskexecution=1650,pe_idle=12
(11) @003022 pe000,app02,tsk03 -> pb0 completes its processing.
(32) @003022 app02,exec_finished -> exectime=1360
(12) @003022 pe000,app02,tsk03 -> completes its pbs and releases the pe.
(01) @003022 pe000,app02,tsk03 -> in waiting rx state.
(05) @003022 pe000,app02,tsk01 -> in context switching state.
(06) @003032 pe000,app02,tsk01 -> in running state.
(09) @003032 pe000,app02,tsk01 -> starts its execution with pb0.
(00) @003090 pe000,app01,tsk01 -> being mapped to pe0.
(02) @003090 pe000,app01,tsk01 -> in sleeping state.
(00) @003090 pe001,app01,tsk02 -> being mapped to pe1.
(01) @003090 pe001,app01,tsk02 -> in waiting rx state.
(00) @003090 pe002,app01,tsk03 -> being mapped to pe2.
(01) @003090 pe002,app01,tsk03 -> in waiting rx state.
(03) @003100 pe000,app01,tsk01 -> in ready state.
(04) @003132 pe000,app02,tsk01 -> in ready state due to context switching.
(05) @003132 pe000,app02,tsk02 -> in context switching state.
(06) @003142 pe000,app02,tsk02 -> in running state.
(10) @003142 pe000,app02,tsk02 -> continues its execution with pb0.
(11) @003142 pe000,app02,tsk02 -> pb0 completes its processing.
(13) @003142 pe000,app02,tsk02 -> payload of pb0 is ready to be transferred.
(12) @003142 pe000,app02,tsk02 -> completes its pbs and releases the pe.
(01) @003142 pe000,app02,tsk02 -> in waiting rx state.
(05) @003142 pe000,app01,tsk01 -> in context switching state.
(15) @003143 pe000,app02,tsk02 -> payload of pb0 being transferred to task in the same pe.
(19) @003143 pe000,app02,tsk03 -> receives payload of pb0 (task2) from same PE.
(08) @003143 pe000,app02,tsk03 -> receives all antecedent payloads.
(03) @003143 pe000,app02,tsk03 -> in ready state.
(06) @003152 pe000,app01,tsk01 -> in running state.
(09) @003152 pe000,app01,tsk01 -> starts its execution with pb0.
(04) @003252 pe000,app01,tsk01 -> in ready state due to context switching.
(05) @003252 pe000,app02,tsk01 -> in context switching state.
(06) @003262 pe000,app02,tsk01 -> in running state.
(10) @003262 pe000,app02,tsk01 -> continues its execution with pb0.
(11) @003312 pe000,app02,tsk01 -> pb0 completes its processing.
(13) @003312 pe000,app02,tsk01 -> payload of pb0 is ready to be transferred.
(12) @003312 pe000,app02,tsk01 -> completes its pbs and releases the pe.
(02) @003312 pe000,app02,tsk01 -> in sleeping state.
(05) @003312 pe000,app02,tsk03 -> in context switching state.
(15) @003313 pe000,app02,tsk01 -> payload of pb0 being transferred to task in the same pe.
(19) @003313 pe000,app02,tsk02 -> receives payload of pb0 (task1) from same PE.
(08) @003313 pe000,app02,tsk02 -> receives all antecedent payloads.
(03) @003313 pe000,app02,tsk02 -> in ready state.
(06) @003322 pe000,app02,tsk03 -> in running state.
(09) @003322 pe000,app02,tsk03 -> starts its execution with pb0.
(07) @003400 pe000,app02,tsk01 -> stops and is unmapped at @3400 (expected at @3400).
(07) @003400 pe000,app02,tsk02 -> stops and is unmapped at @3400 (root stopped at @3400).
(07) @003400 pe000,app02,tsk03 -> stops and is unmapped at @3400 (root stopped at @3400).
(05) @003400 pe000,app01,tsk01 -> in context switching state.
(33) @003400 pe000,acum_cycles_performed -> contextswitching=270,taskexecution=2028,pe_idle=12
(06) @003410 pe000,app01,tsk01 -> in running state.
(10) @003410 pe000,app01,tsk01 -> continues its execution with pb0.
(11) @003460 pe000,app01,tsk01 -> pb0 completes its processing.
(13) @003460 pe000,app01,tsk01 -> payload of pb0 is ready to be transferred.
(12) @003460 pe000,app01,tsk01 -> completes its pbs and releases the pe.
(02) @003460 pe000,app01,tsk01 -> in sleeping state.
(16) @003461 pe000,app01,tsk01 -> payload of pb0 being transferred to WNoC.
(00) @003490 pe000,app02,tsk01 -> being mapped to pe0.
(02) @003490 pe000,app02,tsk01 -> in sleeping state.
(00) @003490 pe001,app02,tsk02 -> being mapped to pe1.
(01) @003490 pe001,app02,tsk02 -> in waiting rx state.
(00) @003490 pe002,app02,tsk03 -> being mapped to pe2.
(01) @003490 pe002,app02,tsk03 -> in waiting rx state.
(20) @003494 pe001,app01,tsk02 -> receives payload of pb0 (task1) from WNoC.
(08) @003494 pe001,app01,tsk02 -> receives all antecedent payloads.
(03) @003494 pe001,app01,tsk02 -> in ready state.
(05) @003494 pe001,app01,tsk02 -> in context switching state.
(30) @003494 app01,tsk01->tsk02,end2end_latency -> flits=15,min=5,avg=5,max=5
(31) @003494 app01,tsk01->tsk02,end2end_hopcount -> flits=15,min=1,avg=1,max=1
(03) @003500 pe000,app02,tsk01 -> in ready state.
(05) @003500 pe000,app02,tsk01 -> in context switching state.
(06) @003504 pe001,app01,tsk02 -> in running state.
(09) @003504 pe001,app01,tsk02 -> starts its execution with pb0.
(06) @003510 pe000,app02,tsk01 -> in running state.
(09) @003510 pe000,app02,tsk01 -> starts its execution with pb0.
(11) @003604 pe001,app01,tsk02 -> pb0 completes its processing.
(13) @003604 pe001,app01,tsk02 -> payload of pb0 is ready to be transferred.
(12) @003604 pe001,app01,tsk02 -> completes its pbs and releases the pe.
(01) @003604 pe001,app01,tsk02 -> in waiting rx state.
(16) @003605 pe001,app01,tsk02 -> payload of pb0 being transferred to WNoC.
(20) @003648 pe002,app01,tsk03 -> receives payload of pb0 (task2) from WNoC.
(08) @003648 pe002,app01,tsk03 -> receives all antecedent payloads.
(03) @003648 pe002,app01,tsk03 -> in ready state.
(05) @003648 pe002,app01,tsk03 -> in context switching state.
(30) @003648 app01,tsk02->tsk03,end2end_latency -> flits=20,min=5,avg=5,max=5
(31) @003648 app01,tsk02->tsk03,end2end_hopcount -> flits=20,min=1,avg=1,max=1
(06) @003658 pe002,app01,tsk03 -> in running state.
(09) @003658 pe002,app01,tsk03 -> starts its execution with pb0.
(03) @003660 pe000,app01,tsk01 -> in ready state.
(11) @003660 pe000,app02,tsk01 -> pb0 completes its processing.
(13) @003660 pe000,app02,tsk01 -> payload of pb0 is ready to be transferred.
(12) @003660 pe000,app02,tsk01 -> completes its pbs and releases the pe.
(02) @003660 pe000,app02,tsk01 -> in sleeping state.
(05) @003660 pe000,app01,tsk01 -> in context switching state.
(16) @003661 pe000,app02,tsk01 -> payload of pb0 being transferred to WNoC.
(06) @003670 pe000,app01,tsk01 -> in running state.
(09) @003670 pe000,app01,tsk01 -> starts its execution with pb0.
(20) @003694 pe001,app02,tsk02 -> receives payload of pb0 (task1) from WNoC.
(08) @003694 pe001,app02,tsk02 -> receives all antecedent payloads.
(03) @003694 pe001,app02,tsk02 -> in ready state.
(05) @003694 pe001,app02,tsk02 -> in context switching state.
(30) @003694 app02,tsk01->tsk02,end2end_latency -> flits=15,min=5,avg=5,max=5
(31) @003694 app02,tsk01->tsk02,end2end_hopcount -> flits=15,min=1,avg=1,max=1
(06) @003704 pe001,app02,tsk02 -> in running state.
(09) @003704 pe001,app02,tsk02 -> starts its execution with pb0.
(11) @003804 pe001,app02,tsk02 -> pb0 completes its processing.
(13) @003804 pe001,app02,tsk02 -> payload of pb0 is ready to be transferred.
(12) @003804 pe001,app02,tsk02 -> completes its pbs and releases the pe.
(01) @003804 pe001,app02,tsk02 -> in waiting rx state.
(16) @003805 pe001,app02,tsk02 -> payload of pb0 being transferred to WNoC.
(11) @003808 pe002,app01,tsk03 -> pb0 completes its processing.
(32) @003808 app01,exec_finished -> exectime=656
(12) @003808 pe002,app01,tsk03 -> completes its pbs and releases the pe.
(01) @003808 pe002,app01,tsk03 -> in waiting rx state.
(11) @003820 pe000,app01,tsk01 -> pb0 completes its processing.
(13) @003820 pe000,app01,tsk01 -> payload of pb0 is ready to be transferred.
(12) @003820 pe000,app01,tsk01 -> completes its pbs and releases the pe.
(02) @003820 pe000,app01,tsk01 -> in sleeping state.
(16) @003821 pe000,app01,tsk01 -> payload of pb0 being transferred to WNoC.
(20) @003848 pe002,app02,tsk03 -> receives payload of pb0 (task2) from WNoC.
(08) @003848 pe002,app02,tsk03 -> receives all antecedent payloads.
(03) @003848 pe002,app02,tsk03 -> in ready state.
(05) @003848 pe002,app02,tsk03 -> in context switching state.
(30) @003848 app02,tsk02->tsk03,end2end_latency -> flits=20,min=5,avg=5,max=5
(31) @003848 app02,tsk02->tsk03,end2end_hopcount -> flits=20,min=1,avg=1,max=1
(20) @003854 pe001,app01,tsk02 -> receives payload of pb0 (task1) from WNoC.
(08) @003854 pe001,app01,tsk02 -> receives all antecedent payloads.
(03) @003854 pe001,app01,tsk02 -> in ready state.
(05) @003854 pe001,app01,tsk02 -> in context switching state.
(30) @003854 app01,tsk01->tsk02,end2end_latency -> flits=15,min=5,avg=5,max=5
(31) @003854 app01,tsk01->tsk02,end2end_hopcount -> flits=15,min=1,avg=1,max=1
(06) @003858 pe002,app02,tsk03 -> in running state.
(09) @003858 pe002,app02,tsk03 -> starts its execution with pb0.
(03) @003860 pe000,app02,tsk01 -> in ready state.
(05) @003860 pe000,app02,tsk01 -> in context switching state.
(06) @003864 pe001,app01,tsk02 -> in running state.
(09) @003864 pe001,app01,tsk02 -> starts its execution with pb0.
(06) @003870 pe000,app02,tsk01 -> in running state.
(09) @003870 pe000,app02,tsk01 -> starts its execution with pb0.
(11) @003964 pe001,app01,tsk02 -> pb0 completes its processing.
(13) @003964 pe001,app01,tsk02 -> payload of pb0 is ready to be transferred.
(12) @003964 pe001,app01,tsk02 -> completes its pbs and releases the pe.
(01) @003964 pe001,app01,tsk02 -> in waiting rx state.
(16) @003965 pe001,app01,tsk02 -> payload of pb0 being transferred to WNoC.
(20) @004008 pe002,app01,tsk03 -> receives payload of pb0 (task2) from WNoC.
(08) @004008 pe002,app01,tsk03 -> receives all antecedent payloads.
(03) @004008 pe002,app01,tsk03 -> in ready state.
(30) @004008 app01,tsk02->tsk03,end2end_latency -> flits=20,min=5,avg=5,max=5
(31) @004008 app01,tsk02->tsk03,end2end_hopcount -> flits=20,min=1,avg=1,max=1
(11) @004008 pe002,app02,tsk03 -> pb0 completes its processing.
(32) @004008 app02,exec_finished -> exectime=498
(12) @004008 pe002,app02,tsk03 -> completes its pbs and releases the pe.
(01) @004008 pe002,app02,tsk03 -> in waiting rx state.
(05) @004008 pe002,app01,tsk03 -> in context switching state.
(06) @004018 pe002,app01,tsk03 -> in running state.
(09) @004018 pe002,app01,tsk03 -> starts its execution with pb0.
(03) @004020 pe000,app01,tsk01 -> in ready state.
(11) @004020 pe000,app02,tsk01 -> pb0 completes its processing.
(13) @004020 pe000,app02,tsk01 -> payload of pb0 is ready to be transferred.
(12) @004020 pe000,app02,tsk01 -> completes its pbs and releases the pe.
(02) @004020 pe000,app02,tsk01 -> in sleeping state.
(05) @004020 pe000,app01,tsk01 -> in context switching state.
(16) @004021 pe000,app02,tsk01 -> payload of pb0 being transferred to WNoC.
(06) @004030 pe000,app01,tsk01 -> in running state.
(09) @004030 pe000,app01,tsk01 -> starts its execution with pb0.
(20) @004054 pe001,app02,tsk02 -> receives payload of pb0 (task1) from WNoC.
(08) @004054 pe001,app02,tsk02 -> receives all antecedent payloads.
(03) @004054 pe001,app02,tsk02 -> in ready state.
(05) @004054 pe001,app02,tsk02 -> in context switching state.
(30) @004054 app02,tsk01->tsk02,end2end_latency -> flits=15,min=5,avg=5,max=5
(31) @004054 app02,tsk01->tsk02,end2end_hopcount -> flits=15,min=1,avg=1,max=1
(06) @004064 pe001,app02,tsk02 -> in running state.
(09) @004064 pe001,app02,tsk02 -> starts its execution with pb0.
(11) @004164 pe001,app02,tsk02 -> pb0 completes its processing.
(13) @004164 pe001,app02,tsk02 -> payload of pb0 is ready to be transferred.
(12) @004164 pe001,app02,tsk02 -> completes its pbs and releases the pe.
(01) @004164 pe001,app02,tsk02 -> in waiting rx state.
(16) @004165 pe001,app02,tsk02 -> payload of pb0 being transferred to WNoC.
(11) @004168 pe002,app01,tsk03 -> pb0 completes its processing.
(32) @004168 app01,exec_finished -> exectime=498
(12) @004168 pe002,app01,tsk03 -> completes its pbs and releases the pe.
(01) @004168 pe002,app01,tsk03 -> in waiting rx state.
(11) @004180 pe000,app01,tsk01 -> pb0 completes its processing.
(13) @004180 pe000,app01,tsk01 -> payload of pb0 is ready to be transferred.
(12) @004180 pe000,app01,tsk01 -> completes its pbs and releases the pe.
(02) @004180 pe000,app01,tsk01 -> in sleeping state.
(16) @004181 pe000,app01,tsk01 -> payload of pb0 being transferred to WNoC.
(20) @004208 pe002,app02,tsk03 -> receives payload of pb0 (task2) from WNoC.
(08) @004208 pe002,app02,tsk03 -> receives all antecedent payloads.
(03) @004208 pe002,app02,tsk03 -> in ready state.
(05) @004208 pe002,app02,tsk03 -> in context switching state.
(30) @004208 app02,tsk02->tsk03,end2end_latency -> flits=20,min=5,avg=5,max=5
(31) @004208 app02,tsk02->tsk03,end2end_hopcount -> flits=20,min=1,avg=1,max=1
(20) @004214 pe001,app01,tsk02 -> receives payload of pb0 (task1) from WNoC.
(08) @004214 pe001,app01,tsk02 -> receives all antecedent payloads.
(03) @004214 pe001,app01,tsk02 -> in ready state.
(05) @004214 pe001,app01,tsk02 -> in context switching state.
(30) @004214 app01,tsk01->tsk02,end2end_latency -> flits=15,min=5,avg=5,max=5
(31) @004214 app01,tsk01->tsk02,end2end_hopcount -> flits=15,min=1,avg=1,max=1
(06) @004218 pe002,app02,tsk03 -> in running state.
(09) @004218 pe002,app02,tsk03 -> starts its execution with pb0.
(03) @004220 pe000,app02,tsk01 -> in ready state.
(05) @004220 pe000,app02,tsk01 -> in context switching state.
(06) @004224 pe001,app01,tsk02 -> in running state.
(09) @004224 pe001,app01,tsk02 -> starts its execution with pb0.
(06) @004230 pe000,app02,tsk01 -> in running state.
(09) @004230 pe000,app02,tsk01 -> starts its execution with pb0.
(11) @004324 pe001,app01,tsk02 -> pb0 completes its processing.
(13) @004324 pe001,app01,tsk02 -> payload of pb0 is ready to be transferred.
(12) @004324 pe001,app01,tsk02 -> completes its pbs and releases the pe.
(01) @004324 pe001,app01,tsk02 -> in waiting rx state.
(16) @004325 pe001,app01,tsk02 -> payload of pb0 being transferred to WNoC.
(20) @004368 pe002,app01,tsk03 -> receives payload of pb0 (task2) from WNoC.
(08) @004368 pe002,app01,tsk03 -> receives all antecedent payloads.
(03) @004368 pe002,app01,tsk03 -> in ready state.
(30) @004368 app01,tsk02->tsk03,end2end_latency -> flits=20,min=5,avg=5,max=5
(31) @004368 app01,tsk02->tsk03,end2end_hopcount -> flits=20,min=1,avg=1,max=1
(11) @004368 pe002,app02,tsk03 -> pb0 completes its processing.
(32) @004368 app02,exec_finished -> exectime=498
(12) @004368 pe002,app02,tsk03 -> completes its pbs and releases the pe.
(01) @004368 pe002,app02,tsk03 -> in waiting rx state.
(05) @004368 pe002,app01,tsk03 -> in context switching state.
(06) @004378 pe002,app01,tsk03 -> in running state.
(09) @004378 pe002,app01,tsk03 -> starts its execution with pb0.
(03) @004380 pe000,app01,tsk01 -> in ready state.
(11) @004380 pe000,app02,tsk01 -> pb0 completes its processing.
(13) @004380 pe000,app02,tsk01 -> payload of pb0 is ready to be transferred.
(12) @004380 pe000,app02,tsk01 -> completes its pbs and releases the pe.
(02) @004380 pe000,app02,tsk01 -> in sleeping state.
(05) @004380 pe000,app01,tsk01 -> in context switching state.
(16) @004381 pe000,app02,tsk01 -> payload of pb0 being transferred to WNoC.
(06) @004390 pe000,app01,tsk01 -> in running state.
(09) @004390 pe000,app01,tsk01 -> starts its execution with pb0.
(20) @004414 pe001,app02,tsk02 -> receives payload of pb0 (task1) from WNoC.
(08) @004414 pe001,app02,tsk02 -> receives all antecedent payloads.
(03) @004414 pe001,app02,tsk02 -> in ready state.
(05) @004414 pe001,app02,tsk02 -> in context switching state.
(30) @004414 app02,tsk01->tsk02,end2end_latency -> flits=15,min=5,avg=5,max=5
(31) @004414 app02,tsk01->tsk02,end2end_hopcount -> flits=15,min=1,avg=1,max=1
(06) @004424 pe001,app02,tsk02 -> in running state.
(09) @004424 pe001,app02,tsk02 -> starts its execution with pb0.
(11) @004524 pe001,app02,tsk02 -> pb0 completes its processing.
(13) @004524 pe001,app02,tsk02 -> payload of pb0 is ready to be transferred.
(12) @004524 pe001,app02,tsk02 -> completes its pbs and releases the pe.
(01) @004524 pe001,app02,tsk02 -> in waiting rx state.
(16) @004525 pe001,app02,tsk02 -> payload of pb0 being transferred to WNoC.
(11) @004528 pe002,app01,tsk03 -> pb0 completes its processing.
(32) @004528 app01,exec_finished -> exectime=498
(12) @004528 pe002,app01,tsk03 -> completes its pbs and releases the pe.
(01) @004528 pe002,app01,tsk03 -> in waiting rx state.
(11) @004540 pe000,app01,tsk01 -> pb0 completes its processing.
(13) @004540 pe000,app01,tsk01 -> payload of pb0 is ready to be transferred.
(12) @004540 pe000,app01,tsk01 -> completes its pbs and releases the pe.
(02) @004540 pe000,app01,tsk01 -> in sleeping state.
(16) @004541 pe000,app01,tsk01 -> payload of pb0 being transferred to WNoC.
(20) @004568 pe002,app02,tsk03 -> receives payload of pb0 (task2) from WNoC.
(08) @004568 pe002,app02,tsk03 -> receives all antecedent payloads.
(03) @004568 pe002,app02,tsk03 -> in ready state.
(05) @004568 pe002,app02,tsk03 -> in context switching state.
(30) @004568 app02,tsk02->tsk03,end2end_latency -> flits=20,min=5,avg=5,max=5
(31) @004568 app02,tsk02->tsk03,end2end_hopcount -> flits=20,min=1,avg=1,max=1
(20) @004574 pe001,app01,tsk02 -> receives payload of pb0 (task1) from WNoC.
(08) @004574 pe001,app01,tsk02 -> receives all antecedent payloads.
(03) @004574 pe001,app01,tsk02 -> in ready state.
(05) @004574 pe001,app01,tsk02 -> in context switching state.
(30) @004574 app01,tsk01->tsk02,end2end_latency -> flits=15,min=5,avg=5,max=5
(31) @004574 app01,tsk01->tsk02,end2end_hopcount -> flits=15,min=1,avg=1,max=1
(06) @004578 pe002,app02,tsk03 -> in running state.
(09) @004578 pe002,app02,tsk03 -> starts its execution with pb0.
(03) @004580 pe000,app02,tsk01 -> in ready state.
(05) @004580 pe000,app02,tsk01 -> in context switching state.
(06) @004584 pe001,app01,tsk02 -> in running state.
(09) @004584 pe001,app01,tsk02 -> starts its execution with pb0.
(06) @004590 pe000,app02,tsk01 -> in running state.
(09) @004590 pe000,app02,tsk01 -> starts its execution with pb0.
(11) @004684 pe001,app01,tsk02 -> pb0 completes its processing.
(13) @004684 pe001,app01,tsk02 -> payload of pb0 is ready to be transferred.
(12) @004684 pe001,app01,tsk02 -> completes its pbs and releases the pe.
(01) @004684 pe001,app01,tsk02 -> in waiting rx state.
(16) @004685 pe001,app01,tsk02 -> payload of pb0 being transferred to WNoC.
(20) @004728 pe002,app01,tsk03 -> receives payload of pb0 (task2) from WNoC.
(08) @004728 pe002,app01,tsk03 -> receives all antecedent payloads.
(03) @004728 pe002,app01,tsk03 -> in ready state.
(30) @004728 app01,tsk02->tsk03,end2end_latency -> flits=20,min=5,avg=5,max=5
(31) @004728 app01,tsk02->tsk03,end2end_hopcount -> flits=20,min=1,avg=1,max=1
(11) @004728 pe002,app02,tsk03 -> pb0 completes its processing.
(32) @004728 app02,exec_finished -> exectime=498
(12) @004728 pe002,app02,tsk03 -> completes its pbs and releases the pe.
(01) @004728 pe002,app02,tsk03 -> in waiting rx state.
(05) @004728 pe002,app01,tsk03 -> in context switching state.
(06) @004738 pe002,app01,tsk03 -> in running state.
(09) @004738 pe002,app01,tsk03 -> starts its execution with pb0.
(03) @004740 pe000,app01,tsk01 -> in ready state.
(11) @004740 pe000,app02,tsk01 -> pb0 completes its processing.
(13) @004740 pe000,app02,tsk01 -> payload of pb0 is ready to be transferred.
(12) @004740 pe000,app02,tsk01 -> completes its pbs and releases the pe.
(02) @004740 pe000,app02,tsk01 -> in sleeping state.
(05) @004740 pe000,app01,tsk01 -> in context switching state.
(16) @004741 pe000,app02,tsk01 -> payload of pb0 being transferred to WNoC.
(06) @004750 pe000,app01,tsk01 -> in running state.
(09) @004750 pe000,app01,tsk01 -> starts its execution with pb0.
(20) @004774 pe001,app02,tsk02 -> receives payload of pb0 (task1) from WNoC.
(08) @004774 pe001,app02,tsk02 -> receives all antecedent payloads.
(03) @004774 pe001,app02,tsk02 -> in ready state.
(05) @004774 pe001,app02,tsk02 -> in context switching state.
(30) @004774 app02,tsk01->tsk02,end2end_latency -> flits=15,min=5,avg=5,max=5
(31) @004774 app02,tsk01->tsk02,end2end_hopcount -> flits=15,min=1,avg=1,max=1
(06) @004784 pe001,app02,tsk02 -> in running state.
(09) @004784 pe001,app02,tsk02 -> starts its execution with pb0.
(11) @004884 pe001,app02,tsk02 -> pb0 completes its processing.
(13) @004884 pe001,app02,tsk02 -> payload of pb0 is ready to be transferred.
(12) @004884 pe001,app02,tsk02 -> completes its pbs and releases the pe.
(01) @004884 pe001,app02,tsk02 -> in waiting rx state.
(16) @004885 pe001,app02,tsk02 -> payload of pb0 being transferred to WNoC.
(11) @004888 pe002,app01,tsk03 -> pb0 completes its processing.
(32) @004888 app01,exec_finished -> exectime=498
(12) @004888 pe002,app01,tsk03 -> completes its pbs and releases the pe.
(01) @004888 pe002,app01,tsk03 -> in waiting rx state.
(11) @004900 pe000,app01,tsk01 -> pb0 completes its processing.
(13) @004900 pe000,app01,tsk01 -> payload of pb0 is ready to be transferred.
(12) @004900 pe000,app01,tsk01 -> completes its pbs and releases the pe.
(02) @004900 pe000,app01,tsk01 -> in sleeping state.
(16) @004901 pe000,app01,tsk01 -> payload of pb0 being transferred to WNoC.
(20) @004928 pe002,app02,tsk03 -> receives payload of pb0 (task2) from WNoC.
(08) @004928 pe002,app02,tsk03 -> receives all antecedent payloads.
(03) @004928 pe002,app02,tsk03 -> in ready state.
(05) @004928 pe002,app02,tsk03 -> in context switching state.
(30) @004928 app02,tsk02->tsk03,end2end_latency -> flits=20,min=5,avg=5,max=5
(31) @004928 app02,tsk02->tsk03,end2end_hopcount -> flits=20,min=1,avg=1,max=1
(20) @004934 pe001,app01,tsk02 -> receives payload of pb0 (task1) from WNoC.
(08) @004934 pe001,app01,tsk02 -> receives all antecedent payloads.
(03) @004934 pe001,app01,tsk02 -> in ready state.
(05) @004934 pe001,app01,tsk02 -> in context switching state.
(30) @004934 app01,tsk01->tsk02,end2end_latency -> flits=15,min=5,avg=5,max=5
(31) @004934 app01,tsk01->tsk02,end2end_hopcount -> flits=15,min=1,avg=1,max=1
(06) @004938 pe002,app02,tsk03 -> in running state.
(09) @004938 pe002,app02,tsk03 -> starts its execution with pb0.
(03) @004940 pe000,app02,tsk01 -> in ready state.
(05) @004940 pe000,app02,tsk01 -> in context switching state.
(06) @004944 pe001,app01,tsk02 -> in running state.
(09) @004944 pe001,app01,tsk02 -> starts its execution with pb0.
(06) @004950 pe000,app02,tsk01 -> in running state.
(09) @004950 pe000,app02,tsk01 -> starts its execution with pb0.
(07) @005000 pe000,app01,tsk01 -> stops and is unmapped at @5000 (expected at @5000).
(33) @005000 pe000,acum_cycles_performed -> contextswitching=370,taskexecution=3278,pe_idle=212
(07) @005000 pe001,app01,tsk02 -> stops and is unmapped at @5000 (root stopped at @5000).
(33) @005000 pe001,acum_cycles_performed -> contextswitching=90,taskexecution=856,pe_idle=964
(07) @005000 pe002,app01,tsk03 -> stops and is unmapped at @5000 (root stopped at @5000).
(33) @005000 pe002,acum_cycles_performed -> contextswitching=80,taskexecution=1050,pe_idle=718
(11) @005088 pe002,app02,tsk03 -> pb0 completes its processing.
(32) @005088 app02,exec_finished -> exectime=498
(12) @005088 pe002,app02,tsk03 -> completes its pbs and releases the pe.
(01) @005088 pe002,app02,tsk03 -> in waiting rx state.
(00) @005090 pe000,app01,tsk01 -> being mapped to pe0.
(02) @005090 pe000,app01,tsk01 -> in sleeping state.
(00) @005090 pe012,app01,tsk03 -> being mapped to pe12.
(01) @005090 pe012,app01,tsk03 -> in waiting rx state.
(00) @005090 pe015,app01,tsk02 -> being mapped to pe15.
(01) @005090 pe015,app01,tsk02 -> in waiting rx state.
(03) @005100 pe000,app01,tsk01 -> in ready state.
(11) @005100 pe000,app02,tsk01 -> pb0 completes its processing.
(13) @005100 pe000,app02,tsk01 -> payload of pb0 is ready to be transferred.
(12) @005100 pe000,app02,tsk01 -> completes its pbs and releases the pe.
(02) @005100 pe000,app02,tsk01 -> in sleeping state.
(05) @005100 pe000,app01,tsk01 -> in context switching state.
(16) @005101 pe000,app02,tsk01 -> payload of pb0 being transferred to WNoC.
(06) @005110 pe000,app01,tsk01 -> in running state.
(09) @005110 pe000,app01,tsk01 -> starts its execution with pb0.
(20) @005134 pe001,app02,tsk02 -> receives payload of pb0 (task1) from WNoC.
(08) @005134 pe001,app02,tsk02 -> receives all antecedent payloads.
(03) @005134 pe001,app02,tsk02 -> in ready state.
(05) @005134 pe001,app02,tsk02 -> in context switching state.
(30) @005134 app02,tsk01->tsk02,end2end_latency -> flits=15,min=5,avg=5,max=5
(31) @005134 app02,tsk01->tsk02,end2end_hopcount -> flits=15,min=1,avg=1,max=1
(06) @005144 pe001,app02,tsk02 -> in running state.
(09) @005144 pe001,app02,tsk02 -> starts its execution with pb0.
(11) @005244 pe001,app02,tsk02 -> pb0 completes its processing.
(13) @005244 pe001,app02,tsk02 -> payload of pb0 is ready to be transferred.
(12) @005244 pe001,app02,tsk02 -> completes its pbs and releases the pe.
(01) @005244 pe001,app02,tsk02 -> in waiting rx state.
(16) @005245 pe001,app02,tsk02 -> payload of pb0 being transferred to WNoC.
(11) @005260 pe000,app01,tsk01 -> pb0 completes its processing.
(13) @005260 pe000,app01,tsk01 -> payload of pb0 is ready to be transferred.
(12) @005260 pe000,app01,tsk01 -> completes its pbs and releases the pe.
(02) @005260 pe000,app01,tsk01 -> in sleeping state.
(16) @005261 pe000,app01,tsk01 -> payload of pb0 being transferred to WNoC.
(20) @005288 pe002,app02,tsk03 -> receives payload of pb0 (task2) from WNoC.
(08) @005288 pe002,app02,tsk03 -> receives all antecedent payloads.
(03) @005288 pe002,app02,tsk03 -> in ready state.
(05) @005288 pe002,app02,tsk03 -> in context switching state.
(30) @005288 app02,tsk02->tsk03,end2end_latency -> flits=20,min=5,avg=5,max=5
(31) @005288 app02,tsk02->tsk03,end2end_hopcount -> flits=20,min=1,avg=1,max=1
(06) @005298 pe002,app02,tsk03 -> in running state.
(09) @005298 pe002,app02,tsk03 -> starts its execution with pb0.
(03) @005300 pe000,app02,tsk01 -> in ready state.
(05) @005300 pe000,app02,tsk01 -> in context switching state.
(06) @005310 pe000,app02,tsk01 -> in running state.
(09) @005310 pe000,app02,tsk01 -> starts its execution with pb0.
(20) @005326 pe015,app01,tsk02 -> receives payload of pb0 (task1) from WNoC.
(08) @005326 pe015,app01,tsk02 -> receives all antecedent payloads.
(03) @005326 pe015,app01,tsk02 -> in ready state.
(05) @005326 pe015,app01,tsk02 -> in context switching state.
(30) @005326 app01,tsk01->tsk02,end2end_latency -> flits=15,min=29,avg=34.3333,max=37
(31) @005326 app01,tsk01->tsk02,end2end_hopcount -> flits=15,min=6,avg=6,max=6
(06) @005336 pe015,app01,tsk02 -> in running state.
(09) @005336 pe015,app01,tsk02 -> starts its execution with pb0.
(07) @005400 pe000,app02,tsk01 -> stops and is unmapped at @5400 (expected at @5400).
(33) @005400 pe000,acum_cycles_performed -> contextswitching=390,taskexecution=3668,pe_idle=252
(07) @005400 pe001,app02,tsk02 -> stops and is unmapped at @5400 (root stopped at @5400).
(33) @005400 pe001,acum_cycles_performed -> contextswitching=100,taskexecution=956,pe_idle=1254
(07) @005400 pe002,app02,tsk03 -> stops and is unmapped at @5400 (root stopped at @5400).
(33) @005400 pe002,acum_cycles_performed -> contextswitching=90,taskexecution=1302,pe_idle=918
(11) @005436 pe015,app01,tsk02 -> pb0 completes its processing.
(13) @005436 pe015,app01,tsk02 -> payload of pb0 is ready to be transferred.
(12) @005436 pe015,app01,tsk02 -> completes its pbs and releases the pe.
(01) @005436 pe015,app01,tsk02 -> in waiting rx state.
(16) @005437 pe015,app01,tsk02 -> payload of pb0 being transferred to WNoC.
(03) @005460 pe000,app01,tsk01 -> in ready state.
(05) @005460 pe000,app01,tsk01 -> in context switching state.
(06) @005470 pe000,app01,tsk01 -> in running state.
(09) @005470 pe000,app01,tsk01 -> starts its execution with pb0.
(20) @005484 pe012,app01,tsk03 -> receives payload of pb0 (task2) from WNoC.
(08) @005484 pe012,app01,tsk03 -> receives all antecedent payloads.
(03) @005484 pe012,app01,tsk03 -> in ready state.
(05) @005484 pe012,app01,tsk03 -> in context switching state.
(30) @005484 app01,tsk02->tsk03,end2end_latency -> flits=20,min=9,avg=9,max=9
(31) @005484 app01,tsk02->tsk03,end2end_hopcount -> flits=20,min=3,avg=3,max=3
(00) @005490 pe000,app02,tsk01 -> being mapped to pe0.
(02) @005490 pe000,app02,tsk01 -> in sleeping state.
(00) @005490 pe012,app02,tsk03 -> being mapped to pe12.
(01) @005490 pe012,app02,tsk03 -> in waiting rx state.
(00) @005490 pe015,app02,tsk02 -> being mapped to pe15.
(01) @005490 pe015,app02,tsk02 -> in waiting rx state.
(06) @005494 pe012,app01,tsk03 -> in running state.
(09) @005494 pe012,app01,tsk03 -> starts its execution with pb0.
(03) @005500 pe000,app02,tsk01 -> in ready state.
(04) @005570 pe000,app01,tsk01 -> in ready state due to context switching.
(05) @005570 pe000,app02,tsk01 -> in context switching state.
(06) @005580 pe000,app02,tsk01 -> in running state.
(09) @005580 pe000,app02,tsk01 -> starts its execution with pb0.
(11) @005644 pe012,app01,tsk03 -> pb0 completes its processing.
(32) @005644 app01,exec_finished -> exectime=534
(12) @005644 pe012,app01,tsk03 -> completes its pbs and releases the pe.
(01) @005644 pe012,app01,tsk03 -> in waiting rx state.
(04) @005680 pe000,app02,tsk01 -> in ready state due to context switching.
(05) @005680 pe000,app01,tsk01 -> in context switching state.
(06) @005690 pe000,app01,tsk01 -> in running state.
(10) @005690 pe000,app01,tsk01 -> continues its execution with pb0.
(11) @005740 pe000,app01,tsk01 -> pb0 completes its processing.
(13) @005740 pe000,app01,tsk01 -> payload of pb0 is ready to be transferred.
(12) @005740 pe000,app01,tsk01 -> completes its pbs and releases the pe.
(02) @005740 pe000,app01,tsk01 -> in sleeping state.
(05) @005740 pe000,app02,tsk01 -> in context switching state.
(16) @005741 pe000,app01,tsk01 -> payload of pb0 being transferred to WNoC.
(06) @005750 pe000,app02,tsk01 -> in running state.
(10) @005750 pe000,app02,tsk01 -> continues its execution with pb0.
(20) @005784 pe015,app01,tsk02 -> receives payload of pb0 (task1) from WNoC.
(08) @005784 pe015,app01,tsk02 -> receives all antecedent payloads.
(03) @005784 pe015,app01,tsk02 -> in ready state.
(05) @005784 pe015,app01,tsk02 -> in context switching state.
(30) @005784 app01,tsk01->tsk02,end2end_latency -> flits=15,min=15,avg=15,max=15
(31) @005784 app01,tsk01->tsk02,end2end_hopcount -> flits=15,min=6,avg=6,max=6
(06) @005794 pe015,app01,tsk02 -> in running state.
(09) @005794 pe015,app01,tsk02 -> starts its execution with pb0.
(11) @005800 pe000,app02,tsk01 -> pb0 completes its processing.
(13) @005800 pe000,app02,tsk01 -> payload of pb0 is ready to be transferred.
(12) @005800 pe000,app02,tsk01 -> completes its pbs and releases the pe.
(02) @005800 pe000,app02,tsk01 -> in sleeping state.
(16) @005801 pe000,app02,tsk01 -> payload of pb0 being transferred to WNoC.
(20) @005844 pe015,app02,tsk02 -> receives payload of pb0 (task1) from WNoC.
(08) @005844 pe015,app02,tsk02 -> receives all antecedent payloads.
(03) @005844 pe015,app02,tsk02 -> in ready state.
(30) @005844 app02,tsk01->tsk02,end2end_latency -> flits=15,min=15,avg=15,max=15
(31) @005844 app02,tsk01->tsk02,end2end_hopcount -> flits=15,min=6,avg=6,max=6
(04) @005894 pe015,app01,tsk02 -> in ready state due to context switching.
(05) @005894 pe015,app02,tsk02 -> in context switching state.
(06) @005904 pe015,app02,tsk02 -> in running state.
(09) @005904 pe015,app02,tsk02 -> starts its execution with pb0.
(03) @005940 pe000,app01,tsk01 -> in ready state.
(05) @005940 pe000,app01,tsk01 -> in context switching state.
(06) @005950 pe000,app01,tsk01 -> in running state.
(09) @005950 pe000,app01,tsk01 -> starts its execution with pb0.
(03) @006000 pe000,app02,tsk01 -> in ready state.
(04) @006004 pe015,app02,tsk02 -> in ready state due to context switching.
(05) @006004 pe015,app01,tsk02 -> in context switching state.
(06) @006014 pe015,app01,tsk02 -> in running state.
(10) @006014 pe015,app01,tsk02 -> continues its execution with pb0.
(11) @006014 pe015,app01,tsk02 -> pb0 completes its processing.
(13) @006014 pe015,app01,tsk02 -> payload of pb0 is ready to be transferred.
(12) @006014 pe015,app01,tsk02 -> completes its pbs and releases the pe.
(01) @006014 pe015,app01,tsk02 -> in waiting rx state.
(05) @006014 pe015,app02,tsk02 -> in context switching state.
(16) @006015 pe015,app01,tsk02 -> payload of pb0 being transferred to WNoC.
(06) @006024 pe015,app02,tsk02 -> in running state.
(10) @006024 pe015,app02,tsk02 -> continues its execution with pb0.
(11) @006024 pe015,app02,tsk02 -> pb0 completes its processing.
(13) @006024 pe015,app02,tsk02 -> payload of pb0 is ready to be transferred.
(12) @006024 pe015,app02,tsk02 -> completes its pbs and releases the pe.
(01) @006024 pe015,app02,tsk02 -> in waiting rx state.
(16) @006025 pe015,app02,tsk02 -> payload of pb0 being transferred to WNoC.
(04) @006050 pe000,app01,tsk01 -> in ready state due to context switching.
(05) @006050 pe000,app02,tsk01 -> in context switching state.
(06) @006060 pe000,app02,tsk01 -> in running state.
(09) @006060 pe000,app02,tsk01 -> starts its execution with pb0.
(20) @006062 pe012,app01,tsk03 -> receives payload of pb0 (task2) from WNoC.
(08) @006062 pe012,app01,tsk03 -> receives all antecedent payloads.
(03) @006062 pe012,app01,tsk03 -> in ready state.
(05) @006062 pe012,app01,tsk03 -> in context switching state.
(30) @006062 app01,tsk02->tsk03,end2end_latency -> flits=20,min=9,avg=9,max=9
(31) @006062 app01,tsk02->tsk03,end2end_hopcount -> flits=20,min=3,avg=3,max=3
(06) @006072 pe012,app01,tsk03 -> in running state.
(09) @006072 pe012,app01,tsk03 -> starts its execution with pb0.
(20) @006102 pe012,app02,tsk03 -> receives payload of pb0 (task2) from WNoC.
(08) @006102 pe012,app02,tsk03 -> receives all antecedent payloads.
(03) @006102 pe012,app02,tsk03 -> in ready state.
(30) @006102 app02,tsk02->tsk03,end2end_latency -> flits=20,min=9,avg=9,max=9
(31) @006102 app02,tsk02->tsk03,end2end_hopcount -> flits=20,min=3,avg=3,max=3
(04) @006160 pe000,app02,tsk01 -> in ready state due to context switching.
(05) @006160 pe000,app01,tsk01 -> in context switching state.
(06) @006170 pe000,app01,tsk01 -> in running state.
(10) @006170 pe000,app01,tsk01 -> continues its execution with pb0.
(04) @006172 pe012,app01,tsk03 -> in ready state due to context switching.
(05) @006172 pe012,app02,tsk03 -> in context switching state.
(06) @006182 pe012,app02,tsk03 -> in running state.
(09) @006182 pe012,app02,tsk03 -> starts its execution with pb0.
(11) @006220 pe000,app01,tsk01 -> pb0 completes its processing.
(13) @006220 pe000,app01,tsk01 -> payload of pb0 is ready to be transferred.
(12) @006220 pe000,app01,tsk01 -> completes its pbs and releases the pe.
(02) @006220 pe000,app01,tsk01 -> in sleeping state.
(05) @006220 pe000,app02,tsk01 -> in context switching state.
(16) @006221 pe000,app01,tsk01 -> payload of pb0 being transferred to WNoC.
(06) @006230 pe000,app02,tsk01 -> in running state.
(10) @006230 pe000,app02,tsk01 -> continues its execution with pb0.
(20) @006264 pe015,app01,tsk02 -> receives payload of pb0 (task1) from WNoC.
(08) @006264 pe015,app01,tsk02 -> receives all antecedent payloads.
(03) @006264 pe015,app01,tsk02 -> in ready state.
(05) @006264 pe015,app01,tsk02 -> in context switching state.
(30) @006264 app01,tsk01->tsk02,end2end_latency -> flits=15,min=15,avg=15,max=15
(31) @006264 app01,tsk01->tsk02,end2end_hopcount -> flits=15,min=6,avg=6,max=6
(06) @006274 pe015,app01,tsk02 -> in running state.
(09) @006274 pe015,app01,tsk02 -> starts its execution with pb0.
(11) @006280 pe000,app02,tsk01 -> pb0 completes its processing.
(13) @006280 pe000,app02,tsk01 -> payload of pb0 is ready to be transferred.
(12) @006280 pe000,app02,tsk01 -> completes its pbs and releases the pe.
(02) @006280 pe000,app02,tsk01 -> in sleeping state.
(16) @006281 pe000,app02,tsk01 -> payload of pb0 being transferred to WNoC.
(04) @006282 pe012,app02,tsk03 -> in ready state due to context switching.
(05) @006282 pe012,app01,tsk03 -> in context switching state.
(06) @006292 pe012,app01,tsk03 -> in running state.
(10) @006292 pe012,app01,tsk03 -> continues its execution with pb0.
(20) @006324 pe015,app02,tsk02 -> receives payload of pb0 (task1) from WNoC.
(08) @006324 pe015,app02,tsk02 -> receives all antecedent payloads.
(03) @006324 pe015,app02,tsk02 -> in ready state.
(30) @006324 app02,tsk01->tsk02,end2end_latency -> flits=15,min=15,avg=15,max=15
(31) @006324 app02,tsk01->tsk02,end2end_hopcount -> flits=15,min=6,avg=6,max=6
(11) @006342 pe012,app01,tsk03 -> pb0 completes its processing.
(32) @006342 app01,exec_finished -> exectime=872
(12) @006342 pe012,app01,tsk03 -> completes its pbs and releases the pe.
(01) @006342 pe012,app01,tsk03 -> in waiting rx state.
(05) @006342 pe012,app02,tsk03 -> in context switching state.
(06) @006352 pe012,app02,tsk03 -> in running state.
(10) @006352 pe012,app02,tsk03 -> continues its execution with pb0.
(04) @006374 pe015,app01,tsk02 -> in ready state due to context switching.
(05) @006374 pe015,app02,tsk02 -> in context switching state.
(06) @006384 pe015,app02,tsk02 -> in running state.
(09) @006384 pe015,app02,tsk02 -> starts its execution with pb0.
(11) @006402 pe012,app02,tsk03 -> pb0 completes its processing.
(32) @006402 app02,exec_finished -> exectime=822
(12) @006402 pe012,app02,tsk03 -> completes its pbs and releases the pe.
(01) @006402 pe012,app02,tsk03 -> in waiting rx state.
(03) @006420 pe000,app01,tsk01 -> in ready state.
(05) @006420 pe000,app01,tsk01 -> in context switching state.
(06) @006430 pe000,app01,tsk01 -> in running state.
(09) @006430 pe000,app01,tsk01 -> starts its execution with pb0.
(03) @006480 pe000,app02,tsk01 -> in ready state.
(04) @006484 pe015,app02,tsk02 -> in ready state due to context switching.
(05) @006484 pe015,app01,tsk02 -> in context switching state.
(06) @006494 pe015,app01,tsk02 -> in running state.
(10) @006494 pe015,app01,tsk02 -> continues its execution with pb0.
(11) @006494 pe015,app01,tsk02 -> pb0 completes its processing.
(13) @006494 pe015,app01,tsk02 -> payload of pb0 is ready to be transferred.
(12) @006494 pe015,app01,tsk02 -> completes its pbs and releases the pe.
(01) @006494 pe015,app01,tsk02 -> in waiting rx state.
(05) @006494 pe015,app02,tsk02 -> in context switching state.
(16) @006495 pe015,app01,tsk02 -> payload of pb0 being transferred to WNoC.
(06) @006504 pe015,app02,tsk02 -> in running state.
(10) @006504 pe015,app02,tsk02 -> continues its execution with pb0.
(11) @006504 pe015,app02,tsk02 -> pb0 completes its processing.
(13) @006504 pe015,app02,tsk02 -> payload of pb0 is ready to be transferred.
(12) @006504 pe015,app02,tsk02 -> completes its pbs and releases the pe.
(01) @006504 pe015,app02,tsk02 -> in waiting rx state.
(16) @006505 pe015,app02,tsk02 -> payload of pb0 being transferred to WNoC.
(04) @006530 pe000,app01,tsk01 -> in ready state due to context switching.
(05) @006530 pe000,app02,tsk01 -> in context switching state.
(06) @006540 pe000,app02,tsk01 -> in running state.
(09) @006540 pe000,app02,tsk01 -> starts its execution with pb0.
(20) @006542 pe012,app01,tsk03 -> receives payload of pb0 (task2) from WNoC.
(08) @006542 pe012,app01,tsk03 -> receives all antecedent payloads.
(03) @006542 pe012,app01,tsk03 -> in ready state.
(05) @006542 pe012,app01,tsk03 -> in context switching state.
(30) @006542 app01,tsk02->tsk03,end2end_latency -> flits=20,min=9,avg=9,max=9
(31) @006542 app01,tsk02->tsk03,end2end_hopcount -> flits=20,min=3,avg=3,max=3
(06) @006552 pe012,app01,tsk03 -> in running state.
(09) @006552 pe012,app01,tsk03 -> starts its execution with pb0.
(20) @006582 pe012,app02,tsk03 -> receives payload of pb0 (task2) from WNoC.
(08) @006582 pe012,app02,tsk03 -> receives all antecedent payloads.
(03) @006582 pe012,app02,tsk03 -> in ready state.
(30) @006582 app02,tsk02->tsk03,end2end_latency -> flits=20,min=9,avg=9,max=9
(31) @006582 app02,tsk02->tsk03,end2end_hopcount -> flits=20,min=3,avg=3,max=3
(04) @006640 pe000,app02,tsk01 -> in ready state due to context switching.
(05) @006640 pe000,app01,tsk01 -> in context switching state.
(06) @006650 pe000,app01,tsk01 -> in running state.
(10) @006650 pe000,app01,tsk01 -> continues its execution with pb0.
(04) @006652 pe012,app01,tsk03 -> in ready state due to context switching.
(05) @006652 pe012,app02,tsk03 -> in context switching state.
(06) @006662 pe012,app02,tsk03 -> in running state.
(09) @006662 pe012,app02,tsk03 -> starts its execution with pb0.
(11) @006700 pe000,app01,tsk01 -> pb0 completes its processing.
(13) @006700 pe000,app01,tsk01 -> payload of pb0 is ready to be transferred.
(12) @006700 pe000,app01,tsk01 -> completes its pbs and releases the pe.
(02) @006700 pe000,app01,tsk01 -> in sleeping state.
(05) @006700 pe000,app02,tsk01 -> in context switching state.
(16) @006701 pe000,app01,tsk01 -> payload of pb0 being transferred to WNoC.
(06) @006710 pe000,app02,tsk01 -> in running state.
(10) @006710 pe000,app02,tsk01 -> continues its execution with pb0.
(20) @006744 pe015,app01,tsk02 -> receives payload of pb0 (task1) from WNoC.
(08) @006744 pe015,app01,tsk02 -> receives all antecedent payloads.
(03) @006744 pe015,app01,tsk02 -> in ready state.
(05) @006744 pe015,app01,tsk02 -> in context switching state.
(30) @006744 app01,tsk01->tsk02,end2end_latency -> flits=15,min=15,avg=15,max=15
(31) @006744 app01,tsk01->tsk02,end2end_hopcount -> flits=15,min=6,avg=6,max=6
(06) @006754 pe015,app01,tsk02 -> in running state.
(09) @006754 pe015,app01,tsk02 -> starts its execution with pb0.
(11) @006760 pe000,app02,tsk01 -> pb0 completes its processing.
(13) @006760 pe000,app02,tsk01 -> payload of pb0 is ready to be transferred.
(12) @006760 pe000,app02,tsk01 -> completes its pbs and releases the pe.
(02) @006760 pe000,app02,tsk01 -> in sleeping state.
(16) @006761 pe000,app02,tsk01 -> payload of pb0 being transferred to WNoC.
(04) @006762 pe012,app02,tsk03 -> in ready state due to context switching.
(05) @006762 pe012,app01,tsk03 -> in context switching state.
(06) @006772 pe012,app01,tsk03 -> in running state.
(10) @006772 pe012,app01,tsk03 -> continues its execution with pb0.
(20) @006804 pe015,app02,tsk02 -> receives payload of pb0 (task1) from WNoC.
(08) @006804 pe015,app02,tsk02 -> receives all antecedent payloads.
(03) @006804 pe015,app02,tsk02 -> in ready state.
(30) @006804 app02,tsk01->tsk02,end2end_latency -> flits=15,min=15,avg=15,max=15
(31) @006804 app02,tsk01->tsk02,end2end_hopcount -> flits=15,min=6,avg=6,max=6
(11) @006822 pe012,app01,tsk03 -> pb0 completes its processing.
(32) @006822 app01,exec_finished -> exectime=872
(12) @006822 pe012,app01,tsk03 -> completes its pbs and releases the pe.
(01) @006822 pe012,app01,tsk03 -> in waiting rx state.
(05) @006822 pe012,app02,tsk03 -> in context switching state.
(06) @006832 pe012,app02,tsk03 -> in running state.
(10) @006832 pe012,app02,tsk03 -> continues its execution with pb0.
(04) @006854 pe015,app01,tsk02 -> in ready state due to context switching.
(05) @006854 pe015,app02,tsk02 -> in context switching state.
(06) @006864 pe015,app02,tsk02 -> in running state.
(09) @006864 pe015,app02,tsk02 -> starts its execution with pb0.
(11) @006882 pe012,app02,tsk03 -> pb0 completes its processing.
(32) @006882 app02,exec_finished -> exectime=822
(12) @006882 pe012,app02,tsk03 -> completes its pbs and releases the pe.
(01) @006882 pe012,app02,tsk03 -> in waiting rx state.
(03) @006900 pe000,app01,tsk01 -> in ready state.
(05) @006900 pe000,app01,tsk01 -> in context switching state.
(06) @006910 pe000,app01,tsk01 -> in running state.
(09) @006910 pe000,app01,tsk01 -> starts its execution with pb0.
(03) @006960 pe000,app02,tsk01 -> in ready state.
(04) @006964 pe015,app02,tsk02 -> in ready state due to context switching.
(05) @006964 pe015,app01,tsk02 -> in context switching state.
(06) @006974 pe015,app01,tsk02 -> in running state.
(10) @006974 pe015,app01,tsk02 -> continues its execution with pb0.
(11) @006974 pe015,app01,tsk02 -> pb0 completes its processing.
(13) @006974 pe015,app01,tsk02 -> payload of pb0 is ready to be transferred.
(12) @006974 pe015,app01,tsk02 -> completes its pbs and releases the pe.
(01) @006974 pe015,app01,tsk02 -> in waiting rx state.
(05) @006974 pe015,app02,tsk02 -> in context switching state.
(16) @006975 pe015,app01,tsk02 -> payload of pb0 being transferred to WNoC.
(06) @006984 pe015,app02,tsk02 -> in running state.
(10) @006984 pe015,app02,tsk02 -> continues its execution with pb0.
(11) @006984 pe015,app02,tsk02 -> pb0 completes its processing.
(13) @006984 pe015,app02,tsk02 -> payload of pb0 is ready to be transferred.
(12) @006984 pe015,app02,tsk02 -> completes its pbs and releases the pe.
(01) @006984 pe015,app02,tsk02 -> in waiting rx state.
(16) @006985 pe015,app02,tsk02 -> payload of pb0 being transferred to WNoC.
(07) @007000 pe000,app01,tsk01 -> stops and is unmapped at @7000 (expected at @7000).
(05) @007000 pe000,app02,tsk01 -> in context switching state.
(33) @007000 pe000,acum_cycles_performed -> contextswitching=520,taskexecution=4658,pe_idle=732
(07) @007000 pe012,app01,tsk03 -> stops and is unmapped at @7000 (root stopped at @7000).
(33) @007000 pe012,acum_cycles_performed -> contextswitching=90,taskexecution=750,pe_idle=952
(07) @007000 pe015,app01,tsk02 -> stops and is unmapped at @7000 (root stopped at @7000).
(33) @007000 pe015,acum_cycles_performed -> contextswitching=130,taskexecution=700,pe_idle=1064
(06) @007010 pe000,app02,tsk01 -> in running state.
(09) @007010 pe000,app02,tsk01 -> starts its execution with pb0.
(21) @007022 pe012,app01,tsk03 -> Destination task already stopped. Payload ignored!
(20) @007062 pe012,app02,tsk03 -> receives payload of pb0 (task2) from WNoC.
(08) @007062 pe012,app02,tsk03 -> receives all antecedent payloads.
(03) @007062 pe012,app02,tsk03 -> in ready state.
(05) @007062 pe012,app02,tsk03 -> in context switching state.
(30) @007062 app02,tsk02->tsk03,end2end_latency -> flits=20,min=9,avg=9,max=9
(31) @007062 app02,tsk02->tsk03,end2end_hopcount -> flits=20,min=3,avg=3,max=3
(06) @007072 pe012,app02,tsk03 -> in running state.
(09) @007072 pe012,app02,tsk03 -> starts its execution with pb0.
(11) @007160 pe000,app02,tsk01 -> pb0 completes its processing.
(13) @007160 pe000,app02,tsk01 -> payload of pb0 is ready to be transferred.
(12) @007160 pe000,app02,tsk01 -> completes its pbs and releases the pe.
(02) @007160 pe000,app02,tsk01 -> in sleeping state.
(16) @007161 pe000,app02,tsk01 -> payload of pb0 being transferred to WNoC.
(20) @007204 pe015,app02,tsk02 -> receives payload of pb0 (task1) from WNoC.
(08) @007204 pe015,app02,tsk02 -> receives all antecedent payloads.
(03) @007204 pe015,app02,tsk02 -> in ready state.
(05) @007204 pe015,app02,tsk02 -> in context switching state.
(30) @007204 app02,tsk01->tsk02,end2end_latency -> flits=15,min=15,avg=15,max=15
(31) @007204 app02,tsk01->tsk02,end2end_hopcount -> flits=15,min=6,avg=6,max=6
(06) @007214 pe015,app02,tsk02 -> in running state.
(09) @007214 pe015,app02,tsk02 -> starts its execution with pb0.
(11) @007222 pe012,app02,tsk03 -> pb0 completes its processing.
(32) @007222 app02,exec_finished -> exectime=682
(12) @007222 pe012,app02,tsk03 -> completes its pbs and releases the pe.
(01) @007222 pe012,app02,tsk03 -> in waiting rx state.
(11) @007314 pe015,app02,tsk02 -> pb0 completes its processing.
(13) @007314 pe015,app02,tsk02 -> payload of pb0 is ready to be transferred.
(12) @007314 pe015,app02,tsk02 -> completes its pbs and releases the pe.
(01) @007314 pe015,app02,tsk02 -> in waiting rx state.
(16) @007315 pe015,app02,tsk02 -> payload of pb0 being transferred to WNoC.
(03) @007360 pe000,app02,tsk01 -> in ready state.
(05) @007360 pe000,app02,tsk01 -> in context switching state.
(20) @007362 pe012,app02,tsk03 -> receives payload of pb0 (task2) from WNoC.
(08) @007362 pe012,app02,tsk03 -> receives all antecedent payloads.
(03) @007362 pe012,app02,tsk03 -> in ready state.
(05) @007362 pe012,app02,tsk03 -> in context switching state.
(30) @007362 app02,tsk02->tsk03,end2end_latency -> flits=20,min=9,avg=9,max=9
(31) @007362 app02,tsk02->tsk03,end2end_hopcount -> flits=20,min=3,avg=3,max=3
(06) @007370 pe000,app02,tsk01 -> in running state.
(09) @007370 pe000,app02,tsk01 -> starts its execution with pb0.
(06) @007372 pe012,app02,tsk03 -> in running state.
(09) @007372 pe012,app02,tsk03 -> starts its execution with pb0.
(07) @007400 pe000,app02,tsk01 -> stops and is unmapped at @7400 (expected at @7400).
(33) @007400 pe000,acum_cycles_performed -> contextswitching=540,taskexecution=4838,pe_idle=932
(07) @007400 pe012,app02,tsk03 -> stops and is unmapped at @7400 (root stopped at @7400).
(33) @007400 pe012,acum_cycles_performed -> contextswitching=110,taskexecution=928,pe_idle=1272
(07) @007400 pe015,app02,tsk02 -> stops and is unmapped at @7400 (root stopped at @7400).
(33) @007400 pe015,acum_cycles_performed -> contextswitching=140,taskexecution=800,pe_idle=1370

***********************
Task Mapping Statistics
***********************

*** App1 - Mapping0 ***
Execution Time (CPU + Comm.) (executions,min,avg,max)=2,542,896,1250 (cycles)
Communication Time per Branch (payloads,min,avg,max)
  br0: 1-2=0,0,0,0 -> 2-3=0,0,0,0 -->> T(min,avg,max)=0,0,0 (cycles)
Communication Time Critical Branch (min,avg,max)=0,0,0 (cycles)
FLITs Transmitted to Same PE=85
FLITs Ignored due to Application Unmapping=0
FLIT End2End Latency (flits,min,avg,max)=0,0,0,0 (cycles)
FLIT End2End HopCount (flits,min,avg,max)=0,0,0,0
FLIT Communication Cost (flits x average hopcount)=0

*** App1 - Mapping1 ***
Execution Time (CPU + Comm.) (executions,min,avg,max)=4,498,537,656 (cycles)
Communication Time per Branch (payloads,min,avg,max)
  br0: 1-2=5,33,33,33 -> 2-3=4,43,43,43 -->> T(min,avg,max)=76,76,76 (cycles)
Communication Time Critical Branch (min,avg,max)=76,76,76 (cycles)
FLITs Transmitted to Same PE=0
FLITs Ignored due to Application Unmapping=0
FLIT End2End Latency (flits,min,avg,max)=155,5,5,5 (cycles)
FLIT End2End HopCount (flits,min,avg,max)=155,1,1,1
FLIT Communication Cost (flits x average hopcount)=155

*** App1 - Mapping2 ***
Execution Time (CPU + Comm.) (executions,min,avg,max)=3,534,759,872 (cycles)
Communication Time per Branch (payloads,min,avg,max)
  br0: 1-2=4,43,48,65 -> 2-3=3,47,47,47 -->> T(min,avg,max)=90,95,112 (cycles)
Communication Time Critical Branch (min,avg,max)=90,95,112 (cycles)
FLITs Transmitted to Same PE=0
FLITs Ignored due to Application Unmapping=20
FLIT End2End Latency (flits,min,avg,max)=120,9,14.4167,37 (cycles)
FLIT End2End HopCount (flits,min,avg,max)=120,3,4.5,6
FLIT Communication Cost (flits x average hopcount)=540

*** App2 - Mapping0 ***
Execution Time (CPU + Comm.) (executions,min,avg,max)=1,1360,1360,1360 (cycles)
Communication Time per Branch (payloads,min,avg,max)
  br0: 1-2=0,0,0,0 -> 2-3=0,0,0,0 -->> T(min,avg,max)=0,0,0 (cycles)
Communication Time Critical Branch (min,avg,max)=0,0,0 (cycles)
FLITs Transmitted to Same PE=85
FLITs Ignored due to Application Unmapping=0
FLIT End2End Latency (flits,min,avg,max)=0,0,0,0 (cycles)
FLIT End2End HopCount (flits,min,avg,max)=0,0,0,0
FLIT Communication Cost (flits x average hopcount)=0

*** App2 - Mapping1 ***
Execution Time (CPU + Comm.) (executions,min,avg,max)=4,498,498,498 (cycles)
Communication Time per Branch (payloads,min,avg,max)
  br0: 1-2=5,33,33,33 -> 2-3=5,43,43,43 -->> T(min,avg,max)=76,76,76 (cycles)
Communication Time Critical Branch (min,avg,max)=76,76,76 (cycles)
FLITs Transmitted to Same PE=0
FLITs Ignored due to Application Unmapping=0
FLIT End2End Latency (flits,min,avg,max)=175,5,5,5 (cycles)
FLIT End2End HopCount (flits,min,avg,max)=175,1,1,1
FLIT Communication Cost (flits x average hopcount)=175

*** App2 - Mapping2 ***
Execution Time (CPU + Comm.) (executions,min,avg,max)=3,682,775,822 (cycles)
Communication Time per Branch (payloads,min,avg,max)
  br0: 1-2=4,43,43,43 -> 2-3=4,47,47,47 -->> T(min,avg,max)=90,90,90 (cycles)
Communication Time Critical Branch (min,avg,max)=90,90,90 (cycles)
FLITs Transmitted to Same PE=0
FLITs Ignored due to Application Unmapping=0
FLIT End2End Latency (flits,min,avg,max)=140,9,11.5714,15 (cycles)
FLIT End2End HopCount (flits,min,avg,max)=140,3,4.28571,6
FLIT Communication Cost (flits x average hopcount)=600

*** App overall ***
Execution Time (CPU + Comm.) (executions,min,avg,max)=17,498,699,1360 (cycles)
Communication Time Critical Branch (min,avg,max)=76,83,112 (cycles)
FLITs Transmitted to Same PE=170
FLITs Ignored due to Application Unmapping=20
FLIT End2End Latency (flits,min,avg,max)=590,5,8.47458,37 (cycles)
FLIT End2End HopCount (flits,min,avg,max)=590,1,2.49153,6
FLIT Communication Cost (flits x average hopcount)=1470


*** pe: 0 ***
Total Context Switching Cycles=540
Total Task Execution Cycles=4838
Total PE Idle Cycles=932
Total Mapped Task Cycles=6310
Total Mapped Task Cycles (expected)=6310
Total Energy (J)=0.00240417
      Context Switching Energy (J)=0.00024138
      Task Execution Energy (J)=0.00216259
      Idle Energy (J)=2.03176e-07

*** pe: 1 ***
Total Context Switching Cycles=100
Total Task Execution Cycles=956
Total PE Idle Cycles=1254
Total Mapped Task Cycles=2310
Total Mapped Task Cycles (expected)=2310
Total Energy (J)=0.000472305
      Context Switching Energy (J)=4.47e-05
      Task Execution Energy (J)=0.000427332
      Idle Energy (J)=2.73372e-07

*** pe: 2 ***
Total Context Switching Cycles=90
Total Task Execution Cycles=1302
Total PE Idle Cycles=918
Total Mapped Task Cycles=2310
Total Mapped Task Cycles (expected)=2310
Total Energy (J)=0.000622424
      Context Switching Energy (J)=4.023e-05
      Task Execution Energy (J)=0.000581994
      Idle Energy (J)=2.00124e-07

*** pe: 12 ***
Total Context Switching Cycles=110
Total Task Execution Cycles=928
Total PE Idle Cycles=1272
Total Mapped Task Cycles=2310
Total Mapped Task Cycles (expected)=2310
Total Energy (J)=0.000464263
      Context Switching Energy (J)=4.917e-05
      Task Execution Energy (J)=0.000414816
      Idle Energy (J)=2.77296e-07

*** pe: 15 ***
Total Context Switching Cycles=140
Total Task Execution Cycles=800
Total PE Idle Cycles=1370
Total Mapped Task Cycles=2310
Total Mapped Task Cycles (expected)=2310
Total Energy (J)=0.000420479
      Context Switching Energy (J)=6.258e-05
      Task Execution Energy (J)=0.0003576
      Idle Energy (J)=2.9866e-07

*** pe overall ***
Total Context Switching Cycles=980
Total Task Execution Cycles=8824
Total PE Idle Cycles=5746
Total Mapped Task Cycles=15550
Total Energy (J)=0.00438364
      Context Switching Energy (J)=0.00043806
      Task Execution Energy (J)=0.00394433
      Idle Energy (J)=1.25263e-06


***************
WNoC Statistics
***************

% Total received packets: 35
% Total received flits: 610
% Received/Ideal flits Ratio: 0.000423611
% Average wireless utilization: 0
% Global average delay (cycles): 7.82857
% Max delay (cycles): 36
% Network throughput (flits/cycle): 0.0677778
% Average IP throughput (flits/cycle/IP): 0.00423611
% Total energy (J): 3.49095e-06
% 	Dynamic energy (J): 1.29663e-08
% 	Static energy (J): 3.47798e-06

